ARM GAS  C:\Users\Roland\AppData\Local\Temp\cctjFjZs.s 			page 1


   1              		.cpu cortex-m0
   2              		.eabi_attribute 20, 1
   3              		.eabi_attribute 21, 1
   4              		.eabi_attribute 23, 3
   5              		.eabi_attribute 24, 1
   6              		.eabi_attribute 25, 1
   7              		.eabi_attribute 26, 1
   8              		.eabi_attribute 30, 6
   9              		.eabi_attribute 34, 0
  10              		.eabi_attribute 18, 4
  11              		.file	"system_LPC11xx.c"
  12              		.text
  13              	.Ltext0:
  14              		.cfi_sections	.debug_frame
  15              		.global	ClockSource
  16              		.data
  17              		.align	2
  18              		.type	ClockSource, %object
  19              		.size	ClockSource, 4
  20              	ClockSource:
  21 0000 001BB700 		.word	12000000
  22              		.global	SystemFrequency
  23              		.align	2
  24              		.type	SystemFrequency, %object
  25              		.size	SystemFrequency, 4
  26              	SystemFrequency:
  27 0004 001BB700 		.word	12000000
  28              		.global	SystemAHBFrequency
  29              		.align	2
  30              		.type	SystemAHBFrequency, %object
  31              		.size	SystemAHBFrequency, 4
  32              	SystemAHBFrequency:
  33 0008 001BB700 		.word	12000000
  34              		.text
  35              		.align	1
  36              		.global	Main_PLL_Setup
  37              		.syntax unified
  38              		.code	16
  39              		.thumb_func
  40              		.fpu softvfp
  41              		.type	Main_PLL_Setup, %function
  42              	Main_PLL_Setup:
  43              	.LFB42:
  44              		.file 1 "Startup/system_LPC11xx.c"
   1:Startup/system_LPC11xx.c **** /******************************************************************************
   2:Startup/system_LPC11xx.c ****  * @file:    system_LPC11xx.c
   3:Startup/system_LPC11xx.c ****  * @purpose: CMSIS Cortex-M0 Device Peripheral Access Layer Source File
   4:Startup/system_LPC11xx.c ****  *           for the NXP LPC11xx Device Series 
   5:Startup/system_LPC11xx.c ****  * @version: V1.0
   6:Startup/system_LPC11xx.c ****  * @date:    26. Nov. 2008
   7:Startup/system_LPC11xx.c ****  *----------------------------------------------------------------------------
   8:Startup/system_LPC11xx.c ****  *
   9:Startup/system_LPC11xx.c ****  * Copyright (C) 2008 ARM Limited. All rights reserved.
  10:Startup/system_LPC11xx.c ****  *
  11:Startup/system_LPC11xx.c ****  * ARM Limited (ARM) is supplying this software for use with Cortex-M3 
  12:Startup/system_LPC11xx.c ****  * processor based microcontrollers.  This file can be freely distributed 
  13:Startup/system_LPC11xx.c ****  * within development tools that are supporting such ARM based processors. 
ARM GAS  C:\Users\Roland\AppData\Local\Temp\cctjFjZs.s 			page 2


  14:Startup/system_LPC11xx.c ****  *
  15:Startup/system_LPC11xx.c ****  * THIS SOFTWARE IS PROVIDED "AS IS".  NO WARRANTIES, WHETHER EXPRESS, IMPLIED
  16:Startup/system_LPC11xx.c ****  * OR STATUTORY, INCLUDING, BUT NOT LIMITED TO, IMPLIED WARRANTIES OF
  17:Startup/system_LPC11xx.c ****  * MERCHANTABILITY AND FITNESS FOR A PARTICULAR PURPOSE APPLY TO THIS SOFTWARE.
  18:Startup/system_LPC11xx.c ****  * ARM SHALL NOT, IN ANY CIRCUMSTANCES, BE LIABLE FOR SPECIAL, INCIDENTAL, OR
  19:Startup/system_LPC11xx.c ****  * CONSEQUENTIAL DAMAGES, FOR ANY REASON WHATSOEVER.
  20:Startup/system_LPC11xx.c ****  *
  21:Startup/system_LPC11xx.c ****  ******************************************************************************/
  22:Startup/system_LPC11xx.c **** #include <stdint.h>
  23:Startup/system_LPC11xx.c **** #include "LPC11xx.h"
  24:Startup/system_LPC11xx.c **** 
  25:Startup/system_LPC11xx.c **** /*
  26:Startup/system_LPC11xx.c **** //-------- <<< Use Configuration Wizard in Context Menu >>> ------------------
  27:Startup/system_LPC11xx.c **** */
  28:Startup/system_LPC11xx.c **** 
  29:Startup/system_LPC11xx.c **** /*--------------------- Clock Configuration ----------------------------------
  30:Startup/system_LPC11xx.c **** //
  31:Startup/system_LPC11xx.c **** // <e> Clock Configuration
  32:Startup/system_LPC11xx.c **** //   <h> System Controls and Status Register (SCS)
  33:Startup/system_LPC11xx.c **** //     <o1.4>    OSCRANGE: Main Oscillator Range Select
  34:Startup/system_LPC11xx.c **** //                     <0=>  1 MHz to 20 MHz
  35:Startup/system_LPC11xx.c **** //                     <1=> 15 MHz to 24 MHz
  36:Startup/system_LPC11xx.c **** //     <e1.5>       OSCEN: Main Oscillator Enable
  37:Startup/system_LPC11xx.c **** //     </e>
  38:Startup/system_LPC11xx.c **** //   </h>
  39:Startup/system_LPC11xx.c **** //
  40:Startup/system_LPC11xx.c **** //   <h> Clock Source Select Register (CLKSRCSEL)
  41:Startup/system_LPC11xx.c **** //     <o2.0..1>   CLKSRC: PLL Clock Source Selection
  42:Startup/system_LPC11xx.c **** //                     <0=> Internal RC oscillator
  43:Startup/system_LPC11xx.c **** //                     <1=> Main oscillator
  44:Startup/system_LPC11xx.c **** //                     <2=> RTC oscillator
  45:Startup/system_LPC11xx.c **** //   </h>
  46:Startup/system_LPC11xx.c **** //
  47:Startup/system_LPC11xx.c **** //   <e3> PLL0 Configuration (Main PLL)
  48:Startup/system_LPC11xx.c **** //     <h> PLL0 Configuration Register (PLL0CFG)
  49:Startup/system_LPC11xx.c **** //                     <i> F_cco0 = (2 * M * F_in) / N
  50:Startup/system_LPC11xx.c **** //                     <i> F_in must be in the range of 32 kHz to 50 MHz
  51:Startup/system_LPC11xx.c **** //                     <i> F_cco0 must be in the range of 275 MHz to 550 MHz
  52:Startup/system_LPC11xx.c **** //       <o4.0..14>  MSEL: PLL Multiplier Selection
  53:Startup/system_LPC11xx.c **** //                     <6-32768><#-1>
  54:Startup/system_LPC11xx.c **** //                     <i> M Value
  55:Startup/system_LPC11xx.c **** //       <o4.16..23> NSEL: PLL Divider Selection
  56:Startup/system_LPC11xx.c **** //                     <1-256><#-1>
  57:Startup/system_LPC11xx.c **** //                     <i> N Value
  58:Startup/system_LPC11xx.c **** //     </h>
  59:Startup/system_LPC11xx.c **** //   </e>
  60:Startup/system_LPC11xx.c **** //
  61:Startup/system_LPC11xx.c **** //
  62:Startup/system_LPC11xx.c **** //   <h> CPU Clock Configuration Register (CCLKCFG)
  63:Startup/system_LPC11xx.c **** //     <o7.0..7>  CCLKSEL: Divide Value for CPU Clock from PLL0
  64:Startup/system_LPC11xx.c **** //                     <0-255>
  65:Startup/system_LPC11xx.c **** //                     <i> Divide is CCLKSEL + 1. Only 0 and odd values are valid.
  66:Startup/system_LPC11xx.c **** //   </h>
  67:Startup/system_LPC11xx.c **** //
  68:Startup/system_LPC11xx.c **** //
  69:Startup/system_LPC11xx.c **** // </e>
  70:Startup/system_LPC11xx.c **** */
ARM GAS  C:\Users\Roland\AppData\Local\Temp\cctjFjZs.s 			page 3


  71:Startup/system_LPC11xx.c **** #define CLOCK_SETUP           1
  72:Startup/system_LPC11xx.c **** 
  73:Startup/system_LPC11xx.c **** #define MAIN_PLL_SETUP        1
  74:Startup/system_LPC11xx.c **** #define MAIN_CLKSRCSEL_Val    0x00000000
  75:Startup/system_LPC11xx.c **** #define MAIN_PLL_M_Val        0x00000003
  76:Startup/system_LPC11xx.c **** #define MAIN_PLL_P_Val        0x00000001
  77:Startup/system_LPC11xx.c **** #define SYS_AHB_DIV_Val       1			/* 1 through 255, typical is 1 or 2 or 4 */
  78:Startup/system_LPC11xx.c **** 
  79:Startup/system_LPC11xx.c **** /*
  80:Startup/system_LPC11xx.c **** //-------- <<< end of configuration section >>> ------------------------------
  81:Startup/system_LPC11xx.c **** */
  82:Startup/system_LPC11xx.c **** 
  83:Startup/system_LPC11xx.c **** /*----------------------------------------------------------------------------
  84:Startup/system_LPC11xx.c ****   DEFINES
  85:Startup/system_LPC11xx.c ****  *----------------------------------------------------------------------------*/
  86:Startup/system_LPC11xx.c ****     
  87:Startup/system_LPC11xx.c **** /*----------------------------------------------------------------------------
  88:Startup/system_LPC11xx.c ****   Define clocks
  89:Startup/system_LPC11xx.c ****  *----------------------------------------------------------------------------*/
  90:Startup/system_LPC11xx.c **** #define XTAL        (12000000UL)        /* Oscillator frequency               */
  91:Startup/system_LPC11xx.c **** #define OSC_CLK     (      XTAL)        /* Main oscillator frequency          */
  92:Startup/system_LPC11xx.c **** #define IRC_OSC     (12000000UL)        /* Internal RC oscillator frequency   */
  93:Startup/system_LPC11xx.c **** #define WDT_OSC     (  250000UL)        /* WDT oscillator frequency           */
  94:Startup/system_LPC11xx.c **** 
  95:Startup/system_LPC11xx.c **** /*----------------------------------------------------------------------------
  96:Startup/system_LPC11xx.c ****   Clock Variable definitions
  97:Startup/system_LPC11xx.c ****  *----------------------------------------------------------------------------*/
  98:Startup/system_LPC11xx.c **** uint32_t ClockSource = IRC_OSC;
  99:Startup/system_LPC11xx.c **** uint32_t SystemFrequency = IRC_OSC; /*!< System Clock Frequency (Core Clock)  */
 100:Startup/system_LPC11xx.c **** uint32_t SystemAHBFrequency = IRC_OSC;
 101:Startup/system_LPC11xx.c **** 
 102:Startup/system_LPC11xx.c **** /**
 103:Startup/system_LPC11xx.c ****  * Misc. clock generation modules
 104:Startup/system_LPC11xx.c ****  *
 105:Startup/system_LPC11xx.c ****  * @param  none
 106:Startup/system_LPC11xx.c ****  * @return none
 107:Startup/system_LPC11xx.c ****  *
 108:Startup/system_LPC11xx.c ****  * @brief  Setup the microcontroller system.
 109:Startup/system_LPC11xx.c ****  *         Initialize the System and update the SystemFrequency variable.
 110:Startup/system_LPC11xx.c ****  */
 111:Startup/system_LPC11xx.c **** void Main_PLL_Setup ( void )
 112:Startup/system_LPC11xx.c **** {
  45              		.loc 1 112 0
  46              		.cfi_startproc
  47              		@ args = 0, pretend = 0, frame = 8
  48              		@ frame_needed = 1, uses_anonymous_args = 0
  49 0000 80B5     		push	{r7, lr}
  50              	.LCFI0:
  51              		.cfi_def_cfa_offset 8
  52              		.cfi_offset 7, -8
  53              		.cfi_offset 14, -4
  54 0002 82B0     		sub	sp, sp, #8
  55              	.LCFI1:
  56              		.cfi_def_cfa_offset 16
  57 0004 00AF     		add	r7, sp, #0
  58              	.LCFI2:
  59              		.cfi_def_cfa_register 7
ARM GAS  C:\Users\Roland\AppData\Local\Temp\cctjFjZs.s 			page 4


 113:Startup/system_LPC11xx.c ****   uint32_t regVal;
 114:Startup/system_LPC11xx.c **** 
 115:Startup/system_LPC11xx.c ****   ClockSource = OSC_CLK;
  60              		.loc 1 115 0
  61 0006 2A4B     		ldr	r3, .L6
  62 0008 2A4A     		ldr	r2, .L6+4
  63 000a 1A60     		str	r2, [r3]
 116:Startup/system_LPC11xx.c ****   LPC_SYSCON->SYSPLLCLKSEL = MAIN_CLKSRCSEL_Val;   /* Select system OSC */
  64              		.loc 1 116 0
  65 000c 2A4B     		ldr	r3, .L6+8
  66 000e 0022     		movs	r2, #0
  67 0010 1A64     		str	r2, [r3, #64]
 117:Startup/system_LPC11xx.c ****   LPC_SYSCON->SYSPLLCLKUEN = 0x01;                 /* Update clock source */
  68              		.loc 1 117 0
  69 0012 294B     		ldr	r3, .L6+8
  70 0014 0122     		movs	r2, #1
  71 0016 5A64     		str	r2, [r3, #68]
 118:Startup/system_LPC11xx.c ****   LPC_SYSCON->SYSPLLCLKUEN = 0x00;                 /* toggle Update register once */
  72              		.loc 1 118 0
  73 0018 274B     		ldr	r3, .L6+8
  74 001a 0022     		movs	r2, #0
  75 001c 5A64     		str	r2, [r3, #68]
 119:Startup/system_LPC11xx.c ****   LPC_SYSCON->SYSPLLCLKUEN = 0x01;
  76              		.loc 1 119 0
  77 001e 264B     		ldr	r3, .L6+8
  78 0020 0122     		movs	r2, #1
  79 0022 5A64     		str	r2, [r3, #68]
 120:Startup/system_LPC11xx.c ****   while ( !(LPC_SYSCON->SYSPLLCLKUEN & 0x01) ); /* Wait until updated */
  80              		.loc 1 120 0
  81 0024 C046     		nop
  82              	.L2:
  83              		.loc 1 120 0 is_stmt 0 discriminator 1
  84 0026 244B     		ldr	r3, .L6+8
  85 0028 5B6C     		ldr	r3, [r3, #68]
  86 002a 0122     		movs	r2, #1
  87 002c 1340     		ands	r3, r2
  88 002e FAD0     		beq	.L2
 121:Startup/system_LPC11xx.c **** 
 122:Startup/system_LPC11xx.c ****   regVal = LPC_SYSCON->SYSPLLCTRL;
  89              		.loc 1 122 0 is_stmt 1
  90 0030 214B     		ldr	r3, .L6+8
  91 0032 9B68     		ldr	r3, [r3, #8]
  92 0034 7B60     		str	r3, [r7, #4]
 123:Startup/system_LPC11xx.c ****   regVal &= ~0x1FF;
  93              		.loc 1 123 0
  94 0036 7B68     		ldr	r3, [r7, #4]
  95 0038 5B0A     		lsrs	r3, r3, #9
  96 003a 5B02     		lsls	r3, r3, #9
  97 003c 7B60     		str	r3, [r7, #4]
 124:Startup/system_LPC11xx.c ****   LPC_SYSCON->SYSPLLCTRL = (regVal | (MAIN_PLL_P_Val<<5) | MAIN_PLL_M_Val);
  98              		.loc 1 124 0
  99 003e 1E4B     		ldr	r3, .L6+8
 100 0040 7A68     		ldr	r2, [r7, #4]
 101 0042 2321     		movs	r1, #35
 102 0044 0A43     		orrs	r2, r1
 103 0046 9A60     		str	r2, [r3, #8]
 125:Startup/system_LPC11xx.c ****   
ARM GAS  C:\Users\Roland\AppData\Local\Temp\cctjFjZs.s 			page 5


 126:Startup/system_LPC11xx.c ****   /* Enable main system PLL, main system PLL bit 7 in PDRUNCFG. */
 127:Startup/system_LPC11xx.c ****   LPC_SYSCON->PDRUNCFG &= ~(0x1<<7);
 104              		.loc 1 127 0
 105 0048 1B4A     		ldr	r2, .L6+8
 106 004a 8E23     		movs	r3, #142
 107 004c 9B00     		lsls	r3, r3, #2
 108 004e D358     		ldr	r3, [r2, r3]
 109 0050 1949     		ldr	r1, .L6+8
 110 0052 8022     		movs	r2, #128
 111 0054 9343     		bics	r3, r2
 112 0056 1A00     		movs	r2, r3
 113 0058 8E23     		movs	r3, #142
 114 005a 9B00     		lsls	r3, r3, #2
 115 005c CA50     		str	r2, [r1, r3]
 128:Startup/system_LPC11xx.c ****   while ( !(LPC_SYSCON->SYSPLLSTAT & 0x01) );	/* Wait until it's locked */
 116              		.loc 1 128 0
 117 005e C046     		nop
 118              	.L3:
 119              		.loc 1 128 0 is_stmt 0 discriminator 1
 120 0060 154B     		ldr	r3, .L6+8
 121 0062 DB68     		ldr	r3, [r3, #12]
 122 0064 0122     		movs	r2, #1
 123 0066 1340     		ands	r3, r2
 124 0068 FAD0     		beq	.L3
 129:Startup/system_LPC11xx.c **** 
 130:Startup/system_LPC11xx.c ****   LPC_SYSCON->MAINCLKSEL = 0x03;		/* Select PLL clock output */
 125              		.loc 1 130 0 is_stmt 1
 126 006a 134B     		ldr	r3, .L6+8
 127 006c 0322     		movs	r2, #3
 128 006e 1A67     		str	r2, [r3, #112]
 131:Startup/system_LPC11xx.c ****   LPC_SYSCON->MAINCLKUEN = 0x01;		/* Update MCLK clock source */
 129              		.loc 1 131 0
 130 0070 114B     		ldr	r3, .L6+8
 131 0072 0122     		movs	r2, #1
 132 0074 5A67     		str	r2, [r3, #116]
 132:Startup/system_LPC11xx.c ****   LPC_SYSCON->MAINCLKUEN = 0x00;		/* Toggle update register once */
 133              		.loc 1 132 0
 134 0076 104B     		ldr	r3, .L6+8
 135 0078 0022     		movs	r2, #0
 136 007a 5A67     		str	r2, [r3, #116]
 133:Startup/system_LPC11xx.c ****   LPC_SYSCON->MAINCLKUEN = 0x01;
 137              		.loc 1 133 0
 138 007c 0E4B     		ldr	r3, .L6+8
 139 007e 0122     		movs	r2, #1
 140 0080 5A67     		str	r2, [r3, #116]
 134:Startup/system_LPC11xx.c ****   while ( !(LPC_SYSCON->MAINCLKUEN & 0x01) );	/* Wait until updated */
 141              		.loc 1 134 0
 142 0082 C046     		nop
 143              	.L4:
 144              		.loc 1 134 0 is_stmt 0 discriminator 1
 145 0084 0C4B     		ldr	r3, .L6+8
 146 0086 5B6F     		ldr	r3, [r3, #116]
 147 0088 0122     		movs	r2, #1
 148 008a 1340     		ands	r3, r2
 149 008c FAD0     		beq	.L4
 135:Startup/system_LPC11xx.c **** 
 136:Startup/system_LPC11xx.c ****   LPC_SYSCON->SYSAHBCLKDIV = SYS_AHB_DIV_Val;	/* SYS AHB clock, typical is 1 or 2 or 4 */
ARM GAS  C:\Users\Roland\AppData\Local\Temp\cctjFjZs.s 			page 6


 150              		.loc 1 136 0 is_stmt 1
 151 008e 0A4B     		ldr	r3, .L6+8
 152 0090 0122     		movs	r2, #1
 153 0092 9A67     		str	r2, [r3, #120]
 137:Startup/system_LPC11xx.c **** 
 138:Startup/system_LPC11xx.c **** #if MAIN_PLL_SETUP
 139:Startup/system_LPC11xx.c ****   SystemFrequency = ClockSource * (MAIN_PLL_M_Val+1);
 154              		.loc 1 139 0
 155 0094 064B     		ldr	r3, .L6
 156 0096 1B68     		ldr	r3, [r3]
 157 0098 9A00     		lsls	r2, r3, #2
 158 009a 084B     		ldr	r3, .L6+12
 159 009c 1A60     		str	r2, [r3]
 140:Startup/system_LPC11xx.c **** #else
 141:Startup/system_LPC11xx.c ****   SystemFrequency = ClockSource;
 142:Startup/system_LPC11xx.c **** #endif
 143:Startup/system_LPC11xx.c ****   SystemAHBFrequency = (uint32_t)(SystemFrequency/SYS_AHB_DIV_Val);
 160              		.loc 1 143 0
 161 009e 074B     		ldr	r3, .L6+12
 162 00a0 1A68     		ldr	r2, [r3]
 163 00a2 074B     		ldr	r3, .L6+16
 164 00a4 1A60     		str	r2, [r3]
 144:Startup/system_LPC11xx.c ****   return;
 165              		.loc 1 144 0
 166 00a6 C046     		nop
 145:Startup/system_LPC11xx.c **** }
 167              		.loc 1 145 0
 168 00a8 BD46     		mov	sp, r7
 169 00aa 02B0     		add	sp, sp, #8
 170              		@ sp needed
 171 00ac 80BD     		pop	{r7, pc}
 172              	.L7:
 173 00ae C046     		.align	2
 174              	.L6:
 175 00b0 00000000 		.word	ClockSource
 176 00b4 001BB700 		.word	12000000
 177 00b8 00800440 		.word	1074036736
 178 00bc 00000000 		.word	SystemFrequency
 179 00c0 00000000 		.word	SystemAHBFrequency
 180              		.cfi_endproc
 181              	.LFE42:
 182              		.size	Main_PLL_Setup, .-Main_PLL_Setup
 183              		.align	1
 184              		.global	SystemInit
 185              		.syntax unified
 186              		.code	16
 187              		.thumb_func
 188              		.fpu softvfp
 189              		.type	SystemInit, %function
 190              	SystemInit:
 191              	.LFB43:
 146:Startup/system_LPC11xx.c **** 
 147:Startup/system_LPC11xx.c **** /**
 148:Startup/system_LPC11xx.c ****  * Initialize the system
 149:Startup/system_LPC11xx.c ****  *
 150:Startup/system_LPC11xx.c ****  * @param  none
 151:Startup/system_LPC11xx.c ****  * @return none
ARM GAS  C:\Users\Roland\AppData\Local\Temp\cctjFjZs.s 			page 7


 152:Startup/system_LPC11xx.c ****  *
 153:Startup/system_LPC11xx.c ****  * @brief  Setup the microcontroller system.
 154:Startup/system_LPC11xx.c ****  *         Initialize the System and update the SystemFrequency variable.
 155:Startup/system_LPC11xx.c ****  */
 156:Startup/system_LPC11xx.c **** void SystemInit (void)
 157:Startup/system_LPC11xx.c **** {
 192              		.loc 1 157 0
 193              		.cfi_startproc
 194              		@ args = 0, pretend = 0, frame = 8
 195              		@ frame_needed = 1, uses_anonymous_args = 0
 196 00c4 80B5     		push	{r7, lr}
 197              	.LCFI3:
 198              		.cfi_def_cfa_offset 8
 199              		.cfi_offset 7, -8
 200              		.cfi_offset 14, -4
 201 00c6 82B0     		sub	sp, sp, #8
 202              	.LCFI4:
 203              		.cfi_def_cfa_offset 16
 204 00c8 00AF     		add	r7, sp, #0
 205              	.LCFI5:
 206              		.cfi_def_cfa_register 7
 158:Startup/system_LPC11xx.c ****   uint32_t i;
 159:Startup/system_LPC11xx.c **** 
 160:Startup/system_LPC11xx.c **** #ifdef __DEBUG_RAM    
 161:Startup/system_LPC11xx.c ****   LPC_SYSCON->SYSMEMREMAP = 0x1;		/* remap to internal RAM */ 
 162:Startup/system_LPC11xx.c **** #else
 163:Startup/system_LPC11xx.c **** #ifdef __DEBUG_FLASH    
 164:Startup/system_LPC11xx.c ****   LPC_SYSCON->SYSMEMREMAP = 0x2;		/* remap to internal flash */
 165:Startup/system_LPC11xx.c **** #endif
 166:Startup/system_LPC11xx.c **** #endif
 167:Startup/system_LPC11xx.c **** 
 168:Startup/system_LPC11xx.c **** #if (CLOCK_SETUP)                       /* Clock Setup */
 169:Startup/system_LPC11xx.c ****   /* bit 0 default is crystal bypass, 
 170:Startup/system_LPC11xx.c ****   bit1 0=0~20Mhz crystal input, 1=15~50Mhz crystal input. */
 171:Startup/system_LPC11xx.c ****   LPC_SYSCON->SYSOSCCTRL = 0x00;
 207              		.loc 1 171 0
 208 00ca 134B     		ldr	r3, .L12
 209 00cc 0022     		movs	r2, #0
 210 00ce 1A62     		str	r2, [r3, #32]
 172:Startup/system_LPC11xx.c **** 
 173:Startup/system_LPC11xx.c ****   /* main system OSC run is cleared, bit 5 in PDRUNCFG register */
 174:Startup/system_LPC11xx.c ****   LPC_SYSCON->PDRUNCFG &= ~(0x1<<5);
 211              		.loc 1 174 0
 212 00d0 114A     		ldr	r2, .L12
 213 00d2 8E23     		movs	r3, #142
 214 00d4 9B00     		lsls	r3, r3, #2
 215 00d6 D358     		ldr	r3, [r2, r3]
 216 00d8 0F49     		ldr	r1, .L12
 217 00da 2022     		movs	r2, #32
 218 00dc 9343     		bics	r3, r2
 219 00de 1A00     		movs	r2, r3
 220 00e0 8E23     		movs	r3, #142
 221 00e2 9B00     		lsls	r3, r3, #2
 222 00e4 CA50     		str	r2, [r1, r3]
 175:Startup/system_LPC11xx.c ****   /* Wait 200us for OSC to be stablized, no status 
 176:Startup/system_LPC11xx.c ****   indication, dummy wait. */
 177:Startup/system_LPC11xx.c ****   for ( i = 0; i < 0x100; i++ );
ARM GAS  C:\Users\Roland\AppData\Local\Temp\cctjFjZs.s 			page 8


 223              		.loc 1 177 0
 224 00e6 0023     		movs	r3, #0
 225 00e8 7B60     		str	r3, [r7, #4]
 226 00ea 02E0     		b	.L9
 227              	.L10:
 228              		.loc 1 177 0 is_stmt 0 discriminator 3
 229 00ec 7B68     		ldr	r3, [r7, #4]
 230 00ee 0133     		adds	r3, r3, #1
 231 00f0 7B60     		str	r3, [r7, #4]
 232              	.L9:
 233              		.loc 1 177 0 discriminator 1
 234 00f2 7B68     		ldr	r3, [r7, #4]
 235 00f4 FF2B     		cmp	r3, #255
 236 00f6 F9D9     		bls	.L10
 178:Startup/system_LPC11xx.c **** 
 179:Startup/system_LPC11xx.c **** #if (MAIN_PLL_SETUP)
 180:Startup/system_LPC11xx.c ****   Main_PLL_Setup();  
 237              		.loc 1 180 0 is_stmt 1
 238 00f8 FFF7FEFF 		bl	Main_PLL_Setup
 181:Startup/system_LPC11xx.c **** #endif
 182:Startup/system_LPC11xx.c **** 
 183:Startup/system_LPC11xx.c **** #endif	/* endif CLOCK_SETUP */
 184:Startup/system_LPC11xx.c **** 
 185:Startup/system_LPC11xx.c ****   /* System clock to the IOCON needs to be enabled or
 186:Startup/system_LPC11xx.c ****   most of the I/O related peripherals won't work. */
 187:Startup/system_LPC11xx.c ****   LPC_SYSCON->SYSAHBCLKCTRL |= (1<<16);
 239              		.loc 1 187 0
 240 00fc 064A     		ldr	r2, .L12
 241 00fe 8023     		movs	r3, #128
 242 0100 D358     		ldr	r3, [r2, r3]
 243 0102 0549     		ldr	r1, .L12
 244 0104 8022     		movs	r2, #128
 245 0106 5202     		lsls	r2, r2, #9
 246 0108 1343     		orrs	r3, r2
 247 010a 8022     		movs	r2, #128
 248 010c 8B50     		str	r3, [r1, r2]
 188:Startup/system_LPC11xx.c ****   return;
 249              		.loc 1 188 0
 250 010e C046     		nop
 189:Startup/system_LPC11xx.c **** }
 251              		.loc 1 189 0
 252 0110 BD46     		mov	sp, r7
 253 0112 02B0     		add	sp, sp, #8
 254              		@ sp needed
 255 0114 80BD     		pop	{r7, pc}
 256              	.L13:
 257 0116 C046     		.align	2
 258              	.L12:
 259 0118 00800440 		.word	1074036736
 260              		.cfi_endproc
 261              	.LFE43:
 262              		.size	SystemInit, .-SystemInit
 263              	.Letext0:
 264              		.file 2 "c:\\nanoframework_tools\\gnu_arm_toolchain\\8-2018-q4_major\\arm-none-eabi\\include\\mach
 265              		.file 3 "c:\\nanoframework_tools\\gnu_arm_toolchain\\8-2018-q4_major\\arm-none-eabi\\include\\sys\
 266              		.file 4 "./CMSIS/Include/LPC11xx.h"
 267              		.file 5 "./CMSIS/Include/system_LPC11xx.h"
ARM GAS  C:\Users\Roland\AppData\Local\Temp\cctjFjZs.s 			page 9


 268              		.section	.debug_info,"",%progbits
 269              	.Ldebug_info0:
 270 0000 E4040000 		.4byte	0x4e4
 271 0004 0200     		.2byte	0x2
 272 0006 00000000 		.4byte	.Ldebug_abbrev0
 273 000a 04       		.byte	0x4
 274 000b 01       		.uleb128 0x1
 275 000c 85010000 		.4byte	.LASF71
 276 0010 0C       		.byte	0xc
 277 0011 0E030000 		.4byte	.LASF72
 278 0015 0A000000 		.4byte	.LASF73
 279 0019 00000000 		.4byte	.Ltext0
 280 001d 1C010000 		.4byte	.Letext0
 281 0021 00000000 		.4byte	.Ldebug_line0
 282 0025 02       		.uleb128 0x2
 283 0026 01       		.byte	0x1
 284 0027 06       		.byte	0x6
 285 0028 08010000 		.4byte	.LASF0
 286 002c 02       		.uleb128 0x2
 287 002d 01       		.byte	0x1
 288 002e 08       		.byte	0x8
 289 002f 13020000 		.4byte	.LASF1
 290 0033 02       		.uleb128 0x2
 291 0034 02       		.byte	0x2
 292 0035 05       		.byte	0x5
 293 0036 53000000 		.4byte	.LASF2
 294 003a 02       		.uleb128 0x2
 295 003b 02       		.byte	0x2
 296 003c 07       		.byte	0x7
 297 003d BC020000 		.4byte	.LASF3
 298 0041 02       		.uleb128 0x2
 299 0042 04       		.byte	0x4
 300 0043 05       		.byte	0x5
 301 0044 5E010000 		.4byte	.LASF4
 302 0048 03       		.uleb128 0x3
 303 0049 98000000 		.4byte	.LASF9
 304 004d 02       		.byte	0x2
 305 004e 4F       		.byte	0x4f
 306 004f 53000000 		.4byte	0x53
 307 0053 02       		.uleb128 0x2
 308 0054 04       		.byte	0x4
 309 0055 07       		.byte	0x7
 310 0056 90020000 		.4byte	.LASF5
 311 005a 02       		.uleb128 0x2
 312 005b 08       		.byte	0x8
 313 005c 05       		.byte	0x5
 314 005d 8A000000 		.4byte	.LASF6
 315 0061 02       		.uleb128 0x2
 316 0062 08       		.byte	0x8
 317 0063 07       		.byte	0x7
 318 0064 31010000 		.4byte	.LASF7
 319 0068 04       		.uleb128 0x4
 320 0069 04       		.byte	0x4
 321 006a 05       		.byte	0x5
 322 006b 696E7400 		.ascii	"int\000"
 323 006f 02       		.uleb128 0x2
 324 0070 04       		.byte	0x4
ARM GAS  C:\Users\Roland\AppData\Local\Temp\cctjFjZs.s 			page 10


 325 0071 07       		.byte	0x7
 326 0072 78020000 		.4byte	.LASF8
 327 0076 03       		.uleb128 0x3
 328 0077 6F020000 		.4byte	.LASF10
 329 007b 03       		.byte	0x3
 330 007c 30       		.byte	0x30
 331 007d 48000000 		.4byte	0x48
 332 0081 05       		.uleb128 0x5
 333 0082 76000000 		.4byte	0x76
 334 0086 06       		.uleb128 0x6
 335 0087 81000000 		.4byte	0x81
 336 008b 07       		.uleb128 0x7
 337 008c 27030000 		.4byte	.LASF66
 338 0090 05       		.byte	0x5
 339 0091 23       		.byte	0x23
 340 0092 76000000 		.4byte	0x76
 341 0096 01       		.byte	0x1
 342 0097 01       		.byte	0x1
 343 0098 08       		.uleb128 0x8
 344 0099 F803     		.2byte	0x3f8
 345 009b 04       		.byte	0x4
 346 009c 7E       		.byte	0x7e
 347 009d BA030000 		.4byte	0x3ba
 348 00a1 09       		.uleb128 0x9
 349 00a2 68000000 		.4byte	.LASF11
 350 00a6 04       		.byte	0x4
 351 00a7 80       		.byte	0x80
 352 00a8 81000000 		.4byte	0x81
 353 00ac 02       		.byte	0x2
 354 00ad 23       		.byte	0x23
 355 00ae 00       		.uleb128 0
 356 00af 09       		.uleb128 0x9
 357 00b0 F6030000 		.4byte	.LASF12
 358 00b4 04       		.byte	0x4
 359 00b5 81       		.byte	0x81
 360 00b6 81000000 		.4byte	0x81
 361 00ba 02       		.byte	0x2
 362 00bb 23       		.byte	0x23
 363 00bc 04       		.uleb128 0x4
 364 00bd 09       		.uleb128 0x9
 365 00be A3000000 		.4byte	.LASF13
 366 00c2 04       		.byte	0x4
 367 00c3 82       		.byte	0x82
 368 00c4 81000000 		.4byte	0x81
 369 00c8 02       		.byte	0x2
 370 00c9 23       		.byte	0x23
 371 00ca 08       		.uleb128 0x8
 372 00cb 09       		.uleb128 0x9
 373 00cc C6030000 		.4byte	.LASF14
 374 00d0 04       		.byte	0x4
 375 00d1 83       		.byte	0x83
 376 00d2 81000000 		.4byte	0x81
 377 00d6 02       		.byte	0x2
 378 00d7 23       		.byte	0x23
 379 00d8 0C       		.uleb128 0xc
 380 00d9 09       		.uleb128 0x9
 381 00da CC000000 		.4byte	.LASF15
ARM GAS  C:\Users\Roland\AppData\Local\Temp\cctjFjZs.s 			page 11


 382 00de 04       		.byte	0x4
 383 00df 84       		.byte	0x84
 384 00e0 BA030000 		.4byte	0x3ba
 385 00e4 02       		.byte	0x2
 386 00e5 23       		.byte	0x23
 387 00e6 10       		.uleb128 0x10
 388 00e7 09       		.uleb128 0x9
 389 00e8 01040000 		.4byte	.LASF16
 390 00ec 04       		.byte	0x4
 391 00ed 86       		.byte	0x86
 392 00ee 81000000 		.4byte	0x81
 393 00f2 02       		.byte	0x2
 394 00f3 23       		.byte	0x23
 395 00f4 20       		.uleb128 0x20
 396 00f5 09       		.uleb128 0x9
 397 00f6 5D000000 		.4byte	.LASF17
 398 00fa 04       		.byte	0x4
 399 00fb 87       		.byte	0x87
 400 00fc 81000000 		.4byte	0x81
 401 0100 02       		.byte	0x2
 402 0101 23       		.byte	0x23
 403 0102 24       		.uleb128 0x24
 404 0103 09       		.uleb128 0x9
 405 0104 67010000 		.4byte	.LASF18
 406 0108 04       		.byte	0x4
 407 0109 88       		.byte	0x88
 408 010a 81000000 		.4byte	0x81
 409 010e 02       		.byte	0x2
 410 010f 23       		.byte	0x23
 411 0110 28       		.uleb128 0x28
 412 0111 09       		.uleb128 0x9
 413 0112 56030000 		.4byte	.LASF19
 414 0116 04       		.byte	0x4
 415 0117 89       		.byte	0x89
 416 0118 CA030000 		.4byte	0x3ca
 417 011c 02       		.byte	0x2
 418 011d 23       		.byte	0x23
 419 011e 2C       		.uleb128 0x2c
 420 011f 09       		.uleb128 0x9
 421 0120 EA020000 		.4byte	.LASF20
 422 0124 04       		.byte	0x4
 423 0125 8A       		.byte	0x8a
 424 0126 81000000 		.4byte	0x81
 425 012a 02       		.byte	0x2
 426 012b 23       		.byte	0x23
 427 012c 30       		.uleb128 0x30
 428 012d 09       		.uleb128 0x9
 429 012e E1000000 		.4byte	.LASF21
 430 0132 04       		.byte	0x4
 431 0133 8B       		.byte	0x8b
 432 0134 DA030000 		.4byte	0x3da
 433 0138 02       		.byte	0x2
 434 0139 23       		.byte	0x23
 435 013a 34       		.uleb128 0x34
 436 013b 09       		.uleb128 0x9
 437 013c D1030000 		.4byte	.LASF22
 438 0140 04       		.byte	0x4
ARM GAS  C:\Users\Roland\AppData\Local\Temp\cctjFjZs.s 			page 12


 439 0141 8C       		.byte	0x8c
 440 0142 81000000 		.4byte	0x81
 441 0146 02       		.byte	0x2
 442 0147 23       		.byte	0x23
 443 0148 40       		.uleb128 0x40
 444 0149 09       		.uleb128 0x9
 445 014a DD020000 		.4byte	.LASF23
 446 014e 04       		.byte	0x4
 447 014f 8D       		.byte	0x8d
 448 0150 81000000 		.4byte	0x81
 449 0154 02       		.byte	0x2
 450 0155 23       		.byte	0x23
 451 0156 44       		.uleb128 0x44
 452 0157 09       		.uleb128 0x9
 453 0158 6B030000 		.4byte	.LASF24
 454 015c 04       		.byte	0x4
 455 015d 8E       		.byte	0x8e
 456 015e EA030000 		.4byte	0x3ea
 457 0162 02       		.byte	0x2
 458 0163 23       		.byte	0x23
 459 0164 48       		.uleb128 0x48
 460 0165 09       		.uleb128 0x9
 461 0166 F5020000 		.4byte	.LASF25
 462 016a 04       		.byte	0x4
 463 016b 90       		.byte	0x90
 464 016c 81000000 		.4byte	0x81
 465 0170 02       		.byte	0x2
 466 0171 23       		.byte	0x23
 467 0172 70       		.uleb128 0x70
 468 0173 09       		.uleb128 0x9
 469 0174 6F010000 		.4byte	.LASF26
 470 0178 04       		.byte	0x4
 471 0179 91       		.byte	0x91
 472 017a 81000000 		.4byte	0x81
 473 017e 02       		.byte	0x2
 474 017f 23       		.byte	0x23
 475 0180 74       		.uleb128 0x74
 476 0181 09       		.uleb128 0x9
 477 0182 DE030000 		.4byte	.LASF27
 478 0186 04       		.byte	0x4
 479 0187 92       		.byte	0x92
 480 0188 81000000 		.4byte	0x81
 481 018c 02       		.byte	0x2
 482 018d 23       		.byte	0x23
 483 018e 78       		.uleb128 0x78
 484 018f 09       		.uleb128 0x9
 485 0190 75030000 		.4byte	.LASF28
 486 0194 04       		.byte	0x4
 487 0195 93       		.byte	0x93
 488 0196 CA030000 		.4byte	0x3ca
 489 019a 02       		.byte	0x2
 490 019b 23       		.byte	0x23
 491 019c 7C       		.uleb128 0x7c
 492 019d 09       		.uleb128 0x9
 493 019e 00030000 		.4byte	.LASF29
 494 01a2 04       		.byte	0x4
 495 01a3 95       		.byte	0x95
ARM GAS  C:\Users\Roland\AppData\Local\Temp\cctjFjZs.s 			page 13


 496 01a4 81000000 		.4byte	0x81
 497 01a8 03       		.byte	0x3
 498 01a9 23       		.byte	0x23
 499 01aa 8001     		.uleb128 0x80
 500 01ac 09       		.uleb128 0x9
 501 01ad F4000000 		.4byte	.LASF30
 502 01b1 04       		.byte	0x4
 503 01b2 96       		.byte	0x96
 504 01b3 BA030000 		.4byte	0x3ba
 505 01b7 03       		.byte	0x3
 506 01b8 23       		.byte	0x23
 507 01b9 8401     		.uleb128 0x84
 508 01bb 09       		.uleb128 0x9
 509 01bc C1000000 		.4byte	.LASF31
 510 01c0 04       		.byte	0x4
 511 01c1 97       		.byte	0x97
 512 01c2 81000000 		.4byte	0x81
 513 01c6 03       		.byte	0x3
 514 01c7 23       		.byte	0x23
 515 01c8 9401     		.uleb128 0x94
 516 01ca 09       		.uleb128 0x9
 517 01cb 85020000 		.4byte	.LASF32
 518 01cf 04       		.byte	0x4
 519 01d0 98       		.byte	0x98
 520 01d1 81000000 		.4byte	0x81
 521 01d5 03       		.byte	0x3
 522 01d6 23       		.byte	0x23
 523 01d7 9801     		.uleb128 0x98
 524 01d9 09       		.uleb128 0x9
 525 01da 4B030000 		.4byte	.LASF33
 526 01de 04       		.byte	0x4
 527 01df 99       		.byte	0x99
 528 01e0 81000000 		.4byte	0x81
 529 01e4 03       		.byte	0x3
 530 01e5 23       		.byte	0x23
 531 01e6 9C01     		.uleb128 0x9c
 532 01e8 09       		.uleb128 0x9
 533 01e9 8C030000 		.4byte	.LASF34
 534 01ed 04       		.byte	0x4
 535 01ee 9A       		.byte	0x9a
 536 01ef FA030000 		.4byte	0x3fa
 537 01f3 03       		.byte	0x3
 538 01f4 23       		.byte	0x23
 539 01f5 A001     		.uleb128 0xa0
 540 01f7 09       		.uleb128 0x9
 541 01f8 17040000 		.4byte	.LASF35
 542 01fc 04       		.byte	0x4
 543 01fd 9C       		.byte	0x9c
 544 01fe 81000000 		.4byte	0x81
 545 0202 03       		.byte	0x3
 546 0203 23       		.byte	0x23
 547 0204 D001     		.uleb128 0xd0
 548 0206 09       		.uleb128 0x9
 549 0207 41030000 		.4byte	.LASF36
 550 020b 04       		.byte	0x4
 551 020c 9D       		.byte	0x9d
 552 020d 81000000 		.4byte	0x81
ARM GAS  C:\Users\Roland\AppData\Local\Temp\cctjFjZs.s 			page 14


 553 0211 03       		.byte	0x3
 554 0212 23       		.byte	0x23
 555 0213 D401     		.uleb128 0xd4
 556 0215 09       		.uleb128 0x9
 557 0216 B1030000 		.4byte	.LASF37
 558 021a 04       		.byte	0x4
 559 021b 9E       		.byte	0x9e
 560 021c 81000000 		.4byte	0x81
 561 0220 03       		.byte	0x3
 562 0221 23       		.byte	0x23
 563 0222 D801     		.uleb128 0xd8
 564 0224 09       		.uleb128 0x9
 565 0225 9D030000 		.4byte	.LASF38
 566 0229 04       		.byte	0x4
 567 022a 9F       		.byte	0x9f
 568 022b CA030000 		.4byte	0x3ca
 569 022f 03       		.byte	0x3
 570 0230 23       		.byte	0x23
 571 0231 DC01     		.uleb128 0xdc
 572 0233 09       		.uleb128 0x9
 573 0234 7F030000 		.4byte	.LASF39
 574 0238 04       		.byte	0x4
 575 0239 A0       		.byte	0xa0
 576 023a 81000000 		.4byte	0x81
 577 023e 03       		.byte	0x3
 578 023f 23       		.byte	0x23
 579 0240 E001     		.uleb128 0xe0
 580 0242 09       		.uleb128 0x9
 581 0243 FE000000 		.4byte	.LASF40
 582 0247 04       		.byte	0x4
 583 0248 A1       		.byte	0xa1
 584 0249 81000000 		.4byte	0x81
 585 024d 03       		.byte	0x3
 586 024e 23       		.byte	0x23
 587 024f E401     		.uleb128 0xe4
 588 0251 09       		.uleb128 0x9
 589 0252 27010000 		.4byte	.LASF41
 590 0256 04       		.byte	0x4
 591 0257 A2       		.byte	0xa2
 592 0258 81000000 		.4byte	0x81
 593 025c 03       		.byte	0x3
 594 025d 23       		.byte	0x23
 595 025e E801     		.uleb128 0xe8
 596 0260 09       		.uleb128 0x9
 597 0261 A7030000 		.4byte	.LASF42
 598 0265 04       		.byte	0x4
 599 0266 A3       		.byte	0xa3
 600 0267 0A040000 		.4byte	0x40a
 601 026b 03       		.byte	0x3
 602 026c 23       		.byte	0x23
 603 026d EC01     		.uleb128 0xec
 604 026f 09       		.uleb128 0x9
 605 0270 74000000 		.4byte	.LASF43
 606 0274 04       		.byte	0x4
 607 0275 A5       		.byte	0xa5
 608 0276 81000000 		.4byte	0x81
 609 027a 03       		.byte	0x3
ARM GAS  C:\Users\Roland\AppData\Local\Temp\cctjFjZs.s 			page 15


 610 027b 23       		.byte	0x23
 611 027c 8002     		.uleb128 0x100
 612 027e 09       		.uleb128 0x9
 613 027f 7F000000 		.4byte	.LASF44
 614 0283 04       		.byte	0x4
 615 0284 A6       		.byte	0xa6
 616 0285 81000000 		.4byte	0x81
 617 0289 03       		.byte	0x3
 618 028a 23       		.byte	0x23
 619 028b 8402     		.uleb128 0x104
 620 028d 09       		.uleb128 0x9
 621 028e 21020000 		.4byte	.LASF45
 622 0292 04       		.byte	0x4
 623 0293 A7       		.byte	0xa7
 624 0294 1A040000 		.4byte	0x41a
 625 0298 03       		.byte	0x3
 626 0299 23       		.byte	0x23
 627 029a 8802     		.uleb128 0x108
 628 029c 09       		.uleb128 0x9
 629 029d 56010000 		.4byte	.LASF46
 630 02a1 04       		.byte	0x4
 631 02a2 A8       		.byte	0xa8
 632 02a3 81000000 		.4byte	0x81
 633 02a7 03       		.byte	0x3
 634 02a8 23       		.byte	0x23
 635 02a9 D002     		.uleb128 0x150
 636 02ab 09       		.uleb128 0x9
 637 02ac 21040000 		.4byte	.LASF47
 638 02b0 04       		.byte	0x4
 639 02b1 A9       		.byte	0xa9
 640 02b2 81000000 		.4byte	0x81
 641 02b6 03       		.byte	0x3
 642 02b7 23       		.byte	0x23
 643 02b8 D402     		.uleb128 0x154
 644 02ba 09       		.uleb128 0x9
 645 02bb 3B020000 		.4byte	.LASF48
 646 02bf 04       		.byte	0x4
 647 02c0 AB       		.byte	0xab
 648 02c1 2A040000 		.4byte	0x42a
 649 02c5 03       		.byte	0x3
 650 02c6 23       		.byte	0x23
 651 02c7 D802     		.uleb128 0x158
 652 02c9 09       		.uleb128 0x9
 653 02ca 96030000 		.4byte	.LASF49
 654 02ce 04       		.byte	0x4
 655 02cf AC       		.byte	0xac
 656 02d0 81000000 		.4byte	0x81
 657 02d4 03       		.byte	0x3
 658 02d5 23       		.byte	0x23
 659 02d6 F402     		.uleb128 0x174
 660 02d8 09       		.uleb128 0x9
 661 02d9 46020000 		.4byte	.LASF50
 662 02dd 04       		.byte	0x4
 663 02de AD       		.byte	0xad
 664 02df 3A040000 		.4byte	0x43a
 665 02e3 03       		.byte	0x3
 666 02e4 23       		.byte	0x23
ARM GAS  C:\Users\Roland\AppData\Local\Temp\cctjFjZs.s 			page 16


 667 02e5 F802     		.uleb128 0x178
 668 02e7 09       		.uleb128 0x9
 669 02e8 EB030000 		.4byte	.LASF51
 670 02ec 04       		.byte	0x4
 671 02ed AF       		.byte	0xaf
 672 02ee 81000000 		.4byte	0x81
 673 02f2 03       		.byte	0x3
 674 02f3 23       		.byte	0x23
 675 02f4 8004     		.uleb128 0x200
 676 02f6 09       		.uleb128 0x9
 677 02f7 3F000000 		.4byte	.LASF52
 678 02fb 04       		.byte	0x4
 679 02fc B0       		.byte	0xb0
 680 02fd 81000000 		.4byte	0x81
 681 0301 03       		.byte	0x3
 682 0302 23       		.byte	0x23
 683 0303 8404     		.uleb128 0x204
 684 0305 09       		.uleb128 0x9
 685 0306 48010000 		.4byte	.LASF53
 686 030a 04       		.byte	0x4
 687 030b B1       		.byte	0xb1
 688 030c 81000000 		.4byte	0x81
 689 0310 03       		.byte	0x3
 690 0311 23       		.byte	0x23
 691 0312 8804     		.uleb128 0x208
 692 0314 09       		.uleb128 0x9
 693 0315 00000000 		.4byte	.LASF54
 694 0319 04       		.byte	0x4
 695 031a B2       		.byte	0xb2
 696 031b 81000000 		.4byte	0x81
 697 031f 03       		.byte	0x3
 698 0320 23       		.byte	0x23
 699 0321 8C04     		.uleb128 0x20c
 700 0323 09       		.uleb128 0x9
 701 0324 0C040000 		.4byte	.LASF55
 702 0328 04       		.byte	0x4
 703 0329 B3       		.byte	0xb3
 704 032a 81000000 		.4byte	0x81
 705 032e 03       		.byte	0x3
 706 032f 23       		.byte	0x23
 707 0330 9004     		.uleb128 0x210
 708 0332 09       		.uleb128 0x9
 709 0333 49000000 		.4byte	.LASF56
 710 0337 04       		.byte	0x4
 711 0338 B4       		.byte	0xb4
 712 0339 81000000 		.4byte	0x81
 713 033d 03       		.byte	0x3
 714 033e 23       		.byte	0x23
 715 033f 9404     		.uleb128 0x214
 716 0341 09       		.uleb128 0x9
 717 0342 CF020000 		.4byte	.LASF57
 718 0346 04       		.byte	0x4
 719 0347 B5       		.byte	0xb5
 720 0348 81000000 		.4byte	0x81
 721 034c 03       		.byte	0x3
 722 034d 23       		.byte	0x23
 723 034e 9804     		.uleb128 0x218
ARM GAS  C:\Users\Roland\AppData\Local\Temp\cctjFjZs.s 			page 17


 724 0350 09       		.uleb128 0x9
 725 0351 37030000 		.4byte	.LASF58
 726 0355 04       		.byte	0x4
 727 0356 B6       		.byte	0xb6
 728 0357 81000000 		.4byte	0x81
 729 035b 03       		.byte	0x3
 730 035c 23       		.byte	0x23
 731 035d 9C04     		.uleb128 0x21c
 732 035f 09       		.uleb128 0x9
 733 0360 7A010000 		.4byte	.LASF59
 734 0364 04       		.byte	0x4
 735 0365 B7       		.byte	0xb7
 736 0366 BA030000 		.4byte	0x3ba
 737 036a 03       		.byte	0x3
 738 036b 23       		.byte	0x23
 739 036c A004     		.uleb128 0x220
 740 036e 09       		.uleb128 0x9
 741 036f 60030000 		.4byte	.LASF60
 742 0373 04       		.byte	0x4
 743 0374 B9       		.byte	0xb9
 744 0375 81000000 		.4byte	0x81
 745 0379 03       		.byte	0x3
 746 037a 23       		.byte	0x23
 747 037b B004     		.uleb128 0x230
 748 037d 09       		.uleb128 0x9
 749 037e BB030000 		.4byte	.LASF61
 750 0382 04       		.byte	0x4
 751 0383 BA       		.byte	0xba
 752 0384 81000000 		.4byte	0x81
 753 0388 03       		.byte	0x3
 754 0389 23       		.byte	0x23
 755 038a B404     		.uleb128 0x234
 756 038c 09       		.uleb128 0x9
 757 038d EB000000 		.4byte	.LASF62
 758 0391 04       		.byte	0x4
 759 0392 BB       		.byte	0xbb
 760 0393 81000000 		.4byte	0x81
 761 0397 03       		.byte	0x3
 762 0398 23       		.byte	0x23
 763 0399 B804     		.uleb128 0x238
 764 039b 09       		.uleb128 0x9
 765 039c 51020000 		.4byte	.LASF63
 766 03a0 04       		.byte	0x4
 767 03a1 BC       		.byte	0xbc
 768 03a2 4A040000 		.4byte	0x44a
 769 03a6 03       		.byte	0x3
 770 03a7 23       		.byte	0x23
 771 03a8 BC04     		.uleb128 0x23c
 772 03aa 09       		.uleb128 0x9
 773 03ab A2020000 		.4byte	.LASF64
 774 03af 04       		.byte	0x4
 775 03b0 BD       		.byte	0xbd
 776 03b1 86000000 		.4byte	0x86
 777 03b5 03       		.byte	0x3
 778 03b6 23       		.byte	0x23
 779 03b7 F407     		.uleb128 0x3f4
 780 03b9 00       		.byte	0
ARM GAS  C:\Users\Roland\AppData\Local\Temp\cctjFjZs.s 			page 18


 781 03ba 0A       		.uleb128 0xa
 782 03bb 76000000 		.4byte	0x76
 783 03bf CA030000 		.4byte	0x3ca
 784 03c3 0B       		.uleb128 0xb
 785 03c4 6F000000 		.4byte	0x6f
 786 03c8 03       		.byte	0x3
 787 03c9 00       		.byte	0
 788 03ca 0A       		.uleb128 0xa
 789 03cb 76000000 		.4byte	0x76
 790 03cf DA030000 		.4byte	0x3da
 791 03d3 0B       		.uleb128 0xb
 792 03d4 6F000000 		.4byte	0x6f
 793 03d8 00       		.byte	0
 794 03d9 00       		.byte	0
 795 03da 0A       		.uleb128 0xa
 796 03db 76000000 		.4byte	0x76
 797 03df EA030000 		.4byte	0x3ea
 798 03e3 0B       		.uleb128 0xb
 799 03e4 6F000000 		.4byte	0x6f
 800 03e8 02       		.byte	0x2
 801 03e9 00       		.byte	0
 802 03ea 0A       		.uleb128 0xa
 803 03eb 76000000 		.4byte	0x76
 804 03ef FA030000 		.4byte	0x3fa
 805 03f3 0B       		.uleb128 0xb
 806 03f4 6F000000 		.4byte	0x6f
 807 03f8 09       		.byte	0x9
 808 03f9 00       		.byte	0
 809 03fa 0A       		.uleb128 0xa
 810 03fb 76000000 		.4byte	0x76
 811 03ff 0A040000 		.4byte	0x40a
 812 0403 0B       		.uleb128 0xb
 813 0404 6F000000 		.4byte	0x6f
 814 0408 0B       		.byte	0xb
 815 0409 00       		.byte	0
 816 040a 0A       		.uleb128 0xa
 817 040b 76000000 		.4byte	0x76
 818 040f 1A040000 		.4byte	0x41a
 819 0413 0B       		.uleb128 0xb
 820 0414 6F000000 		.4byte	0x6f
 821 0418 04       		.byte	0x4
 822 0419 00       		.byte	0
 823 041a 0A       		.uleb128 0xa
 824 041b 76000000 		.4byte	0x76
 825 041f 2A040000 		.4byte	0x42a
 826 0423 0B       		.uleb128 0xb
 827 0424 6F000000 		.4byte	0x6f
 828 0428 11       		.byte	0x11
 829 0429 00       		.byte	0
 830 042a 0A       		.uleb128 0xa
 831 042b 76000000 		.4byte	0x76
 832 042f 3A040000 		.4byte	0x43a
 833 0433 0B       		.uleb128 0xb
 834 0434 6F000000 		.4byte	0x6f
 835 0438 06       		.byte	0x6
 836 0439 00       		.byte	0
 837 043a 0A       		.uleb128 0xa
ARM GAS  C:\Users\Roland\AppData\Local\Temp\cctjFjZs.s 			page 19


 838 043b 76000000 		.4byte	0x76
 839 043f 4A040000 		.4byte	0x44a
 840 0443 0B       		.uleb128 0xb
 841 0444 6F000000 		.4byte	0x6f
 842 0448 21       		.byte	0x21
 843 0449 00       		.byte	0
 844 044a 0A       		.uleb128 0xa
 845 044b 76000000 		.4byte	0x76
 846 044f 5A040000 		.4byte	0x45a
 847 0453 0B       		.uleb128 0xb
 848 0454 6F000000 		.4byte	0x6f
 849 0458 6D       		.byte	0x6d
 850 0459 00       		.byte	0
 851 045a 03       		.uleb128 0x3
 852 045b 14010000 		.4byte	.LASF65
 853 045f 04       		.byte	0x4
 854 0460 BE       		.byte	0xbe
 855 0461 98000000 		.4byte	0x98
 856 0465 0C       		.uleb128 0xc
 857 0466 63020000 		.4byte	.LASF67
 858 046a 01       		.byte	0x1
 859 046b 62       		.byte	0x62
 860 046c 76000000 		.4byte	0x76
 861 0470 01       		.byte	0x1
 862 0471 05       		.byte	0x5
 863 0472 03       		.byte	0x3
 864 0473 00000000 		.4byte	ClockSource
 865 0477 0C       		.uleb128 0xc
 866 0478 AC020000 		.4byte	.LASF68
 867 047c 01       		.byte	0x1
 868 047d 63       		.byte	0x63
 869 047e 76000000 		.4byte	0x76
 870 0482 01       		.byte	0x1
 871 0483 05       		.byte	0x5
 872 0484 03       		.byte	0x3
 873 0485 00000000 		.4byte	SystemFrequency
 874 0489 0C       		.uleb128 0xc
 875 048a AE000000 		.4byte	.LASF69
 876 048e 01       		.byte	0x1
 877 048f 64       		.byte	0x64
 878 0490 76000000 		.4byte	0x76
 879 0494 01       		.byte	0x1
 880 0495 05       		.byte	0x5
 881 0496 03       		.byte	0x3
 882 0497 00000000 		.4byte	SystemAHBFrequency
 883 049b 0D       		.uleb128 0xd
 884 049c 01       		.byte	0x1
 885 049d D6000000 		.4byte	.LASF74
 886 04a1 01       		.byte	0x1
 887 04a2 9C       		.byte	0x9c
 888 04a3 01       		.byte	0x1
 889 04a4 C4000000 		.4byte	.LFB43
 890 04a8 1C010000 		.4byte	.LFE43
 891 04ac 00000000 		.4byte	.LLST1
 892 04b0 01       		.byte	0x1
 893 04b1 C2040000 		.4byte	0x4c2
 894 04b5 0E       		.uleb128 0xe
ARM GAS  C:\Users\Roland\AppData\Local\Temp\cctjFjZs.s 			page 20


 895 04b6 6900     		.ascii	"i\000"
 896 04b8 01       		.byte	0x1
 897 04b9 9E       		.byte	0x9e
 898 04ba 76000000 		.4byte	0x76
 899 04be 02       		.byte	0x2
 900 04bf 91       		.byte	0x91
 901 04c0 74       		.sleb128 -12
 902 04c1 00       		.byte	0
 903 04c2 0F       		.uleb128 0xf
 904 04c3 01       		.byte	0x1
 905 04c4 2C020000 		.4byte	.LASF75
 906 04c8 01       		.byte	0x1
 907 04c9 6F       		.byte	0x6f
 908 04ca 01       		.byte	0x1
 909 04cb 00000000 		.4byte	.LFB42
 910 04cf C4000000 		.4byte	.LFE42
 911 04d3 38000000 		.4byte	.LLST0
 912 04d7 01       		.byte	0x1
 913 04d8 10       		.uleb128 0x10
 914 04d9 5C020000 		.4byte	.LASF70
 915 04dd 01       		.byte	0x1
 916 04de 71       		.byte	0x71
 917 04df 76000000 		.4byte	0x76
 918 04e3 02       		.byte	0x2
 919 04e4 91       		.byte	0x91
 920 04e5 74       		.sleb128 -12
 921 04e6 00       		.byte	0
 922 04e7 00       		.byte	0
 923              		.section	.debug_abbrev,"",%progbits
 924              	.Ldebug_abbrev0:
 925 0000 01       		.uleb128 0x1
 926 0001 11       		.uleb128 0x11
 927 0002 01       		.byte	0x1
 928 0003 25       		.uleb128 0x25
 929 0004 0E       		.uleb128 0xe
 930 0005 13       		.uleb128 0x13
 931 0006 0B       		.uleb128 0xb
 932 0007 03       		.uleb128 0x3
 933 0008 0E       		.uleb128 0xe
 934 0009 1B       		.uleb128 0x1b
 935 000a 0E       		.uleb128 0xe
 936 000b 11       		.uleb128 0x11
 937 000c 01       		.uleb128 0x1
 938 000d 12       		.uleb128 0x12
 939 000e 01       		.uleb128 0x1
 940 000f 10       		.uleb128 0x10
 941 0010 06       		.uleb128 0x6
 942 0011 00       		.byte	0
 943 0012 00       		.byte	0
 944 0013 02       		.uleb128 0x2
 945 0014 24       		.uleb128 0x24
 946 0015 00       		.byte	0
 947 0016 0B       		.uleb128 0xb
 948 0017 0B       		.uleb128 0xb
 949 0018 3E       		.uleb128 0x3e
 950 0019 0B       		.uleb128 0xb
 951 001a 03       		.uleb128 0x3
ARM GAS  C:\Users\Roland\AppData\Local\Temp\cctjFjZs.s 			page 21


 952 001b 0E       		.uleb128 0xe
 953 001c 00       		.byte	0
 954 001d 00       		.byte	0
 955 001e 03       		.uleb128 0x3
 956 001f 16       		.uleb128 0x16
 957 0020 00       		.byte	0
 958 0021 03       		.uleb128 0x3
 959 0022 0E       		.uleb128 0xe
 960 0023 3A       		.uleb128 0x3a
 961 0024 0B       		.uleb128 0xb
 962 0025 3B       		.uleb128 0x3b
 963 0026 0B       		.uleb128 0xb
 964 0027 49       		.uleb128 0x49
 965 0028 13       		.uleb128 0x13
 966 0029 00       		.byte	0
 967 002a 00       		.byte	0
 968 002b 04       		.uleb128 0x4
 969 002c 24       		.uleb128 0x24
 970 002d 00       		.byte	0
 971 002e 0B       		.uleb128 0xb
 972 002f 0B       		.uleb128 0xb
 973 0030 3E       		.uleb128 0x3e
 974 0031 0B       		.uleb128 0xb
 975 0032 03       		.uleb128 0x3
 976 0033 08       		.uleb128 0x8
 977 0034 00       		.byte	0
 978 0035 00       		.byte	0
 979 0036 05       		.uleb128 0x5
 980 0037 35       		.uleb128 0x35
 981 0038 00       		.byte	0
 982 0039 49       		.uleb128 0x49
 983 003a 13       		.uleb128 0x13
 984 003b 00       		.byte	0
 985 003c 00       		.byte	0
 986 003d 06       		.uleb128 0x6
 987 003e 26       		.uleb128 0x26
 988 003f 00       		.byte	0
 989 0040 49       		.uleb128 0x49
 990 0041 13       		.uleb128 0x13
 991 0042 00       		.byte	0
 992 0043 00       		.byte	0
 993 0044 07       		.uleb128 0x7
 994 0045 34       		.uleb128 0x34
 995 0046 00       		.byte	0
 996 0047 03       		.uleb128 0x3
 997 0048 0E       		.uleb128 0xe
 998 0049 3A       		.uleb128 0x3a
 999 004a 0B       		.uleb128 0xb
 1000 004b 3B       		.uleb128 0x3b
 1001 004c 0B       		.uleb128 0xb
 1002 004d 49       		.uleb128 0x49
 1003 004e 13       		.uleb128 0x13
 1004 004f 3F       		.uleb128 0x3f
 1005 0050 0C       		.uleb128 0xc
 1006 0051 3C       		.uleb128 0x3c
 1007 0052 0C       		.uleb128 0xc
 1008 0053 00       		.byte	0
ARM GAS  C:\Users\Roland\AppData\Local\Temp\cctjFjZs.s 			page 22


 1009 0054 00       		.byte	0
 1010 0055 08       		.uleb128 0x8
 1011 0056 13       		.uleb128 0x13
 1012 0057 01       		.byte	0x1
 1013 0058 0B       		.uleb128 0xb
 1014 0059 05       		.uleb128 0x5
 1015 005a 3A       		.uleb128 0x3a
 1016 005b 0B       		.uleb128 0xb
 1017 005c 3B       		.uleb128 0x3b
 1018 005d 0B       		.uleb128 0xb
 1019 005e 01       		.uleb128 0x1
 1020 005f 13       		.uleb128 0x13
 1021 0060 00       		.byte	0
 1022 0061 00       		.byte	0
 1023 0062 09       		.uleb128 0x9
 1024 0063 0D       		.uleb128 0xd
 1025 0064 00       		.byte	0
 1026 0065 03       		.uleb128 0x3
 1027 0066 0E       		.uleb128 0xe
 1028 0067 3A       		.uleb128 0x3a
 1029 0068 0B       		.uleb128 0xb
 1030 0069 3B       		.uleb128 0x3b
 1031 006a 0B       		.uleb128 0xb
 1032 006b 49       		.uleb128 0x49
 1033 006c 13       		.uleb128 0x13
 1034 006d 38       		.uleb128 0x38
 1035 006e 0A       		.uleb128 0xa
 1036 006f 00       		.byte	0
 1037 0070 00       		.byte	0
 1038 0071 0A       		.uleb128 0xa
 1039 0072 01       		.uleb128 0x1
 1040 0073 01       		.byte	0x1
 1041 0074 49       		.uleb128 0x49
 1042 0075 13       		.uleb128 0x13
 1043 0076 01       		.uleb128 0x1
 1044 0077 13       		.uleb128 0x13
 1045 0078 00       		.byte	0
 1046 0079 00       		.byte	0
 1047 007a 0B       		.uleb128 0xb
 1048 007b 21       		.uleb128 0x21
 1049 007c 00       		.byte	0
 1050 007d 49       		.uleb128 0x49
 1051 007e 13       		.uleb128 0x13
 1052 007f 2F       		.uleb128 0x2f
 1053 0080 0B       		.uleb128 0xb
 1054 0081 00       		.byte	0
 1055 0082 00       		.byte	0
 1056 0083 0C       		.uleb128 0xc
 1057 0084 34       		.uleb128 0x34
 1058 0085 00       		.byte	0
 1059 0086 03       		.uleb128 0x3
 1060 0087 0E       		.uleb128 0xe
 1061 0088 3A       		.uleb128 0x3a
 1062 0089 0B       		.uleb128 0xb
 1063 008a 3B       		.uleb128 0x3b
 1064 008b 0B       		.uleb128 0xb
 1065 008c 49       		.uleb128 0x49
ARM GAS  C:\Users\Roland\AppData\Local\Temp\cctjFjZs.s 			page 23


 1066 008d 13       		.uleb128 0x13
 1067 008e 3F       		.uleb128 0x3f
 1068 008f 0C       		.uleb128 0xc
 1069 0090 02       		.uleb128 0x2
 1070 0091 0A       		.uleb128 0xa
 1071 0092 00       		.byte	0
 1072 0093 00       		.byte	0
 1073 0094 0D       		.uleb128 0xd
 1074 0095 2E       		.uleb128 0x2e
 1075 0096 01       		.byte	0x1
 1076 0097 3F       		.uleb128 0x3f
 1077 0098 0C       		.uleb128 0xc
 1078 0099 03       		.uleb128 0x3
 1079 009a 0E       		.uleb128 0xe
 1080 009b 3A       		.uleb128 0x3a
 1081 009c 0B       		.uleb128 0xb
 1082 009d 3B       		.uleb128 0x3b
 1083 009e 0B       		.uleb128 0xb
 1084 009f 27       		.uleb128 0x27
 1085 00a0 0C       		.uleb128 0xc
 1086 00a1 11       		.uleb128 0x11
 1087 00a2 01       		.uleb128 0x1
 1088 00a3 12       		.uleb128 0x12
 1089 00a4 01       		.uleb128 0x1
 1090 00a5 40       		.uleb128 0x40
 1091 00a6 06       		.uleb128 0x6
 1092 00a7 9642     		.uleb128 0x2116
 1093 00a9 0C       		.uleb128 0xc
 1094 00aa 01       		.uleb128 0x1
 1095 00ab 13       		.uleb128 0x13
 1096 00ac 00       		.byte	0
 1097 00ad 00       		.byte	0
 1098 00ae 0E       		.uleb128 0xe
 1099 00af 34       		.uleb128 0x34
 1100 00b0 00       		.byte	0
 1101 00b1 03       		.uleb128 0x3
 1102 00b2 08       		.uleb128 0x8
 1103 00b3 3A       		.uleb128 0x3a
 1104 00b4 0B       		.uleb128 0xb
 1105 00b5 3B       		.uleb128 0x3b
 1106 00b6 0B       		.uleb128 0xb
 1107 00b7 49       		.uleb128 0x49
 1108 00b8 13       		.uleb128 0x13
 1109 00b9 02       		.uleb128 0x2
 1110 00ba 0A       		.uleb128 0xa
 1111 00bb 00       		.byte	0
 1112 00bc 00       		.byte	0
 1113 00bd 0F       		.uleb128 0xf
 1114 00be 2E       		.uleb128 0x2e
 1115 00bf 01       		.byte	0x1
 1116 00c0 3F       		.uleb128 0x3f
 1117 00c1 0C       		.uleb128 0xc
 1118 00c2 03       		.uleb128 0x3
 1119 00c3 0E       		.uleb128 0xe
 1120 00c4 3A       		.uleb128 0x3a
 1121 00c5 0B       		.uleb128 0xb
 1122 00c6 3B       		.uleb128 0x3b
ARM GAS  C:\Users\Roland\AppData\Local\Temp\cctjFjZs.s 			page 24


 1123 00c7 0B       		.uleb128 0xb
 1124 00c8 27       		.uleb128 0x27
 1125 00c9 0C       		.uleb128 0xc
 1126 00ca 11       		.uleb128 0x11
 1127 00cb 01       		.uleb128 0x1
 1128 00cc 12       		.uleb128 0x12
 1129 00cd 01       		.uleb128 0x1
 1130 00ce 40       		.uleb128 0x40
 1131 00cf 06       		.uleb128 0x6
 1132 00d0 9742     		.uleb128 0x2117
 1133 00d2 0C       		.uleb128 0xc
 1134 00d3 00       		.byte	0
 1135 00d4 00       		.byte	0
 1136 00d5 10       		.uleb128 0x10
 1137 00d6 34       		.uleb128 0x34
 1138 00d7 00       		.byte	0
 1139 00d8 03       		.uleb128 0x3
 1140 00d9 0E       		.uleb128 0xe
 1141 00da 3A       		.uleb128 0x3a
 1142 00db 0B       		.uleb128 0xb
 1143 00dc 3B       		.uleb128 0x3b
 1144 00dd 0B       		.uleb128 0xb
 1145 00de 49       		.uleb128 0x49
 1146 00df 13       		.uleb128 0x13
 1147 00e0 02       		.uleb128 0x2
 1148 00e1 0A       		.uleb128 0xa
 1149 00e2 00       		.byte	0
 1150 00e3 00       		.byte	0
 1151 00e4 00       		.byte	0
 1152              		.section	.debug_loc,"",%progbits
 1153              	.Ldebug_loc0:
 1154              	.LLST1:
 1155 0000 C4000000 		.4byte	.LFB43-.Ltext0
 1156 0004 C6000000 		.4byte	.LCFI3-.Ltext0
 1157 0008 0200     		.2byte	0x2
 1158 000a 7D       		.byte	0x7d
 1159 000b 00       		.sleb128 0
 1160 000c C6000000 		.4byte	.LCFI3-.Ltext0
 1161 0010 C8000000 		.4byte	.LCFI4-.Ltext0
 1162 0014 0200     		.2byte	0x2
 1163 0016 7D       		.byte	0x7d
 1164 0017 08       		.sleb128 8
 1165 0018 C8000000 		.4byte	.LCFI4-.Ltext0
 1166 001c CA000000 		.4byte	.LCFI5-.Ltext0
 1167 0020 0200     		.2byte	0x2
 1168 0022 7D       		.byte	0x7d
 1169 0023 10       		.sleb128 16
 1170 0024 CA000000 		.4byte	.LCFI5-.Ltext0
 1171 0028 1C010000 		.4byte	.LFE43-.Ltext0
 1172 002c 0200     		.2byte	0x2
 1173 002e 77       		.byte	0x77
 1174 002f 10       		.sleb128 16
 1175 0030 00000000 		.4byte	0
 1176 0034 00000000 		.4byte	0
 1177              	.LLST0:
 1178 0038 00000000 		.4byte	.LFB42-.Ltext0
 1179 003c 02000000 		.4byte	.LCFI0-.Ltext0
ARM GAS  C:\Users\Roland\AppData\Local\Temp\cctjFjZs.s 			page 25


 1180 0040 0200     		.2byte	0x2
 1181 0042 7D       		.byte	0x7d
 1182 0043 00       		.sleb128 0
 1183 0044 02000000 		.4byte	.LCFI0-.Ltext0
 1184 0048 04000000 		.4byte	.LCFI1-.Ltext0
 1185 004c 0200     		.2byte	0x2
 1186 004e 7D       		.byte	0x7d
 1187 004f 08       		.sleb128 8
 1188 0050 04000000 		.4byte	.LCFI1-.Ltext0
 1189 0054 06000000 		.4byte	.LCFI2-.Ltext0
 1190 0058 0200     		.2byte	0x2
 1191 005a 7D       		.byte	0x7d
 1192 005b 10       		.sleb128 16
 1193 005c 06000000 		.4byte	.LCFI2-.Ltext0
 1194 0060 C4000000 		.4byte	.LFE42-.Ltext0
 1195 0064 0200     		.2byte	0x2
 1196 0066 77       		.byte	0x77
 1197 0067 10       		.sleb128 16
 1198 0068 00000000 		.4byte	0
 1199 006c 00000000 		.4byte	0
 1200              		.section	.debug_aranges,"",%progbits
 1201 0000 1C000000 		.4byte	0x1c
 1202 0004 0200     		.2byte	0x2
 1203 0006 00000000 		.4byte	.Ldebug_info0
 1204 000a 04       		.byte	0x4
 1205 000b 00       		.byte	0
 1206 000c 0000     		.2byte	0
 1207 000e 0000     		.2byte	0
 1208 0010 00000000 		.4byte	.Ltext0
 1209 0014 1C010000 		.4byte	.Letext0-.Ltext0
 1210 0018 00000000 		.4byte	0
 1211 001c 00000000 		.4byte	0
 1212              		.section	.debug_line,"",%progbits
 1213              	.Ldebug_line0:
 1214 0000 83010000 		.section	.debug_str,"MS",%progbits,1
 1214      02002B01 
 1214      00000201 
 1214      FB0E0D00 
 1214      01010101 
 1215              	.LASF54:
 1216 0000 53544152 		.ascii	"STARTSRP0\000"
 1216      54535250 
 1216      3000
 1217              	.LASF73:
 1218 000a 433A5C55 		.ascii	"C:\\Users\\Roland\\source\\KeilIDE\\LPC1113_GCC_Kei"
 1218      73657273 
 1218      5C526F6C 
 1218      616E645C 
 1218      736F7572 
 1219 0038 6C5F5561 		.ascii	"l_Uart\000"
 1219      727400
 1220              	.LASF52:
 1221 003f 53544152 		.ascii	"STARTERP0\000"
 1221      54455250 
 1221      3000
 1222              	.LASF56:
 1223 0049 53544152 		.ascii	"STARTERP1\000"
ARM GAS  C:\Users\Roland\AppData\Local\Temp\cctjFjZs.s 			page 26


 1223      54455250 
 1223      3100
 1224              	.LASF2:
 1225 0053 73686F72 		.ascii	"short int\000"
 1225      7420696E 
 1225      7400
 1226              	.LASF17:
 1227 005d 5744544F 		.ascii	"WDTOSCCTRL\000"
 1227      53434354 
 1227      524C00
 1228              	.LASF11:
 1229 0068 5359534D 		.ascii	"SYSMEMREMAP\000"
 1229      454D5245 
 1229      4D415000 
 1230              	.LASF43:
 1231 0074 50494F50 		.ascii	"PIOPORCAP0\000"
 1231      4F524341 
 1231      503000
 1232              	.LASF44:
 1233 007f 50494F50 		.ascii	"PIOPORCAP1\000"
 1233      4F524341 
 1233      503100
 1234              	.LASF6:
 1235 008a 6C6F6E67 		.ascii	"long long int\000"
 1235      206C6F6E 
 1235      6720696E 
 1235      7400
 1236              	.LASF9:
 1237 0098 5F5F7569 		.ascii	"__uint32_t\000"
 1237      6E743332 
 1237      5F7400
 1238              	.LASF13:
 1239 00a3 53595350 		.ascii	"SYSPLLCTRL\000"
 1239      4C4C4354 
 1239      524C00
 1240              	.LASF69:
 1241 00ae 53797374 		.ascii	"SystemAHBFrequency\000"
 1241      656D4148 
 1241      42467265 
 1241      7175656E 
 1241      637900
 1242              	.LASF31:
 1243 00c1 53535030 		.ascii	"SSP0CLKDIV\000"
 1243      434C4B44 
 1243      495600
 1244              	.LASF15:
 1245 00cc 52455345 		.ascii	"RESERVED0\000"
 1245      52564544 
 1245      3000
 1246              	.LASF74:
 1247 00d6 53797374 		.ascii	"SystemInit\000"
 1247      656D496E 
 1247      697400
 1248              	.LASF21:
 1249 00e1 52455345 		.ascii	"RESERVED2\000"
 1249      52564544 
 1249      3200
ARM GAS  C:\Users\Roland\AppData\Local\Temp\cctjFjZs.s 			page 27


 1250              	.LASF62:
 1251 00eb 50445255 		.ascii	"PDRUNCFG\000"
 1251      4E434647 
 1251      00
 1252              	.LASF30:
 1253 00f4 52455345 		.ascii	"RESERVED5\000"
 1253      52564544 
 1253      3500
 1254              	.LASF40:
 1255 00fe 434C4B4F 		.ascii	"CLKOUTUEN\000"
 1255      55545545 
 1255      4E00
 1256              	.LASF0:
 1257 0108 7369676E 		.ascii	"signed char\000"
 1257      65642063 
 1257      68617200 
 1258              	.LASF65:
 1259 0114 4C50435F 		.ascii	"LPC_SYSCON_TypeDef\000"
 1259      53595343 
 1259      4F4E5F54 
 1259      79706544 
 1259      656600
 1260              	.LASF41:
 1261 0127 434C4B4F 		.ascii	"CLKOUTDIV\000"
 1261      55544449 
 1261      5600
 1262              	.LASF7:
 1263 0131 6C6F6E67 		.ascii	"long long unsigned int\000"
 1263      206C6F6E 
 1263      6720756E 
 1263      7369676E 
 1263      65642069 
 1264              	.LASF53:
 1265 0148 53544152 		.ascii	"STARTRSRP0CLR\000"
 1265      54525352 
 1265      5030434C 
 1265      5200
 1266              	.LASF46:
 1267 0156 424F4443 		.ascii	"BODCTRL\000"
 1267      54524C00 
 1268              	.LASF4:
 1269 015e 6C6F6E67 		.ascii	"long int\000"
 1269      20696E74 
 1269      00
 1270              	.LASF18:
 1271 0167 49524343 		.ascii	"IRCCTRL\000"
 1271      54524C00 
 1272              	.LASF26:
 1273 016f 4D41494E 		.ascii	"MAINCLKUEN\000"
 1273      434C4B55 
 1273      454E00
 1274              	.LASF59:
 1275 017a 52455345 		.ascii	"RESERVED17\000"
 1275      52564544 
 1275      313700
 1276              	.LASF71:
 1277 0185 474E5520 		.ascii	"GNU C11 7.3.1 20180622 (release) [ARM/embedded-7-br"
ARM GAS  C:\Users\Roland\AppData\Local\Temp\cctjFjZs.s 			page 28


 1277      43313120 
 1277      372E332E 
 1277      31203230 
 1277      31383036 
 1278 01b8 616E6368 		.ascii	"anch revision 261907] -mcpu=cortex-m0 -mthumb -mapc"
 1278      20726576 
 1278      6973696F 
 1278      6E203236 
 1278      31393037 
 1279 01eb 732D6672 		.ascii	"s-frame -mthumb-interwork -gdwarf-2 -O0\000"
 1279      616D6520 
 1279      2D6D7468 
 1279      756D622D 
 1279      696E7465 
 1280              	.LASF1:
 1281 0213 756E7369 		.ascii	"unsigned char\000"
 1281      676E6564 
 1281      20636861 
 1281      7200
 1282              	.LASF45:
 1283 0221 52455345 		.ascii	"RESERVED10\000"
 1283      52564544 
 1283      313000
 1284              	.LASF75:
 1285 022c 4D61696E 		.ascii	"Main_PLL_Setup\000"
 1285      5F504C4C 
 1285      5F536574 
 1285      757000
 1286              	.LASF48:
 1287 023b 52455345 		.ascii	"RESERVED13\000"
 1287      52564544 
 1287      313300
 1288              	.LASF50:
 1289 0246 52455345 		.ascii	"RESERVED14\000"
 1289      52564544 
 1289      313400
 1290              	.LASF63:
 1291 0251 52455345 		.ascii	"RESERVED15\000"
 1291      52564544 
 1291      313500
 1292              	.LASF70:
 1293 025c 72656756 		.ascii	"regVal\000"
 1293      616C00
 1294              	.LASF67:
 1295 0263 436C6F63 		.ascii	"ClockSource\000"
 1295      6B536F75 
 1295      72636500 
 1296              	.LASF10:
 1297 026f 75696E74 		.ascii	"uint32_t\000"
 1297      33325F74 
 1297      00
 1298              	.LASF8:
 1299 0278 756E7369 		.ascii	"unsigned int\000"
 1299      676E6564 
 1299      20696E74 
 1299      00
 1300              	.LASF32:
ARM GAS  C:\Users\Roland\AppData\Local\Temp\cctjFjZs.s 			page 29


 1301 0285 55415254 		.ascii	"UARTCLKDIV\000"
 1301      434C4B44 
 1301      495600
 1302              	.LASF5:
 1303 0290 6C6F6E67 		.ascii	"long unsigned int\000"
 1303      20756E73 
 1303      69676E65 
 1303      6420696E 
 1303      7400
 1304              	.LASF64:
 1305 02a2 44455649 		.ascii	"DEVICE_ID\000"
 1305      43455F49 
 1305      4400
 1306              	.LASF68:
 1307 02ac 53797374 		.ascii	"SystemFrequency\000"
 1307      656D4672 
 1307      65717565 
 1307      6E637900 
 1308              	.LASF3:
 1309 02bc 73686F72 		.ascii	"short unsigned int\000"
 1309      7420756E 
 1309      7369676E 
 1309      65642069 
 1309      6E7400
 1310              	.LASF57:
 1311 02cf 53544152 		.ascii	"STARTRSRP1CLR\000"
 1311      54525352 
 1311      5031434C 
 1311      5200
 1312              	.LASF23:
 1313 02dd 53595350 		.ascii	"SYSPLLCLKUEN\000"
 1313      4C4C434C 
 1313      4B55454E 
 1313      00
 1314              	.LASF20:
 1315 02ea 53595352 		.ascii	"SYSRSTSTAT\000"
 1315      53545354 
 1315      415400
 1316              	.LASF25:
 1317 02f5 4D41494E 		.ascii	"MAINCLKSEL\000"
 1317      434C4B53 
 1317      454C00
 1318              	.LASF29:
 1319 0300 53595341 		.ascii	"SYSAHBCLKCTRL\000"
 1319      4842434C 
 1319      4B435452 
 1319      4C00
 1320              	.LASF72:
 1321 030e 53746172 		.ascii	"Startup/system_LPC11xx.c\000"
 1321      7475702F 
 1321      73797374 
 1321      656D5F4C 
 1321      50433131 
 1322              	.LASF66:
 1323 0327 53797374 		.ascii	"SystemCoreClock\000"
 1323      656D436F 
 1323      7265436C 
ARM GAS  C:\Users\Roland\AppData\Local\Temp\cctjFjZs.s 			page 30


 1323      6F636B00 
 1324              	.LASF58:
 1325 0337 53544152 		.ascii	"STARTSRP1\000"
 1325      54535250 
 1325      3100
 1326              	.LASF36:
 1327 0341 57445443 		.ascii	"WDTCLKUEN\000"
 1327      4C4B5545 
 1327      4E00
 1328              	.LASF33:
 1329 034b 53535031 		.ascii	"SSP1CLKDIV\000"
 1329      434C4B44 
 1329      495600
 1330              	.LASF19:
 1331 0356 52455345 		.ascii	"RESERVED1\000"
 1331      52564544 
 1331      3100
 1332              	.LASF60:
 1333 0360 5044534C 		.ascii	"PDSLEEPCFG\000"
 1333      45455043 
 1333      464700
 1334              	.LASF24:
 1335 036b 52455345 		.ascii	"RESERVED3\000"
 1335      52564544 
 1335      3300
 1336              	.LASF28:
 1337 0375 52455345 		.ascii	"RESERVED4\000"
 1337      52564544 
 1337      3400
 1338              	.LASF39:
 1339 037f 434C4B4F 		.ascii	"CLKOUTCLKSEL\000"
 1339      5554434C 
 1339      4B53454C 
 1339      00
 1340              	.LASF34:
 1341 038c 52455345 		.ascii	"RESERVED6\000"
 1341      52564544 
 1341      3600
 1342              	.LASF49:
 1343 0396 4E4D4953 		.ascii	"NMISRC\000"
 1343      524300
 1344              	.LASF38:
 1345 039d 52455345 		.ascii	"RESERVED8\000"
 1345      52564544 
 1345      3800
 1346              	.LASF42:
 1347 03a7 52455345 		.ascii	"RESERVED9\000"
 1347      52564544 
 1347      3900
 1348              	.LASF37:
 1349 03b1 57445443 		.ascii	"WDTCLKDIV\000"
 1349      4C4B4449 
 1349      5600
 1350              	.LASF61:
 1351 03bb 50444157 		.ascii	"PDAWAKECFG\000"
 1351      414B4543 
 1351      464700
ARM GAS  C:\Users\Roland\AppData\Local\Temp\cctjFjZs.s 			page 31


 1352              	.LASF14:
 1353 03c6 53595350 		.ascii	"SYSPLLSTAT\000"
 1353      4C4C5354 
 1353      415400
 1354              	.LASF22:
 1355 03d1 53595350 		.ascii	"SYSPLLCLKSEL\000"
 1355      4C4C434C 
 1355      4B53454C 
 1355      00
 1356              	.LASF27:
 1357 03de 53595341 		.ascii	"SYSAHBCLKDIV\000"
 1357      4842434C 
 1357      4B444956 
 1357      00
 1358              	.LASF51:
 1359 03eb 53544152 		.ascii	"STARTAPRP0\000"
 1359      54415052 
 1359      503000
 1360              	.LASF12:
 1361 03f6 50524553 		.ascii	"PRESETCTRL\000"
 1361      45544354 
 1361      524C00
 1362              	.LASF16:
 1363 0401 5359534F 		.ascii	"SYSOSCCTRL\000"
 1363      53434354 
 1363      524C00
 1364              	.LASF55:
 1365 040c 53544152 		.ascii	"STARTAPRP1\000"
 1365      54415052 
 1365      503100
 1366              	.LASF35:
 1367 0417 57445443 		.ascii	"WDTCLKSEL\000"
 1367      4C4B5345 
 1367      4C00
 1368              	.LASF47:
 1369 0421 53595354 		.ascii	"SYSTCKCAL\000"
 1369      434B4341 
 1369      4C00
 1370              		.ident	"GCC: (GNU Tools for Arm Embedded Processors 7-2018-q2-update) 7.3.1 20180622 (release) [AR
ARM GAS  C:\Users\Roland\AppData\Local\Temp\cctjFjZs.s 			page 32


DEFINED SYMBOLS
                            *ABS*:00000000 system_LPC11xx.c
C:\Users\Roland\AppData\Local\Temp\cctjFjZs.s:20     .data:00000000 ClockSource
C:\Users\Roland\AppData\Local\Temp\cctjFjZs.s:17     .data:00000000 $d
C:\Users\Roland\AppData\Local\Temp\cctjFjZs.s:26     .data:00000004 SystemFrequency
C:\Users\Roland\AppData\Local\Temp\cctjFjZs.s:32     .data:00000008 SystemAHBFrequency
C:\Users\Roland\AppData\Local\Temp\cctjFjZs.s:35     .text:00000000 $t
C:\Users\Roland\AppData\Local\Temp\cctjFjZs.s:42     .text:00000000 Main_PLL_Setup
C:\Users\Roland\AppData\Local\Temp\cctjFjZs.s:175    .text:000000b0 $d
C:\Users\Roland\AppData\Local\Temp\cctjFjZs.s:183    .text:000000c4 $t
C:\Users\Roland\AppData\Local\Temp\cctjFjZs.s:190    .text:000000c4 SystemInit
C:\Users\Roland\AppData\Local\Temp\cctjFjZs.s:259    .text:00000118 $d

NO UNDEFINED SYMBOLS
