ARM GAS  C:\Users\Roland\AppData\Local\Temp\ccms8HzS.s 			page 1


   1              		.cpu cortex-m0
   2              		.eabi_attribute 20, 1
   3              		.eabi_attribute 21, 1
   4              		.eabi_attribute 23, 3
   5              		.eabi_attribute 24, 1
   6              		.eabi_attribute 25, 1
   7              		.eabi_attribute 26, 1
   8              		.eabi_attribute 30, 1
   9              		.eabi_attribute 34, 0
  10              		.eabi_attribute 18, 4
  11              		.file	"blinky.c"
  12              		.text
  13              	.Ltext0:
  14              		.cfi_sections	.debug_frame
  15              		.align	1
  16              		.global	Delay
  17              		.syntax unified
  18              		.code	16
  19              		.thumb_func
  20              		.fpu softvfp
  21              		.type	Delay, %function
  22              	Delay:
  23              	.LFB43:
  24              		.file 1 "blinky.c"
   1:blinky.c      **** #include <LPC11xx.h>
   2:blinky.c      **** 
   3:blinky.c      **** const uint32_t led_mask[] = {1UL << 18, 1UL << 19, 1UL << 1};
   4:blinky.c      **** // LED #0, #1 are port B, LED #2 is port D
   5:blinky.c      **** 
   6:blinky.c      **** void   LED_Config(void);
   7:blinky.c      **** void   LED_Set(void);
   8:blinky.c      **** void   LED_Clear(void);
   9:blinky.c      **** //__INLINE static void LED_On (uint32_t led);
  10:blinky.c      **** //__INLINE static void LED_Off (uint32_t led);
  11:blinky.c      **** void   Delay(uint32_t nCount);
  12:blinky.c      **** 
  13:blinky.c      **** int32_t dummy;
  14:blinky.c      **** 
  15:blinky.c      **** int main(void)
  16:blinky.c      **** {
  17:blinky.c      **** 	dummy = 2;
  18:blinky.c      ****   //SystemInit();
  19:blinky.c      ****   //SystemCoreClockUpdate();
  20:blinky.c      **** 	
  21:blinky.c      ****   // Configure LED outputs
  22:blinky.c      ****   LED_Config();
  23:blinky.c      **** 
  24:blinky.c      **** 
  25:blinky.c      **** #define LOOP_COUNT 0x08000
  26:blinky.c      ****   while(1){
  27:blinky.c      **** 
  28:blinky.c      ****     __NOP();
  29:blinky.c      **** 		
  30:blinky.c      **** 	 Delay(LOOP_COUNT);
  31:blinky.c      ****    LED_Set();
  32:blinky.c      ****    Delay(LOOP_COUNT);
  33:blinky.c      ****    LED_Clear();
ARM GAS  C:\Users\Roland\AppData\Local\Temp\ccms8HzS.s 			page 2


  34:blinky.c      ****    };
  35:blinky.c      **** }
  36:blinky.c      **** 
  37:blinky.c      **** void Delay(uint32_t nCount)
  38:blinky.c      **** {
  25              		.loc 1 38 0
  26              		.cfi_startproc
  27              		@ args = 0, pretend = 0, frame = 0
  28              		@ frame_needed = 0, uses_anonymous_args = 0
  29              		@ link register save eliminated.
  30              	.LVL0:
  39:blinky.c      ****   while(nCount--)
  31              		.loc 1 39 0
  32 0000 431E     		subs	r3, r0, #1
  33              	.LVL1:
  34 0002 0028     		cmp	r0, #0
  35 0004 02D0     		beq	.L1
  36              	.L3:
  40:blinky.c      ****   {
  41:blinky.c      ****   __NOP();
  37              		.loc 1 41 0
  38              		.syntax divided
  39              	@ 41 "blinky.c" 1
  40 0006 C046     		nop
  41              	@ 0 "" 2
  42              	.LVL2:
  39:blinky.c      ****   while(nCount--)
  43              		.loc 1 39 0
  44              		.thumb
  45              		.syntax unified
  46 0008 013B     		subs	r3, r3, #1
  47 000a FCD2     		bcs	.L3
  48              	.LVL3:
  49              	.L1:
  42:blinky.c      ****   }
  43:blinky.c      **** }
  50              		.loc 1 43 0
  51              		@ sp needed
  52 000c 7047     		bx	lr
  53              		.cfi_endproc
  54              	.LFE43:
  55              		.size	Delay, .-Delay
  56              		.align	1
  57              		.global	LED_Config
  58              		.syntax unified
  59              		.code	16
  60              		.thumb_func
  61              		.fpu softvfp
  62              		.type	LED_Config, %function
  63              	LED_Config:
  64              	.LFB44:
  44:blinky.c      **** 
  45:blinky.c      **** 
  46:blinky.c      **** void LED_Config(void)
  47:blinky.c      **** {
  65              		.loc 1 47 0
  66              		.cfi_startproc
ARM GAS  C:\Users\Roland\AppData\Local\Temp\ccms8HzS.s 			page 3


  67              		@ args = 0, pretend = 0, frame = 0
  68              		@ frame_needed = 0, uses_anonymous_args = 0
  69              		@ link register save eliminated.
  48:blinky.c      ****   // Enable clocks to GPIO and IO config block
  49:blinky.c      ****   // Bit 6: GPIO, bit 16: IO config
  50:blinky.c      ****   LPC_SYSCON->SYSAHBCLKCTRL |=  ((1<<16) | (1<<6));
  70              		.loc 1 50 0
  71 000e 0A49     		ldr	r1, .L6
  72 0010 8022     		movs	r2, #128
  73 0012 8858     		ldr	r0, [r1, r2]
  74 0014 094B     		ldr	r3, .L6+4
  75 0016 0343     		orrs	r3, r0
  76 0018 8B50     		str	r3, [r1, r2]
  51:blinky.c      **** 	
  52:blinky.c      ****   __NOP(); // Short time delay
  77              		.loc 1 52 0
  78              		.syntax divided
  79              	@ 52 "blinky.c" 1
  80 001a C046     		nop
  81              	@ 0 "" 2
  53:blinky.c      ****   __NOP();
  82              		.loc 1 53 0
  83              	@ 53 "blinky.c" 1
  84 001c C046     		nop
  85              	@ 0 "" 2
  54:blinky.c      ****   __NOP();
  86              		.loc 1 54 0
  87              	@ 54 "blinky.c" 1
  88 001e C046     		nop
  89              	@ 0 "" 2
  55:blinky.c      **** 	
  56:blinky.c      ****   // PIO1_5 IO output config
  57:blinky.c      ****   //  bit[10]  - Open drain (0 = standard I/O, 1 = open drain)
  58:blinky.c      ****   //  bit[5]   - Hysteresis (0=disable, 1 =enable)
  59:blinky.c      ****   //  bit[4:3] - MODE(0=inactive, 1 =pulldown, 2=pullup, 3=repeater)
  60:blinky.c      ****   //  bit[2:0] - Function (0 = IO, 1=~RTS, 2=CT32B0_CAP0)
  61:blinky.c      ****   LPC_IOCON->PIO1_5 = (0<<10) | (0<<5) | (0<<3) | (0x0);
  90              		.loc 1 61 0
  91              		.thumb
  92              		.syntax unified
  93 0020 074A     		ldr	r2, .L6+8
  94 0022 A023     		movs	r3, #160
  95 0024 0021     		movs	r1, #0
  96 0026 D150     		str	r1, [r2, r3]
  62:blinky.c      **** 
  63:blinky.c      ****   // Optional: Turn off clock to I/O Config block to save power
  64:blinky.c      ****   // LPC_SYSCON->SYSAHBCLKCTRL &=  ~(1<<16);
  65:blinky.c      **** 
  66:blinky.c      ****   // Set pin 8 as output
  67:blinky.c      ****   LPC_GPIO1->DIR = LPC_GPIO1->DIR | (1<<5);	
  97              		.loc 1 67 0
  98 0028 0649     		ldr	r1, .L6+12
  99 002a 8022     		movs	r2, #128
 100 002c 1202     		lsls	r2, r2, #8
 101 002e 8B58     		ldr	r3, [r1, r2]
 102 0030 2020     		movs	r0, #32
 103 0032 0343     		orrs	r3, r0
ARM GAS  C:\Users\Roland\AppData\Local\Temp\ccms8HzS.s 			page 4


 104 0034 8B50     		str	r3, [r1, r2]
  68:blinky.c      ****   return;
  69:blinky.c      **** }
 105              		.loc 1 69 0
 106              		@ sp needed
 107 0036 7047     		bx	lr
 108              	.L7:
 109              		.align	2
 110              	.L6:
 111 0038 00800440 		.word	1074036736
 112 003c 40000100 		.word	65600
 113 0040 00400440 		.word	1074020352
 114 0044 00000150 		.word	1342242816
 115              		.cfi_endproc
 116              	.LFE44:
 117              		.size	LED_Config, .-LED_Config
 118              		.align	1
 119              		.global	main
 120              		.syntax unified
 121              		.code	16
 122              		.thumb_func
 123              		.fpu softvfp
 124              		.type	main, %function
 125              	main:
 126              	.LFB42:
  16:blinky.c      **** 	dummy = 2;
 127              		.loc 1 16 0
 128              		.cfi_startproc
 129              		@ Volatile: function does not return.
 130              		@ args = 0, pretend = 0, frame = 0
 131              		@ frame_needed = 0, uses_anonymous_args = 0
 132 0048 70B5     		push	{r4, r5, r6, lr}
 133              	.LCFI0:
 134              		.cfi_def_cfa_offset 16
 135              		.cfi_offset 4, -16
 136              		.cfi_offset 5, -12
 137              		.cfi_offset 6, -8
 138              		.cfi_offset 14, -4
  17:blinky.c      ****   //SystemInit();
 139              		.loc 1 17 0
 140 004a 0A4B     		ldr	r3, .L10
 141 004c 0222     		movs	r2, #2
 142 004e 1A60     		str	r2, [r3]
  22:blinky.c      **** 
 143              		.loc 1 22 0
 144 0050 FFF7FEFF 		bl	LED_Config
 145              	.LVL4:
  30:blinky.c      ****    LED_Set();
 146              		.loc 1 30 0
 147 0054 8026     		movs	r6, #128
 148 0056 3602     		lsls	r6, r6, #8
 149              	.LBB6:
 150              	.LBB7:
  70:blinky.c      **** 
  71:blinky.c      **** /*------------------------------------------------------------------------------
  72:blinky.c      ****   Switch on LEDs
  73:blinky.c      ****  *------------------------------------------------------------------------------*/
ARM GAS  C:\Users\Roland\AppData\Local\Temp\ccms8HzS.s 			page 5


  74:blinky.c      **** void LED_Set(void)
  75:blinky.c      **** {
  76:blinky.c      ****   // Set bit 5 output to 1
  77:blinky.c      ****   LPC_GPIO1->MASKED_ACCESS[1<<5] = (1<<5);
 151              		.loc 1 77 0
 152 0058 074D     		ldr	r5, .L10+4
 153 005a 8024     		movs	r4, #128
 154              	.L9:
 155              	.LBE7:
 156              	.LBE6:
  28:blinky.c      **** 		
 157              		.loc 1 28 0 discriminator 1
 158              		.syntax divided
 159              	@ 28 "blinky.c" 1
 160 005c C046     		nop
 161              	@ 0 "" 2
  30:blinky.c      ****    LED_Set();
 162              		.loc 1 30 0 discriminator 1
 163              		.thumb
 164              		.syntax unified
 165 005e 3000     		movs	r0, r6
 166 0060 FFF7FEFF 		bl	Delay
 167              	.LVL5:
 168              	.LBB9:
 169              	.LBB8:
 170              		.loc 1 77 0 discriminator 1
 171 0064 2023     		movs	r3, #32
 172 0066 2B51     		str	r3, [r5, r4]
 173              	.LBE8:
 174              	.LBE9:
  32:blinky.c      ****    LED_Clear();
 175              		.loc 1 32 0 discriminator 1
 176 0068 3000     		movs	r0, r6
 177 006a FFF7FEFF 		bl	Delay
 178              	.LVL6:
 179              	.LBB10:
 180              	.LBB11:
  78:blinky.c      ****   return;
  79:blinky.c      **** }
  80:blinky.c      **** 
  81:blinky.c      **** /*------------------------------------------------------------------------------
  82:blinky.c      ****   Switch off LEDs
  83:blinky.c      ****  *------------------------------------------------------------------------------*/
  84:blinky.c      **** 
  85:blinky.c      **** void LED_Clear(void)
  86:blinky.c      **** {
  87:blinky.c      ****   // Clear bit 5 output to 1
  88:blinky.c      ****   LPC_GPIO1->MASKED_ACCESS[1<<5] = 0;
 181              		.loc 1 88 0 discriminator 1
 182 006e 0023     		movs	r3, #0
 183 0070 2B51     		str	r3, [r5, r4]
 184 0072 F3E7     		b	.L9
 185              	.L11:
 186              		.align	2
 187              	.L10:
 188 0074 00000000 		.word	dummy
 189 0078 00000150 		.word	1342242816
ARM GAS  C:\Users\Roland\AppData\Local\Temp\ccms8HzS.s 			page 6


 190              	.LBE11:
 191              	.LBE10:
 192              		.cfi_endproc
 193              	.LFE42:
 194              		.size	main, .-main
 195              		.align	1
 196              		.global	LED_Set
 197              		.syntax unified
 198              		.code	16
 199              		.thumb_func
 200              		.fpu softvfp
 201              		.type	LED_Set, %function
 202              	LED_Set:
 203              	.LFB45:
  75:blinky.c      ****   // Set bit 5 output to 1
 204              		.loc 1 75 0
 205              		.cfi_startproc
 206              		@ args = 0, pretend = 0, frame = 0
 207              		@ frame_needed = 0, uses_anonymous_args = 0
 208              		@ link register save eliminated.
  77:blinky.c      ****   return;
 209              		.loc 1 77 0
 210 007c 024A     		ldr	r2, .L13
 211 007e 8023     		movs	r3, #128
 212 0080 2021     		movs	r1, #32
 213 0082 D150     		str	r1, [r2, r3]
  79:blinky.c      **** 
 214              		.loc 1 79 0
 215              		@ sp needed
 216 0084 7047     		bx	lr
 217              	.L14:
 218 0086 C046     		.align	2
 219              	.L13:
 220 0088 00000150 		.word	1342242816
 221              		.cfi_endproc
 222              	.LFE45:
 223              		.size	LED_Set, .-LED_Set
 224              		.align	1
 225              		.global	LED_Clear
 226              		.syntax unified
 227              		.code	16
 228              		.thumb_func
 229              		.fpu softvfp
 230              		.type	LED_Clear, %function
 231              	LED_Clear:
 232              	.LFB46:
  86:blinky.c      ****   // Clear bit 5 output to 1
 233              		.loc 1 86 0
 234              		.cfi_startproc
 235              		@ args = 0, pretend = 0, frame = 0
 236              		@ frame_needed = 0, uses_anonymous_args = 0
 237              		@ link register save eliminated.
 238              		.loc 1 88 0
 239 008c 024A     		ldr	r2, .L16
 240 008e 8023     		movs	r3, #128
 241 0090 0021     		movs	r1, #0
 242 0092 D150     		str	r1, [r2, r3]
ARM GAS  C:\Users\Roland\AppData\Local\Temp\ccms8HzS.s 			page 7


  89:blinky.c      ****   return;	
  90:blinky.c      **** }
 243              		.loc 1 90 0
 244              		@ sp needed
 245 0094 7047     		bx	lr
 246              	.L17:
 247 0096 C046     		.align	2
 248              	.L16:
 249 0098 00000150 		.word	1342242816
 250              		.cfi_endproc
 251              	.LFE46:
 252              		.size	LED_Clear, .-LED_Clear
 253              		.comm	dummy,4,4
 254              		.global	led_mask
 255              		.section	.rodata
 256              		.align	2
 257              		.type	led_mask, %object
 258              		.size	led_mask, 12
 259              	led_mask:
 260 0000 00000400 		.word	262144
 261 0004 00000800 		.word	524288
 262 0008 02000000 		.word	2
 263              		.text
 264              	.Letext0:
 265              		.file 2 "c:\\nanoframework_tools\\gnu_arm_toolchain\\8-2018-q4_major\\arm-none-eabi\\include\\mach
 266              		.file 3 "c:\\nanoframework_tools\\gnu_arm_toolchain\\8-2018-q4_major\\arm-none-eabi\\include\\sys\
 267              		.file 4 "./CMSIS/Include/LPC11xx.h"
 268              		.file 5 "./CMSIS/Include/system_LPC11xx.h"
 269              		.section	.debug_info,"",%progbits
 270              	.Ldebug_info0:
 271 0000 EA090000 		.4byte	0x9ea
 272 0004 0200     		.2byte	0x2
 273 0006 00000000 		.4byte	.Ldebug_abbrev0
 274 000a 04       		.byte	0x4
 275 000b 01       		.uleb128 0x1
 276 000c A1010000 		.4byte	.LASF129
 277 0010 0C       		.byte	0xc
 278 0011 90010000 		.4byte	.LASF130
 279 0015 26000000 		.4byte	.LASF131
 280 0019 00000000 		.4byte	.Ltext0
 281 001d 9C000000 		.4byte	.Letext0
 282 0021 00000000 		.4byte	.Ldebug_line0
 283 0025 02       		.uleb128 0x2
 284 0026 01       		.byte	0x1
 285 0027 06       		.byte	0x6
 286 0028 B2050000 		.4byte	.LASF0
 287 002c 02       		.uleb128 0x2
 288 002d 01       		.byte	0x1
 289 002e 08       		.byte	0x8
 290 002f 05050000 		.4byte	.LASF1
 291 0033 02       		.uleb128 0x2
 292 0034 02       		.byte	0x2
 293 0035 05       		.byte	0x5
 294 0036 21040000 		.4byte	.LASF2
 295 003a 02       		.uleb128 0x2
 296 003b 02       		.byte	0x2
 297 003c 07       		.byte	0x7
ARM GAS  C:\Users\Roland\AppData\Local\Temp\ccms8HzS.s 			page 8


 298 003d BE050000 		.4byte	.LASF3
 299 0041 03       		.uleb128 0x3
 300 0042 83000000 		.4byte	.LASF5
 301 0046 02       		.byte	0x2
 302 0047 4D       		.byte	0x4d
 303 0048 4C000000 		.4byte	0x4c
 304 004c 02       		.uleb128 0x2
 305 004d 04       		.byte	0x4
 306 004e 05       		.byte	0x5
 307 004f 49040000 		.4byte	.LASF4
 308 0053 03       		.uleb128 0x3
 309 0054 1B050000 		.4byte	.LASF6
 310 0058 02       		.byte	0x2
 311 0059 4F       		.byte	0x4f
 312 005a 5E000000 		.4byte	0x5e
 313 005e 02       		.uleb128 0x2
 314 005f 04       		.byte	0x4
 315 0060 07       		.byte	0x7
 316 0061 AD040000 		.4byte	.LASF7
 317 0065 02       		.uleb128 0x2
 318 0066 08       		.byte	0x8
 319 0067 05       		.byte	0x5
 320 0068 DB020000 		.4byte	.LASF8
 321 006c 02       		.uleb128 0x2
 322 006d 08       		.byte	0x8
 323 006e 07       		.byte	0x7
 324 006f 36010000 		.4byte	.LASF9
 325 0073 04       		.uleb128 0x4
 326 0074 04       		.byte	0x4
 327 0075 05       		.byte	0x5
 328 0076 696E7400 		.ascii	"int\000"
 329 007a 02       		.uleb128 0x2
 330 007b 04       		.byte	0x4
 331 007c 07       		.byte	0x7
 332 007d 0B000000 		.4byte	.LASF10
 333 0081 03       		.uleb128 0x3
 334 0082 E9040000 		.4byte	.LASF11
 335 0086 03       		.byte	0x3
 336 0087 2C       		.byte	0x2c
 337 0088 41000000 		.4byte	0x41
 338 008c 03       		.uleb128 0x3
 339 008d FD000000 		.4byte	.LASF12
 340 0091 03       		.byte	0x3
 341 0092 30       		.byte	0x30
 342 0093 53000000 		.4byte	0x53
 343 0097 05       		.uleb128 0x5
 344 0098 8C000000 		.4byte	0x8c
 345 009c 06       		.uleb128 0x6
 346 009d 97000000 		.4byte	0x97
 347 00a1 06       		.uleb128 0x6
 348 00a2 8C000000 		.4byte	0x8c
 349 00a6 07       		.uleb128 0x7
 350 00a7 B7030000 		.4byte	.LASF124
 351 00ab 05       		.byte	0x5
 352 00ac 23       		.byte	0x23
 353 00ad 8C000000 		.4byte	0x8c
 354 00b1 01       		.byte	0x1
ARM GAS  C:\Users\Roland\AppData\Local\Temp\ccms8HzS.s 			page 9


 355 00b2 01       		.byte	0x1
 356 00b3 08       		.uleb128 0x8
 357 00b4 F803     		.2byte	0x3f8
 358 00b6 04       		.byte	0x4
 359 00b7 7E       		.byte	0x7e
 360 00b8 D5030000 		.4byte	0x3d5
 361 00bc 09       		.uleb128 0x9
 362 00bd 57030000 		.4byte	.LASF13
 363 00c1 04       		.byte	0x4
 364 00c2 80       		.byte	0x80
 365 00c3 97000000 		.4byte	0x97
 366 00c7 02       		.byte	0x2
 367 00c8 23       		.byte	0x23
 368 00c9 00       		.uleb128 0
 369 00ca 09       		.uleb128 0x9
 370 00cb 78000000 		.4byte	.LASF14
 371 00cf 04       		.byte	0x4
 372 00d0 81       		.byte	0x81
 373 00d1 97000000 		.4byte	0x97
 374 00d5 02       		.byte	0x2
 375 00d6 23       		.byte	0x23
 376 00d7 04       		.uleb128 0x4
 377 00d8 09       		.uleb128 0x9
 378 00d9 B1000000 		.4byte	.LASF15
 379 00dd 04       		.byte	0x4
 380 00de 82       		.byte	0x82
 381 00df 97000000 		.4byte	0x97
 382 00e3 02       		.byte	0x2
 383 00e4 23       		.byte	0x23
 384 00e5 08       		.uleb128 0x8
 385 00e6 09       		.uleb128 0x9
 386 00e7 72010000 		.4byte	.LASF16
 387 00eb 04       		.byte	0x4
 388 00ec 83       		.byte	0x83
 389 00ed 97000000 		.4byte	0x97
 390 00f1 02       		.byte	0x2
 391 00f2 23       		.byte	0x23
 392 00f3 0C       		.uleb128 0xc
 393 00f4 09       		.uleb128 0x9
 394 00f5 DB030000 		.4byte	.LASF17
 395 00f9 04       		.byte	0x4
 396 00fa 84       		.byte	0x84
 397 00fb D5030000 		.4byte	0x3d5
 398 00ff 02       		.byte	0x2
 399 0100 23       		.byte	0x23
 400 0101 10       		.uleb128 0x10
 401 0102 09       		.uleb128 0x9
 402 0103 00000000 		.4byte	.LASF18
 403 0107 04       		.byte	0x4
 404 0108 86       		.byte	0x86
 405 0109 97000000 		.4byte	0x97
 406 010d 02       		.byte	0x2
 407 010e 23       		.byte	0x23
 408 010f 20       		.uleb128 0x20
 409 0110 09       		.uleb128 0x9
 410 0111 4D010000 		.4byte	.LASF19
 411 0115 04       		.byte	0x4
ARM GAS  C:\Users\Roland\AppData\Local\Temp\ccms8HzS.s 			page 10


 412 0116 87       		.byte	0x87
 413 0117 97000000 		.4byte	0x97
 414 011b 02       		.byte	0x2
 415 011c 23       		.byte	0x23
 416 011d 24       		.uleb128 0x24
 417 011e 09       		.uleb128 0x9
 418 011f D6050000 		.4byte	.LASF20
 419 0123 04       		.byte	0x4
 420 0124 88       		.byte	0x88
 421 0125 97000000 		.4byte	0x97
 422 0129 02       		.byte	0x2
 423 012a 23       		.byte	0x23
 424 012b 28       		.uleb128 0x28
 425 012c 09       		.uleb128 0x9
 426 012d E5030000 		.4byte	.LASF21
 427 0131 04       		.byte	0x4
 428 0132 89       		.byte	0x89
 429 0133 E5030000 		.4byte	0x3e5
 430 0137 02       		.byte	0x2
 431 0138 23       		.byte	0x23
 432 0139 2C       		.uleb128 0x2c
 433 013a 09       		.uleb128 0x9
 434 013b 94050000 		.4byte	.LASF22
 435 013f 04       		.byte	0x4
 436 0140 8A       		.byte	0x8a
 437 0141 97000000 		.4byte	0x97
 438 0145 02       		.byte	0x2
 439 0146 23       		.byte	0x23
 440 0147 30       		.uleb128 0x30
 441 0148 09       		.uleb128 0x9
 442 0149 EF030000 		.4byte	.LASF23
 443 014d 04       		.byte	0x4
 444 014e 8B       		.byte	0x8b
 445 014f F5030000 		.4byte	0x3f5
 446 0153 02       		.byte	0x2
 447 0154 23       		.byte	0x23
 448 0155 34       		.uleb128 0x34
 449 0156 09       		.uleb128 0x9
 450 0157 CE020000 		.4byte	.LASF24
 451 015b 04       		.byte	0x4
 452 015c 8C       		.byte	0x8c
 453 015d 97000000 		.4byte	0x97
 454 0161 02       		.byte	0x2
 455 0162 23       		.byte	0x23
 456 0163 40       		.uleb128 0x40
 457 0164 09       		.uleb128 0x9
 458 0165 58010000 		.4byte	.LASF25
 459 0169 04       		.byte	0x4
 460 016a 8D       		.byte	0x8d
 461 016b 97000000 		.4byte	0x97
 462 016f 02       		.byte	0x2
 463 0170 23       		.byte	0x23
 464 0171 44       		.uleb128 0x44
 465 0172 09       		.uleb128 0x9
 466 0173 F9030000 		.4byte	.LASF26
 467 0177 04       		.byte	0x4
 468 0178 8E       		.byte	0x8e
ARM GAS  C:\Users\Roland\AppData\Local\Temp\ccms8HzS.s 			page 11


 469 0179 05040000 		.4byte	0x405
 470 017d 02       		.byte	0x2
 471 017e 23       		.byte	0x23
 472 017f 48       		.uleb128 0x48
 473 0180 09       		.uleb128 0x9
 474 0181 5D000000 		.4byte	.LASF27
 475 0185 04       		.byte	0x4
 476 0186 90       		.byte	0x90
 477 0187 97000000 		.4byte	0x97
 478 018b 02       		.byte	0x2
 479 018c 23       		.byte	0x23
 480 018d 70       		.uleb128 0x70
 481 018e 09       		.uleb128 0x9
 482 018f 77050000 		.4byte	.LASF28
 483 0193 04       		.byte	0x4
 484 0194 91       		.byte	0x91
 485 0195 97000000 		.4byte	0x97
 486 0199 02       		.byte	0x2
 487 019a 23       		.byte	0x23
 488 019b 74       		.uleb128 0x74
 489 019c 09       		.uleb128 0x9
 490 019d B6020000 		.4byte	.LASF29
 491 01a1 04       		.byte	0x4
 492 01a2 92       		.byte	0x92
 493 01a3 97000000 		.4byte	0x97
 494 01a7 02       		.byte	0x2
 495 01a8 23       		.byte	0x23
 496 01a9 78       		.uleb128 0x78
 497 01aa 09       		.uleb128 0x9
 498 01ab 03040000 		.4byte	.LASF30
 499 01af 04       		.byte	0x4
 500 01b0 93       		.byte	0x93
 501 01b1 E5030000 		.4byte	0x3e5
 502 01b5 02       		.byte	0x2
 503 01b6 23       		.byte	0x23
 504 01b7 7C       		.uleb128 0x7c
 505 01b8 09       		.uleb128 0x9
 506 01b9 18000000 		.4byte	.LASF31
 507 01bd 04       		.byte	0x4
 508 01be 95       		.byte	0x95
 509 01bf 97000000 		.4byte	0x97
 510 01c3 03       		.byte	0x3
 511 01c4 23       		.byte	0x23
 512 01c5 8001     		.uleb128 0x80
 513 01c7 09       		.uleb128 0x9
 514 01c8 0D040000 		.4byte	.LASF32
 515 01cc 04       		.byte	0x4
 516 01cd 96       		.byte	0x96
 517 01ce D5030000 		.4byte	0x3d5
 518 01d2 03       		.byte	0x3
 519 01d3 23       		.byte	0x23
 520 01d4 8401     		.uleb128 0x84
 521 01d6 09       		.uleb128 0x9
 522 01d7 87040000 		.4byte	.LASF33
 523 01db 04       		.byte	0x4
 524 01dc 97       		.byte	0x97
 525 01dd 97000000 		.4byte	0x97
ARM GAS  C:\Users\Roland\AppData\Local\Temp\ccms8HzS.s 			page 12


 526 01e1 03       		.byte	0x3
 527 01e2 23       		.byte	0x23
 528 01e3 9401     		.uleb128 0x94
 529 01e5 09       		.uleb128 0x9
 530 01e6 21010000 		.4byte	.LASF34
 531 01ea 04       		.byte	0x4
 532 01eb 98       		.byte	0x98
 533 01ec 97000000 		.4byte	0x97
 534 01f0 03       		.byte	0x3
 535 01f1 23       		.byte	0x23
 536 01f2 9801     		.uleb128 0x98
 537 01f4 09       		.uleb128 0x9
 538 01f5 85010000 		.4byte	.LASF35
 539 01f9 04       		.byte	0x4
 540 01fa 99       		.byte	0x99
 541 01fb 97000000 		.4byte	0x97
 542 01ff 03       		.byte	0x3
 543 0200 23       		.byte	0x23
 544 0201 9C01     		.uleb128 0x9c
 545 0203 09       		.uleb128 0x9
 546 0204 17040000 		.4byte	.LASF36
 547 0208 04       		.byte	0x4
 548 0209 9A       		.byte	0x9a
 549 020a 15040000 		.4byte	0x415
 550 020e 03       		.byte	0x3
 551 020f 23       		.byte	0x23
 552 0210 A001     		.uleb128 0xa0
 553 0212 09       		.uleb128 0x9
 554 0213 6D020000 		.4byte	.LASF37
 555 0217 04       		.byte	0x4
 556 0218 9C       		.byte	0x9c
 557 0219 97000000 		.4byte	0x97
 558 021d 03       		.byte	0x3
 559 021e 23       		.byte	0x23
 560 021f D001     		.uleb128 0xd0
 561 0221 09       		.uleb128 0x9
 562 0222 0D010000 		.4byte	.LASF38
 563 0226 04       		.byte	0x4
 564 0227 9D       		.byte	0x9d
 565 0228 97000000 		.4byte	0x97
 566 022c 03       		.byte	0x3
 567 022d 23       		.byte	0x23
 568 022e D401     		.uleb128 0xd4
 569 0230 09       		.uleb128 0x9
 570 0231 6F040000 		.4byte	.LASF39
 571 0235 04       		.byte	0x4
 572 0236 9E       		.byte	0x9e
 573 0237 97000000 		.4byte	0x97
 574 023b 03       		.byte	0x3
 575 023c 23       		.byte	0x23
 576 023d D801     		.uleb128 0xd8
 577 023f 09       		.uleb128 0x9
 578 0240 2B040000 		.4byte	.LASF40
 579 0244 04       		.byte	0x4
 580 0245 9F       		.byte	0x9f
 581 0246 E5030000 		.4byte	0x3e5
 582 024a 03       		.byte	0x3
ARM GAS  C:\Users\Roland\AppData\Local\Temp\ccms8HzS.s 			page 13


 583 024b 23       		.byte	0x23
 584 024c DC01     		.uleb128 0xdc
 585 024e 09       		.uleb128 0x9
 586 024f AA030000 		.4byte	.LASF41
 587 0253 04       		.byte	0x4
 588 0254 A0       		.byte	0xa0
 589 0255 97000000 		.4byte	0x97
 590 0259 03       		.byte	0x3
 591 025a 23       		.byte	0x23
 592 025b E001     		.uleb128 0xe0
 593 025d 09       		.uleb128 0x9
 594 025e 3F040000 		.4byte	.LASF42
 595 0262 04       		.byte	0x4
 596 0263 A1       		.byte	0xa1
 597 0264 97000000 		.4byte	0x97
 598 0268 03       		.byte	0x3
 599 0269 23       		.byte	0x23
 600 026a E401     		.uleb128 0xe4
 601 026c 09       		.uleb128 0x9
 602 026d 17010000 		.4byte	.LASF43
 603 0271 04       		.byte	0x4
 604 0272 A2       		.byte	0xa2
 605 0273 97000000 		.4byte	0x97
 606 0277 03       		.byte	0x3
 607 0278 23       		.byte	0x23
 608 0279 E801     		.uleb128 0xe8
 609 027b 09       		.uleb128 0x9
 610 027c 35040000 		.4byte	.LASF44
 611 0280 04       		.byte	0x4
 612 0281 A3       		.byte	0xa3
 613 0282 25040000 		.4byte	0x425
 614 0286 03       		.byte	0x3
 615 0287 23       		.byte	0x23
 616 0288 EC01     		.uleb128 0xec
 617 028a 09       		.uleb128 0x9
 618 028b 05030000 		.4byte	.LASF45
 619 028f 04       		.byte	0x4
 620 0290 A5       		.byte	0xa5
 621 0291 97000000 		.4byte	0x97
 622 0295 03       		.byte	0x3
 623 0296 23       		.byte	0x23
 624 0297 8002     		.uleb128 0x100
 625 0299 09       		.uleb128 0x9
 626 029a 10030000 		.4byte	.LASF46
 627 029e 04       		.byte	0x4
 628 029f A6       		.byte	0xa6
 629 02a0 97000000 		.4byte	0x97
 630 02a4 03       		.byte	0x3
 631 02a5 23       		.byte	0x23
 632 02a6 8402     		.uleb128 0x104
 633 02a8 09       		.uleb128 0x9
 634 02a9 2C050000 		.4byte	.LASF47
 635 02ad 04       		.byte	0x4
 636 02ae A7       		.byte	0xa7
 637 02af 35040000 		.4byte	0x435
 638 02b3 03       		.byte	0x3
 639 02b4 23       		.byte	0x23
ARM GAS  C:\Users\Roland\AppData\Local\Temp\ccms8HzS.s 			page 14


 640 02b5 8802     		.uleb128 0x108
 641 02b7 09       		.uleb128 0x9
 642 02b8 13050000 		.4byte	.LASF48
 643 02bc 04       		.byte	0x4
 644 02bd A8       		.byte	0xa8
 645 02be 97000000 		.4byte	0x97
 646 02c2 03       		.byte	0x3
 647 02c3 23       		.byte	0x23
 648 02c4 D002     		.uleb128 0x150
 649 02c6 09       		.uleb128 0x9
 650 02c7 2C010000 		.4byte	.LASF49
 651 02cb 04       		.byte	0x4
 652 02cc A9       		.byte	0xa9
 653 02cd 97000000 		.4byte	0x97
 654 02d1 03       		.byte	0x3
 655 02d2 23       		.byte	0x23
 656 02d3 D402     		.uleb128 0x154
 657 02d5 09       		.uleb128 0x9
 658 02d6 37050000 		.4byte	.LASF50
 659 02da 04       		.byte	0x4
 660 02db AB       		.byte	0xab
 661 02dc 45040000 		.4byte	0x445
 662 02e0 03       		.byte	0x3
 663 02e1 23       		.byte	0x23
 664 02e2 D802     		.uleb128 0x158
 665 02e4 09       		.uleb128 0x9
 666 02e5 8D020000 		.4byte	.LASF51
 667 02e9 04       		.byte	0x4
 668 02ea AC       		.byte	0xac
 669 02eb 97000000 		.4byte	0x97
 670 02ef 03       		.byte	0x3
 671 02f0 23       		.byte	0x23
 672 02f1 F402     		.uleb128 0x174
 673 02f3 09       		.uleb128 0x9
 674 02f4 42050000 		.4byte	.LASF52
 675 02f8 04       		.byte	0x4
 676 02f9 AD       		.byte	0xad
 677 02fa 55040000 		.4byte	0x455
 678 02fe 03       		.byte	0x3
 679 02ff 23       		.byte	0x23
 680 0300 F802     		.uleb128 0x178
 681 0302 09       		.uleb128 0x9
 682 0303 94030000 		.4byte	.LASF53
 683 0307 04       		.byte	0x4
 684 0308 AF       		.byte	0xaf
 685 0309 97000000 		.4byte	0x97
 686 030d 03       		.byte	0x3
 687 030e 23       		.byte	0x23
 688 030f 8004     		.uleb128 0x200
 689 0311 09       		.uleb128 0x9
 690 0312 C7030000 		.4byte	.LASF54
 691 0316 04       		.byte	0x4
 692 0317 B0       		.byte	0xb0
 693 0318 97000000 		.4byte	0x97
 694 031c 03       		.byte	0x3
 695 031d 23       		.byte	0x23
 696 031e 8404     		.uleb128 0x204
ARM GAS  C:\Users\Roland\AppData\Local\Temp\ccms8HzS.s 			page 15


 697 0320 09       		.uleb128 0x9
 698 0321 77020000 		.4byte	.LASF55
 699 0325 04       		.byte	0x4
 700 0326 B1       		.byte	0xb1
 701 0327 97000000 		.4byte	0x97
 702 032b 03       		.byte	0x3
 703 032c 23       		.byte	0x23
 704 032d 8804     		.uleb128 0x208
 705 032f 09       		.uleb128 0x9
 706 0330 5B040000 		.4byte	.LASF56
 707 0334 04       		.byte	0x4
 708 0335 B2       		.byte	0xb2
 709 0336 97000000 		.4byte	0x97
 710 033a 03       		.byte	0x3
 711 033b 23       		.byte	0x23
 712 033c 8C04     		.uleb128 0x20c
 713 033e 09       		.uleb128 0x9
 714 033f 9F030000 		.4byte	.LASF57
 715 0343 04       		.byte	0x4
 716 0344 B3       		.byte	0xb3
 717 0345 97000000 		.4byte	0x97
 718 0349 03       		.byte	0x3
 719 034a 23       		.byte	0x23
 720 034b 9004     		.uleb128 0x210
 721 034d 09       		.uleb128 0x9
 722 034e D1030000 		.4byte	.LASF58
 723 0352 04       		.byte	0x4
 724 0353 B4       		.byte	0xb4
 725 0354 97000000 		.4byte	0x97
 726 0358 03       		.byte	0x3
 727 0359 23       		.byte	0x23
 728 035a 9404     		.uleb128 0x214
 729 035c 09       		.uleb128 0x9
 730 035d F8050000 		.4byte	.LASF59
 731 0361 04       		.byte	0x4
 732 0362 B5       		.byte	0xb5
 733 0363 97000000 		.4byte	0x97
 734 0367 03       		.byte	0x3
 735 0368 23       		.byte	0x23
 736 0369 9804     		.uleb128 0x218
 737 036b 09       		.uleb128 0x9
 738 036c 65040000 		.4byte	.LASF60
 739 0370 04       		.byte	0x4
 740 0371 B6       		.byte	0xb6
 741 0372 97000000 		.4byte	0x97
 742 0376 03       		.byte	0x3
 743 0377 23       		.byte	0x23
 744 0378 9C04     		.uleb128 0x21c
 745 037a 09       		.uleb128 0x9
 746 037b 58050000 		.4byte	.LASF61
 747 037f 04       		.byte	0x4
 748 0380 B7       		.byte	0xb7
 749 0381 D5030000 		.4byte	0x3d5
 750 0385 03       		.byte	0x3
 751 0386 23       		.byte	0x23
 752 0387 A004     		.uleb128 0x220
 753 0389 09       		.uleb128 0x9
ARM GAS  C:\Users\Roland\AppData\Local\Temp\ccms8HzS.s 			page 16


 754 038a C3020000 		.4byte	.LASF62
 755 038e 04       		.byte	0x4
 756 038f B9       		.byte	0xb9
 757 0390 97000000 		.4byte	0x97
 758 0394 03       		.byte	0x3
 759 0395 23       		.byte	0x23
 760 0396 B004     		.uleb128 0x230
 761 0398 09       		.uleb128 0x9
 762 0399 A1000000 		.4byte	.LASF63
 763 039d 04       		.byte	0x4
 764 039e BA       		.byte	0xba
 765 039f 97000000 		.4byte	0x97
 766 03a3 03       		.byte	0x3
 767 03a4 23       		.byte	0x23
 768 03a5 B404     		.uleb128 0x234
 769 03a7 09       		.uleb128 0x9
 770 03a8 52040000 		.4byte	.LASF64
 771 03ac 04       		.byte	0x4
 772 03ad BB       		.byte	0xbb
 773 03ae 97000000 		.4byte	0x97
 774 03b2 03       		.byte	0x3
 775 03b3 23       		.byte	0x23
 776 03b4 B804     		.uleb128 0x238
 777 03b6 09       		.uleb128 0x9
 778 03b7 4D050000 		.4byte	.LASF65
 779 03bb 04       		.byte	0x4
 780 03bc BC       		.byte	0xbc
 781 03bd 65040000 		.4byte	0x465
 782 03c1 03       		.byte	0x3
 783 03c2 23       		.byte	0x23
 784 03c3 BC04     		.uleb128 0x23c
 785 03c5 09       		.uleb128 0x9
 786 03c6 92040000 		.4byte	.LASF66
 787 03ca 04       		.byte	0x4
 788 03cb BD       		.byte	0xbd
 789 03cc 9C000000 		.4byte	0x9c
 790 03d0 03       		.byte	0x3
 791 03d1 23       		.byte	0x23
 792 03d2 F407     		.uleb128 0x3f4
 793 03d4 00       		.byte	0
 794 03d5 0A       		.uleb128 0xa
 795 03d6 8C000000 		.4byte	0x8c
 796 03da E5030000 		.4byte	0x3e5
 797 03de 0B       		.uleb128 0xb
 798 03df 7A000000 		.4byte	0x7a
 799 03e3 03       		.byte	0x3
 800 03e4 00       		.byte	0
 801 03e5 0A       		.uleb128 0xa
 802 03e6 8C000000 		.4byte	0x8c
 803 03ea F5030000 		.4byte	0x3f5
 804 03ee 0B       		.uleb128 0xb
 805 03ef 7A000000 		.4byte	0x7a
 806 03f3 00       		.byte	0
 807 03f4 00       		.byte	0
 808 03f5 0A       		.uleb128 0xa
 809 03f6 8C000000 		.4byte	0x8c
 810 03fa 05040000 		.4byte	0x405
ARM GAS  C:\Users\Roland\AppData\Local\Temp\ccms8HzS.s 			page 17


 811 03fe 0B       		.uleb128 0xb
 812 03ff 7A000000 		.4byte	0x7a
 813 0403 02       		.byte	0x2
 814 0404 00       		.byte	0
 815 0405 0A       		.uleb128 0xa
 816 0406 8C000000 		.4byte	0x8c
 817 040a 15040000 		.4byte	0x415
 818 040e 0B       		.uleb128 0xb
 819 040f 7A000000 		.4byte	0x7a
 820 0413 09       		.byte	0x9
 821 0414 00       		.byte	0
 822 0415 0A       		.uleb128 0xa
 823 0416 8C000000 		.4byte	0x8c
 824 041a 25040000 		.4byte	0x425
 825 041e 0B       		.uleb128 0xb
 826 041f 7A000000 		.4byte	0x7a
 827 0423 0B       		.byte	0xb
 828 0424 00       		.byte	0
 829 0425 0A       		.uleb128 0xa
 830 0426 8C000000 		.4byte	0x8c
 831 042a 35040000 		.4byte	0x435
 832 042e 0B       		.uleb128 0xb
 833 042f 7A000000 		.4byte	0x7a
 834 0433 04       		.byte	0x4
 835 0434 00       		.byte	0
 836 0435 0A       		.uleb128 0xa
 837 0436 8C000000 		.4byte	0x8c
 838 043a 45040000 		.4byte	0x445
 839 043e 0B       		.uleb128 0xb
 840 043f 7A000000 		.4byte	0x7a
 841 0443 11       		.byte	0x11
 842 0444 00       		.byte	0
 843 0445 0A       		.uleb128 0xa
 844 0446 8C000000 		.4byte	0x8c
 845 044a 55040000 		.4byte	0x455
 846 044e 0B       		.uleb128 0xb
 847 044f 7A000000 		.4byte	0x7a
 848 0453 06       		.byte	0x6
 849 0454 00       		.byte	0
 850 0455 0A       		.uleb128 0xa
 851 0456 8C000000 		.4byte	0x8c
 852 045a 65040000 		.4byte	0x465
 853 045e 0B       		.uleb128 0xb
 854 045f 7A000000 		.4byte	0x7a
 855 0463 21       		.byte	0x21
 856 0464 00       		.byte	0
 857 0465 0A       		.uleb128 0xa
 858 0466 8C000000 		.4byte	0x8c
 859 046a 75040000 		.4byte	0x475
 860 046e 0B       		.uleb128 0xb
 861 046f 7A000000 		.4byte	0x7a
 862 0473 6D       		.byte	0x6d
 863 0474 00       		.byte	0
 864 0475 03       		.uleb128 0x3
 865 0476 9F050000 		.4byte	.LASF67
 866 047a 04       		.byte	0x4
 867 047b BE       		.byte	0xbe
ARM GAS  C:\Users\Roland\AppData\Local\Temp\ccms8HzS.s 			page 18


 868 047c B3000000 		.4byte	0xb3
 869 0480 0C       		.uleb128 0xc
 870 0481 D8       		.byte	0xd8
 871 0482 04       		.byte	0x4
 872 0483 C6       		.byte	0xc6
 873 0484 97070000 		.4byte	0x797
 874 0488 09       		.uleb128 0x9
 875 0489 EF000000 		.4byte	.LASF68
 876 048d 04       		.byte	0x4
 877 048e C8       		.byte	0xc8
 878 048f 97000000 		.4byte	0x97
 879 0493 02       		.byte	0x2
 880 0494 23       		.byte	0x23
 881 0495 00       		.uleb128 0
 882 0496 09       		.uleb128 0x9
 883 0497 DB030000 		.4byte	.LASF17
 884 049b 04       		.byte	0x4
 885 049c C9       		.byte	0xc9
 886 049d E5030000 		.4byte	0x3e5
 887 04a1 02       		.byte	0x2
 888 04a2 23       		.byte	0x23
 889 04a3 04       		.uleb128 0x4
 890 04a4 09       		.uleb128 0x9
 891 04a5 C5000000 		.4byte	.LASF69
 892 04a9 04       		.byte	0x4
 893 04aa CA       		.byte	0xca
 894 04ab 97000000 		.4byte	0x97
 895 04af 02       		.byte	0x2
 896 04b0 23       		.byte	0x23
 897 04b1 08       		.uleb128 0x8
 898 04b2 09       		.uleb128 0x9
 899 04b3 6A050000 		.4byte	.LASF70
 900 04b7 04       		.byte	0x4
 901 04b8 CB       		.byte	0xcb
 902 04b9 97000000 		.4byte	0x97
 903 04bd 02       		.byte	0x2
 904 04be 23       		.byte	0x23
 905 04bf 0C       		.uleb128 0xc
 906 04c0 09       		.uleb128 0x9
 907 04c1 2E020000 		.4byte	.LASF71
 908 04c5 04       		.byte	0x4
 909 04c6 CC       		.byte	0xcc
 910 04c7 97000000 		.4byte	0x97
 911 04cb 02       		.byte	0x2
 912 04cc 23       		.byte	0x23
 913 04cd 10       		.uleb128 0x10
 914 04ce 09       		.uleb128 0x9
 915 04cf DB040000 		.4byte	.LASF72
 916 04d3 04       		.byte	0x4
 917 04d4 CD       		.byte	0xcd
 918 04d5 97000000 		.4byte	0x97
 919 04d9 02       		.byte	0x2
 920 04da 23       		.byte	0x23
 921 04db 14       		.uleb128 0x14
 922 04dc 09       		.uleb128 0x9
 923 04dd A3040000 		.4byte	.LASF73
 924 04e1 04       		.byte	0x4
ARM GAS  C:\Users\Roland\AppData\Local\Temp\ccms8HzS.s 			page 19


 925 04e2 CE       		.byte	0xce
 926 04e3 97000000 		.4byte	0x97
 927 04e7 02       		.byte	0x2
 928 04e8 23       		.byte	0x23
 929 04e9 18       		.uleb128 0x18
 930 04ea 09       		.uleb128 0x9
 931 04eb 35020000 		.4byte	.LASF74
 932 04ef 04       		.byte	0x4
 933 04f0 CF       		.byte	0xcf
 934 04f1 97000000 		.4byte	0x97
 935 04f5 02       		.byte	0x2
 936 04f6 23       		.byte	0x23
 937 04f7 1C       		.uleb128 0x1c
 938 04f8 09       		.uleb128 0x9
 939 04f9 F6000000 		.4byte	.LASF75
 940 04fd 04       		.byte	0x4
 941 04fe D1       		.byte	0xd1
 942 04ff 97000000 		.4byte	0x97
 943 0503 02       		.byte	0x2
 944 0504 23       		.byte	0x23
 945 0505 20       		.uleb128 0x20
 946 0506 09       		.uleb128 0x9
 947 0507 9C040000 		.4byte	.LASF76
 948 050b 04       		.byte	0x4
 949 050c D2       		.byte	0xd2
 950 050d 97000000 		.4byte	0x97
 951 0511 02       		.byte	0x2
 952 0512 23       		.byte	0x23
 953 0513 24       		.uleb128 0x24
 954 0514 09       		.uleb128 0x9
 955 0515 CC000000 		.4byte	.LASF77
 956 0519 04       		.byte	0x4
 957 051a D3       		.byte	0xd3
 958 051b 97000000 		.4byte	0x97
 959 051f 02       		.byte	0x2
 960 0520 23       		.byte	0x23
 961 0521 28       		.uleb128 0x28
 962 0522 09       		.uleb128 0x9
 963 0523 3C020000 		.4byte	.LASF78
 964 0527 04       		.byte	0x4
 965 0528 D4       		.byte	0xd4
 966 0529 97000000 		.4byte	0x97
 967 052d 02       		.byte	0x2
 968 052e 23       		.byte	0x23
 969 052f 2C       		.uleb128 0x2c
 970 0530 09       		.uleb128 0x9
 971 0531 43020000 		.4byte	.LASF79
 972 0535 04       		.byte	0x4
 973 0536 D5       		.byte	0xd5
 974 0537 97000000 		.4byte	0x97
 975 053b 02       		.byte	0x2
 976 053c 23       		.byte	0x23
 977 053d 30       		.uleb128 0x30
 978 053e 09       		.uleb128 0x9
 979 053f 4A020000 		.4byte	.LASF80
 980 0543 04       		.byte	0x4
 981 0544 D6       		.byte	0xd6
ARM GAS  C:\Users\Roland\AppData\Local\Temp\ccms8HzS.s 			page 20


 982 0545 97000000 		.4byte	0x97
 983 0549 02       		.byte	0x2
 984 054a 23       		.byte	0x23
 985 054b 34       		.uleb128 0x34
 986 054c 09       		.uleb128 0x9
 987 054d E2040000 		.4byte	.LASF81
 988 0551 04       		.byte	0x4
 989 0552 D7       		.byte	0xd7
 990 0553 97000000 		.4byte	0x97
 991 0557 02       		.byte	0x2
 992 0558 23       		.byte	0x23
 993 0559 38       		.uleb128 0x38
 994 055a 09       		.uleb128 0x9
 995 055b 86030000 		.4byte	.LASF82
 996 055f 04       		.byte	0x4
 997 0560 D8       		.byte	0xd8
 998 0561 97000000 		.4byte	0x97
 999 0565 02       		.byte	0x2
 1000 0566 23       		.byte	0x23
 1001 0567 3C       		.uleb128 0x3c
 1002 0568 09       		.uleb128 0x9
 1003 0569 E1000000 		.4byte	.LASF83
 1004 056d 04       		.byte	0x4
 1005 056e DA       		.byte	0xda
 1006 056f 97000000 		.4byte	0x97
 1007 0573 02       		.byte	0x2
 1008 0574 23       		.byte	0x23
 1009 0575 40       		.uleb128 0x40
 1010 0576 09       		.uleb128 0x9
 1011 0577 E8000000 		.4byte	.LASF84
 1012 057b 04       		.byte	0x4
 1013 057c DB       		.byte	0xdb
 1014 057d 97000000 		.4byte	0x97
 1015 0581 02       		.byte	0x2
 1016 0582 23       		.byte	0x23
 1017 0583 44       		.uleb128 0x44
 1018 0584 09       		.uleb128 0x9
 1019 0585 8D030000 		.4byte	.LASF85
 1020 0589 04       		.byte	0x4
 1021 058a DC       		.byte	0xdc
 1022 058b 97000000 		.4byte	0x97
 1023 058f 02       		.byte	0x2
 1024 0590 23       		.byte	0x23
 1025 0591 48       		.uleb128 0x48
 1026 0592 09       		.uleb128 0x9
 1027 0593 51020000 		.4byte	.LASF86
 1028 0597 04       		.byte	0x4
 1029 0598 DD       		.byte	0xdd
 1030 0599 97000000 		.4byte	0x97
 1031 059d 02       		.byte	0x2
 1032 059e 23       		.byte	0x23
 1033 059f 4C       		.uleb128 0x4c
 1034 05a0 09       		.uleb128 0x9
 1035 05a1 58020000 		.4byte	.LASF87
 1036 05a5 04       		.byte	0x4
 1037 05a6 DE       		.byte	0xde
 1038 05a7 97000000 		.4byte	0x97
ARM GAS  C:\Users\Roland\AppData\Local\Temp\ccms8HzS.s 			page 21


 1039 05ab 02       		.byte	0x2
 1040 05ac 23       		.byte	0x23
 1041 05ad 50       		.uleb128 0x50
 1042 05ae 09       		.uleb128 0x9
 1043 05af 06010000 		.4byte	.LASF88
 1044 05b3 04       		.byte	0x4
 1045 05b4 DF       		.byte	0xdf
 1046 05b5 97000000 		.4byte	0x97
 1047 05b9 02       		.byte	0x2
 1048 05ba 23       		.byte	0x23
 1049 05bb 54       		.uleb128 0x54
 1050 05bc 09       		.uleb128 0x9
 1051 05bd 1B030000 		.4byte	.LASF89
 1052 05c1 04       		.byte	0x4
 1053 05c2 E0       		.byte	0xe0
 1054 05c3 97000000 		.4byte	0x97
 1055 05c7 02       		.byte	0x2
 1056 05c8 23       		.byte	0x23
 1057 05c9 58       		.uleb128 0x58
 1058 05ca 09       		.uleb128 0x9
 1059 05cb D3000000 		.4byte	.LASF90
 1060 05cf 04       		.byte	0x4
 1061 05d0 E1       		.byte	0xe1
 1062 05d1 97000000 		.4byte	0x97
 1063 05d5 02       		.byte	0x2
 1064 05d6 23       		.byte	0x23
 1065 05d7 5C       		.uleb128 0x5c
 1066 05d8 09       		.uleb128 0x9
 1067 05d9 5F020000 		.4byte	.LASF91
 1068 05dd 04       		.byte	0x4
 1069 05de E3       		.byte	0xe3
 1070 05df 97000000 		.4byte	0x97
 1071 05e3 02       		.byte	0x2
 1072 05e4 23       		.byte	0x23
 1073 05e5 60       		.uleb128 0x60
 1074 05e6 09       		.uleb128 0x9
 1075 05e7 66020000 		.4byte	.LASF92
 1076 05eb 04       		.byte	0x4
 1077 05ec E4       		.byte	0xe4
 1078 05ed 97000000 		.4byte	0x97
 1079 05f1 02       		.byte	0x2
 1080 05f2 23       		.byte	0x23
 1081 05f3 64       		.uleb128 0x64
 1082 05f4 09       		.uleb128 0x9
 1083 05f5 93000000 		.4byte	.LASF93
 1084 05f9 04       		.byte	0x4
 1085 05fa E5       		.byte	0xe5
 1086 05fb 97000000 		.4byte	0x97
 1087 05ff 02       		.byte	0x2
 1088 0600 23       		.byte	0x23
 1089 0601 68       		.uleb128 0x68
 1090 0602 09       		.uleb128 0x9
 1091 0603 E8050000 		.4byte	.LASF94
 1092 0607 04       		.byte	0x4
 1093 0608 E6       		.byte	0xe6
 1094 0609 97000000 		.4byte	0x97
 1095 060d 02       		.byte	0x2
ARM GAS  C:\Users\Roland\AppData\Local\Temp\ccms8HzS.s 			page 22


 1096 060e 23       		.byte	0x23
 1097 060f 6C       		.uleb128 0x6c
 1098 0610 09       		.uleb128 0x9
 1099 0611 23030000 		.4byte	.LASF95
 1100 0615 04       		.byte	0x4
 1101 0616 E7       		.byte	0xe7
 1102 0617 97000000 		.4byte	0x97
 1103 061b 02       		.byte	0x2
 1104 061c 23       		.byte	0x23
 1105 061d 70       		.uleb128 0x70
 1106 061e 09       		.uleb128 0x9
 1107 061f DE050000 		.4byte	.LASF96
 1108 0623 04       		.byte	0x4
 1109 0624 E8       		.byte	0xe8
 1110 0625 97000000 		.4byte	0x97
 1111 0629 02       		.byte	0x2
 1112 062a 23       		.byte	0x23
 1113 062b 74       		.uleb128 0x74
 1114 062c 09       		.uleb128 0x9
 1115 062d 2B030000 		.4byte	.LASF97
 1116 0631 04       		.byte	0x4
 1117 0632 E9       		.byte	0xe9
 1118 0633 97000000 		.4byte	0x97
 1119 0637 02       		.byte	0x2
 1120 0638 23       		.byte	0x23
 1121 0639 78       		.uleb128 0x78
 1122 063a 09       		.uleb128 0x9
 1123 063b 34030000 		.4byte	.LASF98
 1124 063f 04       		.byte	0x4
 1125 0640 EA       		.byte	0xea
 1126 0641 97000000 		.4byte	0x97
 1127 0645 02       		.byte	0x2
 1128 0646 23       		.byte	0x23
 1129 0647 7C       		.uleb128 0x7c
 1130 0648 09       		.uleb128 0x9
 1131 0649 3D030000 		.4byte	.LASF99
 1132 064d 04       		.byte	0x4
 1133 064e EC       		.byte	0xec
 1134 064f 97000000 		.4byte	0x97
 1135 0653 03       		.byte	0x3
 1136 0654 23       		.byte	0x23
 1137 0655 8001     		.uleb128 0x80
 1138 0657 09       		.uleb128 0x9
 1139 0658 6A030000 		.4byte	.LASF100
 1140 065c 04       		.byte	0x4
 1141 065d ED       		.byte	0xed
 1142 065e 97000000 		.4byte	0x97
 1143 0662 03       		.byte	0x3
 1144 0663 23       		.byte	0x23
 1145 0664 8401     		.uleb128 0x84
 1146 0666 09       		.uleb128 0x9
 1147 0667 71030000 		.4byte	.LASF101
 1148 066b 04       		.byte	0x4
 1149 066c EE       		.byte	0xee
 1150 066d 97000000 		.4byte	0x97
 1151 0671 03       		.byte	0x3
 1152 0672 23       		.byte	0x23
ARM GAS  C:\Users\Roland\AppData\Local\Temp\ccms8HzS.s 			page 23


 1153 0673 8801     		.uleb128 0x88
 1154 0675 09       		.uleb128 0x9
 1155 0676 DA000000 		.4byte	.LASF102
 1156 067a 04       		.byte	0x4
 1157 067b EF       		.byte	0xef
 1158 067c 97000000 		.4byte	0x97
 1159 0680 03       		.byte	0x3
 1160 0681 23       		.byte	0x23
 1161 0682 8C01     		.uleb128 0x8c
 1162 0684 09       		.uleb128 0x9
 1163 0685 65010000 		.4byte	.LASF103
 1164 0689 04       		.byte	0x4
 1165 068a F0       		.byte	0xf0
 1166 068b 97000000 		.4byte	0x97
 1167 068f 03       		.byte	0x3
 1168 0690 23       		.byte	0x23
 1169 0691 9001     		.uleb128 0x90
 1170 0693 09       		.uleb128 0x9
 1171 0694 BF040000 		.4byte	.LASF104
 1172 0698 04       		.byte	0x4
 1173 0699 F1       		.byte	0xf1
 1174 069a 97000000 		.4byte	0x97
 1175 069e 03       		.byte	0x3
 1176 069f 23       		.byte	0x23
 1177 06a0 9401     		.uleb128 0x94
 1178 06a2 09       		.uleb128 0x9
 1179 06a3 F0050000 		.4byte	.LASF105
 1180 06a7 04       		.byte	0x4
 1181 06a8 F2       		.byte	0xf2
 1182 06a9 97000000 		.4byte	0x97
 1183 06ad 03       		.byte	0x3
 1184 06ae 23       		.byte	0x23
 1185 06af 9801     		.uleb128 0x98
 1186 06b1 09       		.uleb128 0x9
 1187 06b2 78030000 		.4byte	.LASF106
 1188 06b6 04       		.byte	0x4
 1189 06b7 F3       		.byte	0xf3
 1190 06b8 97000000 		.4byte	0x97
 1191 06bc 03       		.byte	0x3
 1192 06bd 23       		.byte	0x23
 1193 06be 9C01     		.uleb128 0x9c
 1194 06c0 09       		.uleb128 0x9
 1195 06c1 C6040000 		.4byte	.LASF107
 1196 06c5 04       		.byte	0x4
 1197 06c6 F5       		.byte	0xf5
 1198 06c7 97000000 		.4byte	0x97
 1199 06cb 03       		.byte	0x3
 1200 06cc 23       		.byte	0x23
 1201 06cd A001     		.uleb128 0xa0
 1202 06cf 09       		.uleb128 0x9
 1203 06d0 CD040000 		.4byte	.LASF108
 1204 06d4 04       		.byte	0x4
 1205 06d5 F6       		.byte	0xf6
 1206 06d6 97000000 		.4byte	0x97
 1207 06da 03       		.byte	0x3
 1208 06db 23       		.byte	0x23
 1209 06dc A401     		.uleb128 0xa4
ARM GAS  C:\Users\Roland\AppData\Local\Temp\ccms8HzS.s 			page 24


 1210 06de 09       		.uleb128 0x9
 1211 06df D4040000 		.4byte	.LASF109
 1212 06e3 04       		.byte	0x4
 1213 06e4 F7       		.byte	0xf7
 1214 06e5 97000000 		.4byte	0x97
 1215 06e9 03       		.byte	0x3
 1216 06ea 23       		.byte	0x23
 1217 06eb A801     		.uleb128 0xa8
 1218 06ed 09       		.uleb128 0x9
 1219 06ee 7F030000 		.4byte	.LASF110
 1220 06f2 04       		.byte	0x4
 1221 06f3 F8       		.byte	0xf8
 1222 06f4 97000000 		.4byte	0x97
 1223 06f8 03       		.byte	0x3
 1224 06f9 23       		.byte	0x23
 1225 06fa AC01     		.uleb128 0xac
 1226 06fc 09       		.uleb128 0x9
 1227 06fd 85020000 		.4byte	.LASF111
 1228 0701 04       		.byte	0x4
 1229 0702 F9       		.byte	0xf9
 1230 0703 97000000 		.4byte	0x97
 1231 0707 03       		.byte	0x3
 1232 0708 23       		.byte	0x23
 1233 0709 B001     		.uleb128 0xb0
 1234 070b 09       		.uleb128 0x9
 1235 070c 7D010000 		.4byte	.LASF112
 1236 0710 04       		.byte	0x4
 1237 0711 FA       		.byte	0xfa
 1238 0712 97000000 		.4byte	0x97
 1239 0716 03       		.byte	0x3
 1240 0717 23       		.byte	0x23
 1241 0718 B401     		.uleb128 0xb4
 1242 071a 09       		.uleb128 0x9
 1243 071b E9020000 		.4byte	.LASF113
 1244 071f 04       		.byte	0x4
 1245 0720 FB       		.byte	0xfb
 1246 0721 97000000 		.4byte	0x97
 1247 0725 03       		.byte	0x3
 1248 0726 23       		.byte	0x23
 1249 0727 B801     		.uleb128 0xb8
 1250 0729 09       		.uleb128 0x9
 1251 072a 63050000 		.4byte	.LASF114
 1252 072e 04       		.byte	0x4
 1253 072f FC       		.byte	0xfc
 1254 0730 97000000 		.4byte	0x97
 1255 0734 03       		.byte	0x3
 1256 0735 23       		.byte	0x23
 1257 0736 BC01     		.uleb128 0xbc
 1258 0738 09       		.uleb128 0x9
 1259 0739 A6020000 		.4byte	.LASF115
 1260 073d 04       		.byte	0x4
 1261 073e FE       		.byte	0xfe
 1262 073f 97000000 		.4byte	0x97
 1263 0743 03       		.byte	0x3
 1264 0744 23       		.byte	0x23
 1265 0745 C001     		.uleb128 0xc0
 1266 0747 09       		.uleb128 0x9
ARM GAS  C:\Users\Roland\AppData\Local\Temp\ccms8HzS.s 			page 25


 1267 0748 F1020000 		.4byte	.LASF116
 1268 074c 04       		.byte	0x4
 1269 074d FF       		.byte	0xff
 1270 074e 97000000 		.4byte	0x97
 1271 0752 03       		.byte	0x3
 1272 0753 23       		.byte	0x23
 1273 0754 C401     		.uleb128 0xc4
 1274 0756 0D       		.uleb128 0xd
 1275 0757 F1040000 		.4byte	.LASF117
 1276 075b 04       		.byte	0x4
 1277 075c 0001     		.2byte	0x100
 1278 075e 97000000 		.4byte	0x97
 1279 0762 03       		.byte	0x3
 1280 0763 23       		.byte	0x23
 1281 0764 C801     		.uleb128 0xc8
 1282 0766 0D       		.uleb128 0xd
 1283 0767 94020000 		.4byte	.LASF118
 1284 076b 04       		.byte	0x4
 1285 076c 0101     		.2byte	0x101
 1286 076e 97000000 		.4byte	0x97
 1287 0772 03       		.byte	0x3
 1288 0773 23       		.byte	0x23
 1289 0774 CC01     		.uleb128 0xcc
 1290 0776 0D       		.uleb128 0xd
 1291 0777 68000000 		.4byte	.LASF119
 1292 077b 04       		.byte	0x4
 1293 077c 0201     		.2byte	0x102
 1294 077e 97000000 		.4byte	0x97
 1295 0782 03       		.byte	0x3
 1296 0783 23       		.byte	0x23
 1297 0784 D001     		.uleb128 0xd0
 1298 0786 0D       		.uleb128 0xd
 1299 0787 99010000 		.4byte	.LASF120
 1300 078b 04       		.byte	0x4
 1301 078c 0301     		.2byte	0x103
 1302 078e 97000000 		.4byte	0x97
 1303 0792 03       		.byte	0x3
 1304 0793 23       		.byte	0x23
 1305 0794 D401     		.uleb128 0xd4
 1306 0796 00       		.byte	0
 1307 0797 0E       		.uleb128 0xe
 1308 0798 82050000 		.4byte	.LASF121
 1309 079c 04       		.byte	0x4
 1310 079d 0401     		.2byte	0x104
 1311 079f 80040000 		.4byte	0x480
 1312 07a3 0F       		.uleb128 0xf
 1313 07a4 0040     		.2byte	0x4000
 1314 07a6 04       		.byte	0x4
 1315 07a7 3701     		.2byte	0x137
 1316 07a9 CD070000 		.4byte	0x7cd
 1317 07ad 0D       		.uleb128 0xd
 1318 07ae DB030000 		.4byte	.LASF17
 1319 07b2 04       		.byte	0x4
 1320 07b3 3801     		.2byte	0x138
 1321 07b5 CD070000 		.4byte	0x7cd
 1322 07b9 02       		.byte	0x2
 1323 07ba 23       		.byte	0x23
ARM GAS  C:\Users\Roland\AppData\Local\Temp\ccms8HzS.s 			page 26


 1324 07bb 00       		.uleb128 0
 1325 07bc 0D       		.uleb128 0xd
 1326 07bd AC000000 		.4byte	.LASF122
 1327 07c1 04       		.byte	0x4
 1328 07c2 3901     		.2byte	0x139
 1329 07c4 97000000 		.4byte	0x97
 1330 07c8 03       		.byte	0x3
 1331 07c9 23       		.byte	0x23
 1332 07ca FC7F     		.uleb128 0x3ffc
 1333 07cc 00       		.byte	0
 1334 07cd 0A       		.uleb128 0xa
 1335 07ce 8C000000 		.4byte	0x8c
 1336 07d2 DE070000 		.4byte	0x7de
 1337 07d6 10       		.uleb128 0x10
 1338 07d7 7A000000 		.4byte	0x7a
 1339 07db FE0F     		.2byte	0xffe
 1340 07dd 00       		.byte	0
 1341 07de 11       		.uleb128 0x11
 1342 07df 0040     		.2byte	0x4000
 1343 07e1 04       		.byte	0x4
 1344 07e2 3501     		.2byte	0x135
 1345 07e4 FA070000 		.4byte	0x7fa
 1346 07e8 12       		.uleb128 0x12
 1347 07e9 79040000 		.4byte	.LASF132
 1348 07ed 04       		.byte	0x4
 1349 07ee 3601     		.2byte	0x136
 1350 07f0 0B080000 		.4byte	0x80b
 1351 07f4 13       		.uleb128 0x13
 1352 07f5 A3070000 		.4byte	0x7a3
 1353 07f9 00       		.byte	0
 1354 07fa 0A       		.uleb128 0xa
 1355 07fb 97000000 		.4byte	0x97
 1356 07ff 0B080000 		.4byte	0x80b
 1357 0803 10       		.uleb128 0x10
 1358 0804 7A000000 		.4byte	0x7a
 1359 0808 FF0F     		.2byte	0xfff
 1360 080a 00       		.byte	0
 1361 080b 05       		.uleb128 0x5
 1362 080c FA070000 		.4byte	0x7fa
 1363 0810 0F       		.uleb128 0xf
 1364 0811 2080     		.2byte	0x8020
 1365 0813 04       		.byte	0x4
 1366 0814 3301     		.2byte	0x133
 1367 0816 B9080000 		.4byte	0x8b9
 1368 081a 14       		.uleb128 0x14
 1369 081b DE070000 		.4byte	0x7de
 1370 081f 02       		.byte	0x2
 1371 0820 23       		.byte	0x23
 1372 0821 00       		.uleb128 0
 1373 0822 0D       		.uleb128 0xd
 1374 0823 E5030000 		.4byte	.LASF21
 1375 0827 04       		.byte	0x4
 1376 0828 3C01     		.2byte	0x13c
 1377 082a B9080000 		.4byte	0x8b9
 1378 082e 04       		.byte	0x4
 1379 082f 23       		.byte	0x23
 1380 0830 808001   		.uleb128 0x4000
ARM GAS  C:\Users\Roland\AppData\Local\Temp\ccms8HzS.s 			page 27


 1381 0833 15       		.uleb128 0x15
 1382 0834 44495200 		.ascii	"DIR\000"
 1383 0838 04       		.byte	0x4
 1384 0839 3D01     		.2byte	0x13d
 1385 083b 97000000 		.4byte	0x97
 1386 083f 04       		.byte	0x4
 1387 0840 23       		.byte	0x23
 1388 0841 808002   		.uleb128 0x8000
 1389 0844 15       		.uleb128 0x15
 1390 0845 495300   		.ascii	"IS\000"
 1391 0848 04       		.byte	0x4
 1392 0849 3E01     		.2byte	0x13e
 1393 084b 97000000 		.4byte	0x97
 1394 084f 04       		.byte	0x4
 1395 0850 23       		.byte	0x23
 1396 0851 848002   		.uleb128 0x8004
 1397 0854 15       		.uleb128 0x15
 1398 0855 49424500 		.ascii	"IBE\000"
 1399 0859 04       		.byte	0x4
 1400 085a 3F01     		.2byte	0x13f
 1401 085c 97000000 		.4byte	0x97
 1402 0860 04       		.byte	0x4
 1403 0861 23       		.byte	0x23
 1404 0862 888002   		.uleb128 0x8008
 1405 0865 15       		.uleb128 0x15
 1406 0866 49455600 		.ascii	"IEV\000"
 1407 086a 04       		.byte	0x4
 1408 086b 4001     		.2byte	0x140
 1409 086d 97000000 		.4byte	0x97
 1410 0871 04       		.byte	0x4
 1411 0872 23       		.byte	0x23
 1412 0873 8C8002   		.uleb128 0x800c
 1413 0876 15       		.uleb128 0x15
 1414 0877 494500   		.ascii	"IE\000"
 1415 087a 04       		.byte	0x4
 1416 087b 4101     		.2byte	0x141
 1417 087d 97000000 		.4byte	0x97
 1418 0881 04       		.byte	0x4
 1419 0882 23       		.byte	0x23
 1420 0883 908002   		.uleb128 0x8010
 1421 0886 15       		.uleb128 0x15
 1422 0887 52495300 		.ascii	"RIS\000"
 1423 088b 04       		.byte	0x4
 1424 088c 4201     		.2byte	0x142
 1425 088e 97000000 		.4byte	0x97
 1426 0892 04       		.byte	0x4
 1427 0893 23       		.byte	0x23
 1428 0894 948002   		.uleb128 0x8014
 1429 0897 15       		.uleb128 0x15
 1430 0898 4D495300 		.ascii	"MIS\000"
 1431 089c 04       		.byte	0x4
 1432 089d 4301     		.2byte	0x143
 1433 089f 97000000 		.4byte	0x97
 1434 08a3 04       		.byte	0x4
 1435 08a4 23       		.byte	0x23
 1436 08a5 988002   		.uleb128 0x8018
 1437 08a8 15       		.uleb128 0x15
ARM GAS  C:\Users\Roland\AppData\Local\Temp\ccms8HzS.s 			page 28


 1438 08a9 494300   		.ascii	"IC\000"
 1439 08ac 04       		.byte	0x4
 1440 08ad 4401     		.2byte	0x144
 1441 08af 97000000 		.4byte	0x97
 1442 08b3 04       		.byte	0x4
 1443 08b4 23       		.byte	0x23
 1444 08b5 9C8002   		.uleb128 0x801c
 1445 08b8 00       		.byte	0
 1446 08b9 0A       		.uleb128 0xa
 1447 08ba 8C000000 		.4byte	0x8c
 1448 08be CA080000 		.4byte	0x8ca
 1449 08c2 10       		.uleb128 0x10
 1450 08c3 7A000000 		.4byte	0x7a
 1451 08c7 FF0F     		.2byte	0xfff
 1452 08c9 00       		.byte	0
 1453 08ca 0E       		.uleb128 0xe
 1454 08cb 46030000 		.4byte	.LASF123
 1455 08cf 04       		.byte	0x4
 1456 08d0 4501     		.2byte	0x145
 1457 08d2 10080000 		.4byte	0x810
 1458 08d6 0A       		.uleb128 0xa
 1459 08d7 A1000000 		.4byte	0xa1
 1460 08db E6080000 		.4byte	0x8e6
 1461 08df 0B       		.uleb128 0xb
 1462 08e0 7A000000 		.4byte	0x7a
 1463 08e4 02       		.byte	0x2
 1464 08e5 00       		.byte	0
 1465 08e6 06       		.uleb128 0x6
 1466 08e7 D6080000 		.4byte	0x8d6
 1467 08eb 16       		.uleb128 0x16
 1468 08ec BC000000 		.4byte	.LASF125
 1469 08f0 01       		.byte	0x1
 1470 08f1 03       		.byte	0x3
 1471 08f2 E6080000 		.4byte	0x8e6
 1472 08f6 01       		.byte	0x1
 1473 08f7 05       		.byte	0x5
 1474 08f8 03       		.byte	0x3
 1475 08f9 00000000 		.4byte	led_mask
 1476 08fd 16       		.uleb128 0x16
 1477 08fe 8D000000 		.4byte	.LASF126
 1478 0902 01       		.byte	0x1
 1479 0903 0D       		.byte	0xd
 1480 0904 81000000 		.4byte	0x81
 1481 0908 01       		.byte	0x1
 1482 0909 05       		.byte	0x5
 1483 090a 03       		.byte	0x3
 1484 090b 00000000 		.4byte	dummy
 1485 090f 17       		.uleb128 0x17
 1486 0910 01       		.byte	0x1
 1487 0911 FB040000 		.4byte	.LASF127
 1488 0915 01       		.byte	0x1
 1489 0916 55       		.byte	0x55
 1490 0917 01       		.byte	0x1
 1491 0918 01       		.byte	0x1
 1492 0919 17       		.uleb128 0x17
 1493 091a 01       		.byte	0x1
 1494 091b 9E020000 		.4byte	.LASF128
ARM GAS  C:\Users\Roland\AppData\Local\Temp\ccms8HzS.s 			page 29


 1495 091f 01       		.byte	0x1
 1496 0920 4A       		.byte	0x4a
 1497 0921 01       		.byte	0x1
 1498 0922 01       		.byte	0x1
 1499 0923 18       		.uleb128 0x18
 1500 0924 01       		.byte	0x1
 1501 0925 FA020000 		.4byte	.LASF133
 1502 0929 01       		.byte	0x1
 1503 092a 2E       		.byte	0x2e
 1504 092b 01       		.byte	0x1
 1505 092c 0E000000 		.4byte	.LFB44
 1506 0930 48000000 		.4byte	.LFE44
 1507 0934 02       		.byte	0x2
 1508 0935 7D       		.byte	0x7d
 1509 0936 00       		.sleb128 0
 1510 0937 01       		.byte	0x1
 1511 0938 19       		.uleb128 0x19
 1512 0939 01       		.byte	0x1
 1513 093a 26050000 		.4byte	.LASF134
 1514 093e 01       		.byte	0x1
 1515 093f 25       		.byte	0x25
 1516 0940 01       		.byte	0x1
 1517 0941 00000000 		.4byte	.LFB43
 1518 0945 0E000000 		.4byte	.LFE43
 1519 0949 02       		.byte	0x2
 1520 094a 7D       		.byte	0x7d
 1521 094b 00       		.sleb128 0
 1522 094c 01       		.byte	0x1
 1523 094d 61090000 		.4byte	0x961
 1524 0951 1A       		.uleb128 0x1a
 1525 0952 63030000 		.4byte	.LASF135
 1526 0956 01       		.byte	0x1
 1527 0957 25       		.byte	0x25
 1528 0958 8C000000 		.4byte	0x8c
 1529 095c 00000000 		.4byte	.LLST0
 1530 0960 00       		.byte	0
 1531 0961 1B       		.uleb128 0x1b
 1532 0962 01       		.byte	0x1
 1533 0963 D1050000 		.4byte	.LASF136
 1534 0967 01       		.byte	0x1
 1535 0968 0F       		.byte	0xf
 1536 0969 01       		.byte	0x1
 1537 096a 73000000 		.4byte	0x73
 1538 096e 48000000 		.4byte	.LFB42
 1539 0972 7C000000 		.4byte	.LFE42
 1540 0976 36000000 		.4byte	.LLST1
 1541 097a 01       		.byte	0x1
 1542 097b CB090000 		.4byte	0x9cb
 1543 097f 1C       		.uleb128 0x1c
 1544 0980 19090000 		.4byte	0x919
 1545 0984 58000000 		.4byte	.LBB6
 1546 0988 00000000 		.4byte	.Ldebug_ranges0+0
 1547 098c 01       		.byte	0x1
 1548 098d 1F       		.byte	0x1f
 1549 098e 1D       		.uleb128 0x1d
 1550 098f 0F090000 		.4byte	0x90f
 1551 0993 6E000000 		.4byte	.LBB10
ARM GAS  C:\Users\Roland\AppData\Local\Temp\ccms8HzS.s 			page 30


 1552 0997 7C000000 		.4byte	.LBE10
 1553 099b 01       		.byte	0x1
 1554 099c 21       		.byte	0x21
 1555 099d 1E       		.uleb128 0x1e
 1556 099e 54000000 		.4byte	.LVL4
 1557 09a2 23090000 		.4byte	0x923
 1558 09a6 1F       		.uleb128 0x1f
 1559 09a7 64000000 		.4byte	.LVL5
 1560 09ab 38090000 		.4byte	0x938
 1561 09af BA090000 		.4byte	0x9ba
 1562 09b3 20       		.uleb128 0x20
 1563 09b4 01       		.byte	0x1
 1564 09b5 50       		.byte	0x50
 1565 09b6 02       		.byte	0x2
 1566 09b7 76       		.byte	0x76
 1567 09b8 00       		.sleb128 0
 1568 09b9 00       		.byte	0
 1569 09ba 21       		.uleb128 0x21
 1570 09bb 6E000000 		.4byte	.LVL6
 1571 09bf 38090000 		.4byte	0x938
 1572 09c3 20       		.uleb128 0x20
 1573 09c4 01       		.byte	0x1
 1574 09c5 50       		.byte	0x50
 1575 09c6 02       		.byte	0x2
 1576 09c7 76       		.byte	0x76
 1577 09c8 00       		.sleb128 0
 1578 09c9 00       		.byte	0
 1579 09ca 00       		.byte	0
 1580 09cb 22       		.uleb128 0x22
 1581 09cc 19090000 		.4byte	0x919
 1582 09d0 7C000000 		.4byte	.LFB45
 1583 09d4 8C000000 		.4byte	.LFE45
 1584 09d8 02       		.byte	0x2
 1585 09d9 7D       		.byte	0x7d
 1586 09da 00       		.sleb128 0
 1587 09db 01       		.byte	0x1
 1588 09dc 22       		.uleb128 0x22
 1589 09dd 0F090000 		.4byte	0x90f
 1590 09e1 8C000000 		.4byte	.LFB46
 1591 09e5 9C000000 		.4byte	.LFE46
 1592 09e9 02       		.byte	0x2
 1593 09ea 7D       		.byte	0x7d
 1594 09eb 00       		.sleb128 0
 1595 09ec 01       		.byte	0x1
 1596 09ed 00       		.byte	0
 1597              		.section	.debug_abbrev,"",%progbits
 1598              	.Ldebug_abbrev0:
 1599 0000 01       		.uleb128 0x1
 1600 0001 11       		.uleb128 0x11
 1601 0002 01       		.byte	0x1
 1602 0003 25       		.uleb128 0x25
 1603 0004 0E       		.uleb128 0xe
 1604 0005 13       		.uleb128 0x13
 1605 0006 0B       		.uleb128 0xb
 1606 0007 03       		.uleb128 0x3
 1607 0008 0E       		.uleb128 0xe
 1608 0009 1B       		.uleb128 0x1b
ARM GAS  C:\Users\Roland\AppData\Local\Temp\ccms8HzS.s 			page 31


 1609 000a 0E       		.uleb128 0xe
 1610 000b 11       		.uleb128 0x11
 1611 000c 01       		.uleb128 0x1
 1612 000d 12       		.uleb128 0x12
 1613 000e 01       		.uleb128 0x1
 1614 000f 10       		.uleb128 0x10
 1615 0010 06       		.uleb128 0x6
 1616 0011 00       		.byte	0
 1617 0012 00       		.byte	0
 1618 0013 02       		.uleb128 0x2
 1619 0014 24       		.uleb128 0x24
 1620 0015 00       		.byte	0
 1621 0016 0B       		.uleb128 0xb
 1622 0017 0B       		.uleb128 0xb
 1623 0018 3E       		.uleb128 0x3e
 1624 0019 0B       		.uleb128 0xb
 1625 001a 03       		.uleb128 0x3
 1626 001b 0E       		.uleb128 0xe
 1627 001c 00       		.byte	0
 1628 001d 00       		.byte	0
 1629 001e 03       		.uleb128 0x3
 1630 001f 16       		.uleb128 0x16
 1631 0020 00       		.byte	0
 1632 0021 03       		.uleb128 0x3
 1633 0022 0E       		.uleb128 0xe
 1634 0023 3A       		.uleb128 0x3a
 1635 0024 0B       		.uleb128 0xb
 1636 0025 3B       		.uleb128 0x3b
 1637 0026 0B       		.uleb128 0xb
 1638 0027 49       		.uleb128 0x49
 1639 0028 13       		.uleb128 0x13
 1640 0029 00       		.byte	0
 1641 002a 00       		.byte	0
 1642 002b 04       		.uleb128 0x4
 1643 002c 24       		.uleb128 0x24
 1644 002d 00       		.byte	0
 1645 002e 0B       		.uleb128 0xb
 1646 002f 0B       		.uleb128 0xb
 1647 0030 3E       		.uleb128 0x3e
 1648 0031 0B       		.uleb128 0xb
 1649 0032 03       		.uleb128 0x3
 1650 0033 08       		.uleb128 0x8
 1651 0034 00       		.byte	0
 1652 0035 00       		.byte	0
 1653 0036 05       		.uleb128 0x5
 1654 0037 35       		.uleb128 0x35
 1655 0038 00       		.byte	0
 1656 0039 49       		.uleb128 0x49
 1657 003a 13       		.uleb128 0x13
 1658 003b 00       		.byte	0
 1659 003c 00       		.byte	0
 1660 003d 06       		.uleb128 0x6
 1661 003e 26       		.uleb128 0x26
 1662 003f 00       		.byte	0
 1663 0040 49       		.uleb128 0x49
 1664 0041 13       		.uleb128 0x13
 1665 0042 00       		.byte	0
ARM GAS  C:\Users\Roland\AppData\Local\Temp\ccms8HzS.s 			page 32


 1666 0043 00       		.byte	0
 1667 0044 07       		.uleb128 0x7
 1668 0045 34       		.uleb128 0x34
 1669 0046 00       		.byte	0
 1670 0047 03       		.uleb128 0x3
 1671 0048 0E       		.uleb128 0xe
 1672 0049 3A       		.uleb128 0x3a
 1673 004a 0B       		.uleb128 0xb
 1674 004b 3B       		.uleb128 0x3b
 1675 004c 0B       		.uleb128 0xb
 1676 004d 49       		.uleb128 0x49
 1677 004e 13       		.uleb128 0x13
 1678 004f 3F       		.uleb128 0x3f
 1679 0050 0C       		.uleb128 0xc
 1680 0051 3C       		.uleb128 0x3c
 1681 0052 0C       		.uleb128 0xc
 1682 0053 00       		.byte	0
 1683 0054 00       		.byte	0
 1684 0055 08       		.uleb128 0x8
 1685 0056 13       		.uleb128 0x13
 1686 0057 01       		.byte	0x1
 1687 0058 0B       		.uleb128 0xb
 1688 0059 05       		.uleb128 0x5
 1689 005a 3A       		.uleb128 0x3a
 1690 005b 0B       		.uleb128 0xb
 1691 005c 3B       		.uleb128 0x3b
 1692 005d 0B       		.uleb128 0xb
 1693 005e 01       		.uleb128 0x1
 1694 005f 13       		.uleb128 0x13
 1695 0060 00       		.byte	0
 1696 0061 00       		.byte	0
 1697 0062 09       		.uleb128 0x9
 1698 0063 0D       		.uleb128 0xd
 1699 0064 00       		.byte	0
 1700 0065 03       		.uleb128 0x3
 1701 0066 0E       		.uleb128 0xe
 1702 0067 3A       		.uleb128 0x3a
 1703 0068 0B       		.uleb128 0xb
 1704 0069 3B       		.uleb128 0x3b
 1705 006a 0B       		.uleb128 0xb
 1706 006b 49       		.uleb128 0x49
 1707 006c 13       		.uleb128 0x13
 1708 006d 38       		.uleb128 0x38
 1709 006e 0A       		.uleb128 0xa
 1710 006f 00       		.byte	0
 1711 0070 00       		.byte	0
 1712 0071 0A       		.uleb128 0xa
 1713 0072 01       		.uleb128 0x1
 1714 0073 01       		.byte	0x1
 1715 0074 49       		.uleb128 0x49
 1716 0075 13       		.uleb128 0x13
 1717 0076 01       		.uleb128 0x1
 1718 0077 13       		.uleb128 0x13
 1719 0078 00       		.byte	0
 1720 0079 00       		.byte	0
 1721 007a 0B       		.uleb128 0xb
 1722 007b 21       		.uleb128 0x21
ARM GAS  C:\Users\Roland\AppData\Local\Temp\ccms8HzS.s 			page 33


 1723 007c 00       		.byte	0
 1724 007d 49       		.uleb128 0x49
 1725 007e 13       		.uleb128 0x13
 1726 007f 2F       		.uleb128 0x2f
 1727 0080 0B       		.uleb128 0xb
 1728 0081 00       		.byte	0
 1729 0082 00       		.byte	0
 1730 0083 0C       		.uleb128 0xc
 1731 0084 13       		.uleb128 0x13
 1732 0085 01       		.byte	0x1
 1733 0086 0B       		.uleb128 0xb
 1734 0087 0B       		.uleb128 0xb
 1735 0088 3A       		.uleb128 0x3a
 1736 0089 0B       		.uleb128 0xb
 1737 008a 3B       		.uleb128 0x3b
 1738 008b 0B       		.uleb128 0xb
 1739 008c 01       		.uleb128 0x1
 1740 008d 13       		.uleb128 0x13
 1741 008e 00       		.byte	0
 1742 008f 00       		.byte	0
 1743 0090 0D       		.uleb128 0xd
 1744 0091 0D       		.uleb128 0xd
 1745 0092 00       		.byte	0
 1746 0093 03       		.uleb128 0x3
 1747 0094 0E       		.uleb128 0xe
 1748 0095 3A       		.uleb128 0x3a
 1749 0096 0B       		.uleb128 0xb
 1750 0097 3B       		.uleb128 0x3b
 1751 0098 05       		.uleb128 0x5
 1752 0099 49       		.uleb128 0x49
 1753 009a 13       		.uleb128 0x13
 1754 009b 38       		.uleb128 0x38
 1755 009c 0A       		.uleb128 0xa
 1756 009d 00       		.byte	0
 1757 009e 00       		.byte	0
 1758 009f 0E       		.uleb128 0xe
 1759 00a0 16       		.uleb128 0x16
 1760 00a1 00       		.byte	0
 1761 00a2 03       		.uleb128 0x3
 1762 00a3 0E       		.uleb128 0xe
 1763 00a4 3A       		.uleb128 0x3a
 1764 00a5 0B       		.uleb128 0xb
 1765 00a6 3B       		.uleb128 0x3b
 1766 00a7 05       		.uleb128 0x5
 1767 00a8 49       		.uleb128 0x49
 1768 00a9 13       		.uleb128 0x13
 1769 00aa 00       		.byte	0
 1770 00ab 00       		.byte	0
 1771 00ac 0F       		.uleb128 0xf
 1772 00ad 13       		.uleb128 0x13
 1773 00ae 01       		.byte	0x1
 1774 00af 0B       		.uleb128 0xb
 1775 00b0 05       		.uleb128 0x5
 1776 00b1 3A       		.uleb128 0x3a
 1777 00b2 0B       		.uleb128 0xb
 1778 00b3 3B       		.uleb128 0x3b
 1779 00b4 05       		.uleb128 0x5
ARM GAS  C:\Users\Roland\AppData\Local\Temp\ccms8HzS.s 			page 34


 1780 00b5 01       		.uleb128 0x1
 1781 00b6 13       		.uleb128 0x13
 1782 00b7 00       		.byte	0
 1783 00b8 00       		.byte	0
 1784 00b9 10       		.uleb128 0x10
 1785 00ba 21       		.uleb128 0x21
 1786 00bb 00       		.byte	0
 1787 00bc 49       		.uleb128 0x49
 1788 00bd 13       		.uleb128 0x13
 1789 00be 2F       		.uleb128 0x2f
 1790 00bf 05       		.uleb128 0x5
 1791 00c0 00       		.byte	0
 1792 00c1 00       		.byte	0
 1793 00c2 11       		.uleb128 0x11
 1794 00c3 17       		.uleb128 0x17
 1795 00c4 01       		.byte	0x1
 1796 00c5 0B       		.uleb128 0xb
 1797 00c6 05       		.uleb128 0x5
 1798 00c7 3A       		.uleb128 0x3a
 1799 00c8 0B       		.uleb128 0xb
 1800 00c9 3B       		.uleb128 0x3b
 1801 00ca 05       		.uleb128 0x5
 1802 00cb 01       		.uleb128 0x1
 1803 00cc 13       		.uleb128 0x13
 1804 00cd 00       		.byte	0
 1805 00ce 00       		.byte	0
 1806 00cf 12       		.uleb128 0x12
 1807 00d0 0D       		.uleb128 0xd
 1808 00d1 00       		.byte	0
 1809 00d2 03       		.uleb128 0x3
 1810 00d3 0E       		.uleb128 0xe
 1811 00d4 3A       		.uleb128 0x3a
 1812 00d5 0B       		.uleb128 0xb
 1813 00d6 3B       		.uleb128 0x3b
 1814 00d7 05       		.uleb128 0x5
 1815 00d8 49       		.uleb128 0x49
 1816 00d9 13       		.uleb128 0x13
 1817 00da 00       		.byte	0
 1818 00db 00       		.byte	0
 1819 00dc 13       		.uleb128 0x13
 1820 00dd 0D       		.uleb128 0xd
 1821 00de 00       		.byte	0
 1822 00df 49       		.uleb128 0x49
 1823 00e0 13       		.uleb128 0x13
 1824 00e1 00       		.byte	0
 1825 00e2 00       		.byte	0
 1826 00e3 14       		.uleb128 0x14
 1827 00e4 0D       		.uleb128 0xd
 1828 00e5 00       		.byte	0
 1829 00e6 49       		.uleb128 0x49
 1830 00e7 13       		.uleb128 0x13
 1831 00e8 38       		.uleb128 0x38
 1832 00e9 0A       		.uleb128 0xa
 1833 00ea 00       		.byte	0
 1834 00eb 00       		.byte	0
 1835 00ec 15       		.uleb128 0x15
 1836 00ed 0D       		.uleb128 0xd
ARM GAS  C:\Users\Roland\AppData\Local\Temp\ccms8HzS.s 			page 35


 1837 00ee 00       		.byte	0
 1838 00ef 03       		.uleb128 0x3
 1839 00f0 08       		.uleb128 0x8
 1840 00f1 3A       		.uleb128 0x3a
 1841 00f2 0B       		.uleb128 0xb
 1842 00f3 3B       		.uleb128 0x3b
 1843 00f4 05       		.uleb128 0x5
 1844 00f5 49       		.uleb128 0x49
 1845 00f6 13       		.uleb128 0x13
 1846 00f7 38       		.uleb128 0x38
 1847 00f8 0A       		.uleb128 0xa
 1848 00f9 00       		.byte	0
 1849 00fa 00       		.byte	0
 1850 00fb 16       		.uleb128 0x16
 1851 00fc 34       		.uleb128 0x34
 1852 00fd 00       		.byte	0
 1853 00fe 03       		.uleb128 0x3
 1854 00ff 0E       		.uleb128 0xe
 1855 0100 3A       		.uleb128 0x3a
 1856 0101 0B       		.uleb128 0xb
 1857 0102 3B       		.uleb128 0x3b
 1858 0103 0B       		.uleb128 0xb
 1859 0104 49       		.uleb128 0x49
 1860 0105 13       		.uleb128 0x13
 1861 0106 3F       		.uleb128 0x3f
 1862 0107 0C       		.uleb128 0xc
 1863 0108 02       		.uleb128 0x2
 1864 0109 0A       		.uleb128 0xa
 1865 010a 00       		.byte	0
 1866 010b 00       		.byte	0
 1867 010c 17       		.uleb128 0x17
 1868 010d 2E       		.uleb128 0x2e
 1869 010e 00       		.byte	0
 1870 010f 3F       		.uleb128 0x3f
 1871 0110 0C       		.uleb128 0xc
 1872 0111 03       		.uleb128 0x3
 1873 0112 0E       		.uleb128 0xe
 1874 0113 3A       		.uleb128 0x3a
 1875 0114 0B       		.uleb128 0xb
 1876 0115 3B       		.uleb128 0x3b
 1877 0116 0B       		.uleb128 0xb
 1878 0117 27       		.uleb128 0x27
 1879 0118 0C       		.uleb128 0xc
 1880 0119 20       		.uleb128 0x20
 1881 011a 0B       		.uleb128 0xb
 1882 011b 00       		.byte	0
 1883 011c 00       		.byte	0
 1884 011d 18       		.uleb128 0x18
 1885 011e 2E       		.uleb128 0x2e
 1886 011f 00       		.byte	0
 1887 0120 3F       		.uleb128 0x3f
 1888 0121 0C       		.uleb128 0xc
 1889 0122 03       		.uleb128 0x3
 1890 0123 0E       		.uleb128 0xe
 1891 0124 3A       		.uleb128 0x3a
 1892 0125 0B       		.uleb128 0xb
 1893 0126 3B       		.uleb128 0x3b
ARM GAS  C:\Users\Roland\AppData\Local\Temp\ccms8HzS.s 			page 36


 1894 0127 0B       		.uleb128 0xb
 1895 0128 27       		.uleb128 0x27
 1896 0129 0C       		.uleb128 0xc
 1897 012a 11       		.uleb128 0x11
 1898 012b 01       		.uleb128 0x1
 1899 012c 12       		.uleb128 0x12
 1900 012d 01       		.uleb128 0x1
 1901 012e 40       		.uleb128 0x40
 1902 012f 0A       		.uleb128 0xa
 1903 0130 9742     		.uleb128 0x2117
 1904 0132 0C       		.uleb128 0xc
 1905 0133 00       		.byte	0
 1906 0134 00       		.byte	0
 1907 0135 19       		.uleb128 0x19
 1908 0136 2E       		.uleb128 0x2e
 1909 0137 01       		.byte	0x1
 1910 0138 3F       		.uleb128 0x3f
 1911 0139 0C       		.uleb128 0xc
 1912 013a 03       		.uleb128 0x3
 1913 013b 0E       		.uleb128 0xe
 1914 013c 3A       		.uleb128 0x3a
 1915 013d 0B       		.uleb128 0xb
 1916 013e 3B       		.uleb128 0x3b
 1917 013f 0B       		.uleb128 0xb
 1918 0140 27       		.uleb128 0x27
 1919 0141 0C       		.uleb128 0xc
 1920 0142 11       		.uleb128 0x11
 1921 0143 01       		.uleb128 0x1
 1922 0144 12       		.uleb128 0x12
 1923 0145 01       		.uleb128 0x1
 1924 0146 40       		.uleb128 0x40
 1925 0147 0A       		.uleb128 0xa
 1926 0148 9742     		.uleb128 0x2117
 1927 014a 0C       		.uleb128 0xc
 1928 014b 01       		.uleb128 0x1
 1929 014c 13       		.uleb128 0x13
 1930 014d 00       		.byte	0
 1931 014e 00       		.byte	0
 1932 014f 1A       		.uleb128 0x1a
 1933 0150 05       		.uleb128 0x5
 1934 0151 00       		.byte	0
 1935 0152 03       		.uleb128 0x3
 1936 0153 0E       		.uleb128 0xe
 1937 0154 3A       		.uleb128 0x3a
 1938 0155 0B       		.uleb128 0xb
 1939 0156 3B       		.uleb128 0x3b
 1940 0157 0B       		.uleb128 0xb
 1941 0158 49       		.uleb128 0x49
 1942 0159 13       		.uleb128 0x13
 1943 015a 02       		.uleb128 0x2
 1944 015b 06       		.uleb128 0x6
 1945 015c 00       		.byte	0
 1946 015d 00       		.byte	0
 1947 015e 1B       		.uleb128 0x1b
 1948 015f 2E       		.uleb128 0x2e
 1949 0160 01       		.byte	0x1
 1950 0161 3F       		.uleb128 0x3f
ARM GAS  C:\Users\Roland\AppData\Local\Temp\ccms8HzS.s 			page 37


 1951 0162 0C       		.uleb128 0xc
 1952 0163 03       		.uleb128 0x3
 1953 0164 0E       		.uleb128 0xe
 1954 0165 3A       		.uleb128 0x3a
 1955 0166 0B       		.uleb128 0xb
 1956 0167 3B       		.uleb128 0x3b
 1957 0168 0B       		.uleb128 0xb
 1958 0169 27       		.uleb128 0x27
 1959 016a 0C       		.uleb128 0xc
 1960 016b 49       		.uleb128 0x49
 1961 016c 13       		.uleb128 0x13
 1962 016d 11       		.uleb128 0x11
 1963 016e 01       		.uleb128 0x1
 1964 016f 12       		.uleb128 0x12
 1965 0170 01       		.uleb128 0x1
 1966 0171 40       		.uleb128 0x40
 1967 0172 06       		.uleb128 0x6
 1968 0173 9742     		.uleb128 0x2117
 1969 0175 0C       		.uleb128 0xc
 1970 0176 01       		.uleb128 0x1
 1971 0177 13       		.uleb128 0x13
 1972 0178 00       		.byte	0
 1973 0179 00       		.byte	0
 1974 017a 1C       		.uleb128 0x1c
 1975 017b 1D       		.uleb128 0x1d
 1976 017c 00       		.byte	0
 1977 017d 31       		.uleb128 0x31
 1978 017e 13       		.uleb128 0x13
 1979 017f 52       		.uleb128 0x52
 1980 0180 01       		.uleb128 0x1
 1981 0181 55       		.uleb128 0x55
 1982 0182 06       		.uleb128 0x6
 1983 0183 58       		.uleb128 0x58
 1984 0184 0B       		.uleb128 0xb
 1985 0185 59       		.uleb128 0x59
 1986 0186 0B       		.uleb128 0xb
 1987 0187 00       		.byte	0
 1988 0188 00       		.byte	0
 1989 0189 1D       		.uleb128 0x1d
 1990 018a 1D       		.uleb128 0x1d
 1991 018b 00       		.byte	0
 1992 018c 31       		.uleb128 0x31
 1993 018d 13       		.uleb128 0x13
 1994 018e 11       		.uleb128 0x11
 1995 018f 01       		.uleb128 0x1
 1996 0190 12       		.uleb128 0x12
 1997 0191 01       		.uleb128 0x1
 1998 0192 58       		.uleb128 0x58
 1999 0193 0B       		.uleb128 0xb
 2000 0194 59       		.uleb128 0x59
 2001 0195 0B       		.uleb128 0xb
 2002 0196 00       		.byte	0
 2003 0197 00       		.byte	0
 2004 0198 1E       		.uleb128 0x1e
 2005 0199 898201   		.uleb128 0x4109
 2006 019c 00       		.byte	0
 2007 019d 11       		.uleb128 0x11
ARM GAS  C:\Users\Roland\AppData\Local\Temp\ccms8HzS.s 			page 38


 2008 019e 01       		.uleb128 0x1
 2009 019f 31       		.uleb128 0x31
 2010 01a0 13       		.uleb128 0x13
 2011 01a1 00       		.byte	0
 2012 01a2 00       		.byte	0
 2013 01a3 1F       		.uleb128 0x1f
 2014 01a4 898201   		.uleb128 0x4109
 2015 01a7 01       		.byte	0x1
 2016 01a8 11       		.uleb128 0x11
 2017 01a9 01       		.uleb128 0x1
 2018 01aa 31       		.uleb128 0x31
 2019 01ab 13       		.uleb128 0x13
 2020 01ac 01       		.uleb128 0x1
 2021 01ad 13       		.uleb128 0x13
 2022 01ae 00       		.byte	0
 2023 01af 00       		.byte	0
 2024 01b0 20       		.uleb128 0x20
 2025 01b1 8A8201   		.uleb128 0x410a
 2026 01b4 00       		.byte	0
 2027 01b5 02       		.uleb128 0x2
 2028 01b6 0A       		.uleb128 0xa
 2029 01b7 9142     		.uleb128 0x2111
 2030 01b9 0A       		.uleb128 0xa
 2031 01ba 00       		.byte	0
 2032 01bb 00       		.byte	0
 2033 01bc 21       		.uleb128 0x21
 2034 01bd 898201   		.uleb128 0x4109
 2035 01c0 01       		.byte	0x1
 2036 01c1 11       		.uleb128 0x11
 2037 01c2 01       		.uleb128 0x1
 2038 01c3 31       		.uleb128 0x31
 2039 01c4 13       		.uleb128 0x13
 2040 01c5 00       		.byte	0
 2041 01c6 00       		.byte	0
 2042 01c7 22       		.uleb128 0x22
 2043 01c8 2E       		.uleb128 0x2e
 2044 01c9 00       		.byte	0
 2045 01ca 31       		.uleb128 0x31
 2046 01cb 13       		.uleb128 0x13
 2047 01cc 11       		.uleb128 0x11
 2048 01cd 01       		.uleb128 0x1
 2049 01ce 12       		.uleb128 0x12
 2050 01cf 01       		.uleb128 0x1
 2051 01d0 40       		.uleb128 0x40
 2052 01d1 0A       		.uleb128 0xa
 2053 01d2 9742     		.uleb128 0x2117
 2054 01d4 0C       		.uleb128 0xc
 2055 01d5 00       		.byte	0
 2056 01d6 00       		.byte	0
 2057 01d7 00       		.byte	0
 2058              		.section	.debug_loc,"",%progbits
 2059              	.Ldebug_loc0:
 2060              	.LLST0:
 2061 0000 00000000 		.4byte	.LVL0-.Ltext0
 2062 0004 02000000 		.4byte	.LVL1-.Ltext0
 2063 0008 0100     		.2byte	0x1
 2064 000a 50       		.byte	0x50
ARM GAS  C:\Users\Roland\AppData\Local\Temp\ccms8HzS.s 			page 39


 2065 000b 02000000 		.4byte	.LVL1-.Ltext0
 2066 000f 08000000 		.4byte	.LVL2-.Ltext0
 2067 0013 0100     		.2byte	0x1
 2068 0015 53       		.byte	0x53
 2069 0016 08000000 		.4byte	.LVL2-.Ltext0
 2070 001a 0C000000 		.4byte	.LVL3-.Ltext0
 2071 001e 0300     		.2byte	0x3
 2072 0020 73       		.byte	0x73
 2073 0021 7F       		.sleb128 -1
 2074 0022 9F       		.byte	0x9f
 2075 0023 0C000000 		.4byte	.LVL3-.Ltext0
 2076 0027 0E000000 		.4byte	.LFE43-.Ltext0
 2077 002b 0100     		.2byte	0x1
 2078 002d 53       		.byte	0x53
 2079 002e 00000000 		.4byte	0
 2080 0032 00000000 		.4byte	0
 2081              	.LLST1:
 2082 0036 48000000 		.4byte	.LFB42-.Ltext0
 2083 003a 4A000000 		.4byte	.LCFI0-.Ltext0
 2084 003e 0200     		.2byte	0x2
 2085 0040 7D       		.byte	0x7d
 2086 0041 00       		.sleb128 0
 2087 0042 4A000000 		.4byte	.LCFI0-.Ltext0
 2088 0046 7C000000 		.4byte	.LFE42-.Ltext0
 2089 004a 0200     		.2byte	0x2
 2090 004c 7D       		.byte	0x7d
 2091 004d 10       		.sleb128 16
 2092 004e 00000000 		.4byte	0
 2093 0052 00000000 		.4byte	0
 2094              		.section	.debug_aranges,"",%progbits
 2095 0000 1C000000 		.4byte	0x1c
 2096 0004 0200     		.2byte	0x2
 2097 0006 00000000 		.4byte	.Ldebug_info0
 2098 000a 04       		.byte	0x4
 2099 000b 00       		.byte	0
 2100 000c 0000     		.2byte	0
 2101 000e 0000     		.2byte	0
 2102 0010 00000000 		.4byte	.Ltext0
 2103 0014 9C000000 		.4byte	.Letext0-.Ltext0
 2104 0018 00000000 		.4byte	0
 2105 001c 00000000 		.4byte	0
 2106              		.section	.debug_ranges,"",%progbits
 2107              	.Ldebug_ranges0:
 2108 0000 58000000 		.4byte	.LBB6-.Ltext0
 2109 0004 5C000000 		.4byte	.LBE6-.Ltext0
 2110 0008 64000000 		.4byte	.LBB9-.Ltext0
 2111 000c 68000000 		.4byte	.LBE9-.Ltext0
 2112 0010 00000000 		.4byte	0
 2113 0014 00000000 		.4byte	0
 2114              		.section	.debug_line,"",%progbits
 2115              	.Ldebug_line0:
 2116 0000 6E010000 		.section	.debug_str,"MS",%progbits,1
 2116      02001B01 
 2116      00000201 
 2116      FB0E0D00 
 2116      01010101 
 2117              	.LASF18:
ARM GAS  C:\Users\Roland\AppData\Local\Temp\ccms8HzS.s 			page 40


 2118 0000 5359534F 		.ascii	"SYSOSCCTRL\000"
 2118      53434354 
 2118      524C00
 2119              	.LASF10:
 2120 000b 756E7369 		.ascii	"unsigned int\000"
 2120      676E6564 
 2120      20696E74 
 2120      00
 2121              	.LASF31:
 2122 0018 53595341 		.ascii	"SYSAHBCLKCTRL\000"
 2122      4842434C 
 2122      4B435452 
 2122      4C00
 2123              	.LASF131:
 2124 0026 433A5C55 		.ascii	"C:\\Users\\Roland\\source\\KeilIDE\\LPC1113_GCC_Kei"
 2124      73657273 
 2124      5C526F6C 
 2124      616E645C 
 2124      736F7572 
 2125 0054 6C5F426C 		.ascii	"l_Blinky\000"
 2125      696E6B79 
 2125      00
 2126              	.LASF27:
 2127 005d 4D41494E 		.ascii	"MAINCLKSEL\000"
 2127      434C4B53 
 2127      454C00
 2128              	.LASF119:
 2129 0068 43543332 		.ascii	"CT32B0_CAP0_LOC\000"
 2129      42305F43 
 2129      4150305F 
 2129      4C4F4300 
 2130              	.LASF14:
 2131 0078 50524553 		.ascii	"PRESETCTRL\000"
 2131      45544354 
 2131      524C00
 2132              	.LASF5:
 2133 0083 5F5F696E 		.ascii	"__int32_t\000"
 2133      7433325F 
 2133      7400
 2134              	.LASF126:
 2135 008d 64756D6D 		.ascii	"dummy\000"
 2135      7900
 2136              	.LASF93:
 2137 0093 5357434C 		.ascii	"SWCLK_PIO0_10\000"
 2137      4B5F5049 
 2137      4F305F31 
 2137      3000
 2138              	.LASF63:
 2139 00a1 50444157 		.ascii	"PDAWAKECFG\000"
 2139      414B4543 
 2139      464700
 2140              	.LASF122:
 2141 00ac 44415441 		.ascii	"DATA\000"
 2141      00
 2142              	.LASF15:
 2143 00b1 53595350 		.ascii	"SYSPLLCTRL\000"
 2143      4C4C4354 
ARM GAS  C:\Users\Roland\AppData\Local\Temp\ccms8HzS.s 			page 41


 2143      524C00
 2144              	.LASF125:
 2145 00bc 6C65645F 		.ascii	"led_mask\000"
 2145      6D61736B 
 2145      00
 2146              	.LASF69:
 2147 00c5 50494F32 		.ascii	"PIO2_0\000"
 2147      5F3000
 2148              	.LASF77:
 2149 00cc 50494F32 		.ascii	"PIO2_1\000"
 2149      5F3100
 2150              	.LASF90:
 2151 00d3 50494F32 		.ascii	"PIO2_2\000"
 2151      5F3200
 2152              	.LASF102:
 2153 00da 50494F32 		.ascii	"PIO2_3\000"
 2153      5F3300
 2154              	.LASF83:
 2155 00e1 50494F32 		.ascii	"PIO2_4\000"
 2155      5F3400
 2156              	.LASF84:
 2157 00e8 50494F32 		.ascii	"PIO2_5\000"
 2157      5F3500
 2158              	.LASF68:
 2159 00ef 50494F32 		.ascii	"PIO2_6\000"
 2159      5F3600
 2160              	.LASF75:
 2161 00f6 50494F32 		.ascii	"PIO2_7\000"
 2161      5F3700
 2162              	.LASF12:
 2163 00fd 75696E74 		.ascii	"uint32_t\000"
 2163      33325F74 
 2163      00
 2164              	.LASF88:
 2165 0106 50494F32 		.ascii	"PIO2_9\000"
 2165      5F3900
 2166              	.LASF38:
 2167 010d 57445443 		.ascii	"WDTCLKUEN\000"
 2167      4C4B5545 
 2167      4E00
 2168              	.LASF43:
 2169 0117 434C4B4F 		.ascii	"CLKOUTDIV\000"
 2169      55544449 
 2169      5600
 2170              	.LASF34:
 2171 0121 55415254 		.ascii	"UARTCLKDIV\000"
 2171      434C4B44 
 2171      495600
 2172              	.LASF49:
 2173 012c 53595354 		.ascii	"SYSTCKCAL\000"
 2173      434B4341 
 2173      4C00
 2174              	.LASF9:
 2175 0136 6C6F6E67 		.ascii	"long long unsigned int\000"
 2175      206C6F6E 
 2175      6720756E 
 2175      7369676E 
ARM GAS  C:\Users\Roland\AppData\Local\Temp\ccms8HzS.s 			page 42


 2175      65642069 
 2176              	.LASF19:
 2177 014d 5744544F 		.ascii	"WDTOSCCTRL\000"
 2177      53434354 
 2177      524C00
 2178              	.LASF25:
 2179 0158 53595350 		.ascii	"SYSPLLCLKUEN\000"
 2179      4C4C434C 
 2179      4B55454E 
 2179      00
 2180              	.LASF103:
 2181 0165 53574449 		.ascii	"SWDIO_PIO1_3\000"
 2181      4F5F5049 
 2181      4F315F33 
 2181      00
 2182              	.LASF16:
 2183 0172 53595350 		.ascii	"SYSPLLSTAT\000"
 2183      4C4C5354 
 2183      415400
 2184              	.LASF112:
 2185 017d 4453525F 		.ascii	"DSR_LOC\000"
 2185      4C4F4300 
 2186              	.LASF35:
 2187 0185 53535031 		.ascii	"SSP1CLKDIV\000"
 2187      434C4B44 
 2187      495600
 2188              	.LASF130:
 2189 0190 626C696E 		.ascii	"blinky.c\000"
 2189      6B792E63 
 2189      00
 2190              	.LASF120:
 2191 0199 5258445F 		.ascii	"RXD_LOC\000"
 2191      4C4F4300 
 2192              	.LASF129:
 2193 01a1 474E5520 		.ascii	"GNU C11 7.3.1 20180622 (release) [ARM/embedded-7-br"
 2193      43313120 
 2193      372E332E 
 2193      31203230 
 2193      31383036 
 2194 01d4 616E6368 		.ascii	"anch revision 261907] -mcpu=cortex-m0 -mthumb -mapc"
 2194      20726576 
 2194      6973696F 
 2194      6E203236 
 2194      31393037 
 2195 0207 732D6672 		.ascii	"s-frame -mthumb-interwork -gdwarf-2 -O\000"
 2195      616D6520 
 2195      2D6D7468 
 2195      756D622D 
 2195      696E7465 
 2196              	.LASF71:
 2197 022e 50494F30 		.ascii	"PIO0_1\000"
 2197      5F3100
 2198              	.LASF74:
 2199 0235 50494F30 		.ascii	"PIO0_2\000"
 2199      5F3200
 2200              	.LASF78:
 2201 023c 50494F30 		.ascii	"PIO0_3\000"
ARM GAS  C:\Users\Roland\AppData\Local\Temp\ccms8HzS.s 			page 43


 2201      5F3300
 2202              	.LASF79:
 2203 0243 50494F30 		.ascii	"PIO0_4\000"
 2203      5F3400
 2204              	.LASF80:
 2205 024a 50494F30 		.ascii	"PIO0_5\000"
 2205      5F3500
 2206              	.LASF86:
 2207 0251 50494F30 		.ascii	"PIO0_6\000"
 2207      5F3600
 2208              	.LASF87:
 2209 0258 50494F30 		.ascii	"PIO0_7\000"
 2209      5F3700
 2210              	.LASF91:
 2211 025f 50494F30 		.ascii	"PIO0_8\000"
 2211      5F3800
 2212              	.LASF92:
 2213 0266 50494F30 		.ascii	"PIO0_9\000"
 2213      5F3900
 2214              	.LASF37:
 2215 026d 57445443 		.ascii	"WDTCLKSEL\000"
 2215      4C4B5345 
 2215      4C00
 2216              	.LASF55:
 2217 0277 53544152 		.ascii	"STARTRSRP0CLR\000"
 2217      54525352 
 2217      5030434C 
 2217      5200
 2218              	.LASF111:
 2219 0285 53434B5F 		.ascii	"SCK_LOC\000"
 2219      4C4F4300 
 2220              	.LASF51:
 2221 028d 4E4D4953 		.ascii	"NMISRC\000"
 2221      524300
 2222              	.LASF118:
 2223 0294 4D4F5349 		.ascii	"MOSI1_LOC\000"
 2223      315F4C4F 
 2223      4300
 2224              	.LASF128:
 2225 029e 4C45445F 		.ascii	"LED_Set\000"
 2225      53657400 
 2226              	.LASF115:
 2227 02a6 43543136 		.ascii	"CT16B0_CAP0_LOC\000"
 2227      42305F43 
 2227      4150305F 
 2227      4C4F4300 
 2228              	.LASF29:
 2229 02b6 53595341 		.ascii	"SYSAHBCLKDIV\000"
 2229      4842434C 
 2229      4B444956 
 2229      00
 2230              	.LASF62:
 2231 02c3 5044534C 		.ascii	"PDSLEEPCFG\000"
 2231      45455043 
 2231      464700
 2232              	.LASF24:
 2233 02ce 53595350 		.ascii	"SYSPLLCLKSEL\000"
ARM GAS  C:\Users\Roland\AppData\Local\Temp\ccms8HzS.s 			page 44


 2233      4C4C434C 
 2233      4B53454C 
 2233      00
 2234              	.LASF8:
 2235 02db 6C6F6E67 		.ascii	"long long int\000"
 2235      206C6F6E 
 2235      6720696E 
 2235      7400
 2236              	.LASF113:
 2237 02e9 4443445F 		.ascii	"DCD_LOC\000"
 2237      4C4F4300 
 2238              	.LASF116:
 2239 02f1 53434B31 		.ascii	"SCK1_LOC\000"
 2239      5F4C4F43 
 2239      00
 2240              	.LASF133:
 2241 02fa 4C45445F 		.ascii	"LED_Config\000"
 2241      436F6E66 
 2241      696700
 2242              	.LASF45:
 2243 0305 50494F50 		.ascii	"PIOPORCAP0\000"
 2243      4F524341 
 2243      503000
 2244              	.LASF46:
 2245 0310 50494F50 		.ascii	"PIOPORCAP1\000"
 2245      4F524341 
 2245      503100
 2246              	.LASF89:
 2247 031b 50494F32 		.ascii	"PIO2_10\000"
 2247      5F313000 
 2248              	.LASF95:
 2249 0323 50494F32 		.ascii	"PIO2_11\000"
 2249      5F313100 
 2250              	.LASF97:
 2251 032b 525F5049 		.ascii	"R_PIO1_0\000"
 2251      4F315F30 
 2251      00
 2252              	.LASF98:
 2253 0334 525F5049 		.ascii	"R_PIO1_1\000"
 2253      4F315F31 
 2253      00
 2254              	.LASF99:
 2255 033d 525F5049 		.ascii	"R_PIO1_2\000"
 2255      4F315F32 
 2255      00
 2256              	.LASF123:
 2257 0346 4C50435F 		.ascii	"LPC_GPIO_TypeDef\000"
 2257      4750494F 
 2257      5F547970 
 2257      65446566 
 2257      00
 2258              	.LASF13:
 2259 0357 5359534D 		.ascii	"SYSMEMREMAP\000"
 2259      454D5245 
 2259      4D415000 
 2260              	.LASF135:
 2261 0363 6E436F75 		.ascii	"nCount\000"
ARM GAS  C:\Users\Roland\AppData\Local\Temp\ccms8HzS.s 			page 45


 2261      6E7400
 2262              	.LASF100:
 2263 036a 50494F33 		.ascii	"PIO3_0\000"
 2263      5F3000
 2264              	.LASF101:
 2265 0371 50494F33 		.ascii	"PIO3_1\000"
 2265      5F3100
 2266              	.LASF106:
 2267 0378 50494F33 		.ascii	"PIO3_2\000"
 2267      5F3200
 2268              	.LASF110:
 2269 037f 50494F33 		.ascii	"PIO3_3\000"
 2269      5F3300
 2270              	.LASF82:
 2271 0386 50494F33 		.ascii	"PIO3_4\000"
 2271      5F3400
 2272              	.LASF85:
 2273 038d 50494F33 		.ascii	"PIO3_5\000"
 2273      5F3500
 2274              	.LASF53:
 2275 0394 53544152 		.ascii	"STARTAPRP0\000"
 2275      54415052 
 2275      503000
 2276              	.LASF57:
 2277 039f 53544152 		.ascii	"STARTAPRP1\000"
 2277      54415052 
 2277      503100
 2278              	.LASF41:
 2279 03aa 434C4B4F 		.ascii	"CLKOUTCLKSEL\000"
 2279      5554434C 
 2279      4B53454C 
 2279      00
 2280              	.LASF124:
 2281 03b7 53797374 		.ascii	"SystemCoreClock\000"
 2281      656D436F 
 2281      7265436C 
 2281      6F636B00 
 2282              	.LASF54:
 2283 03c7 53544152 		.ascii	"STARTERP0\000"
 2283      54455250 
 2283      3000
 2284              	.LASF58:
 2285 03d1 53544152 		.ascii	"STARTERP1\000"
 2285      54455250 
 2285      3100
 2286              	.LASF17:
 2287 03db 52455345 		.ascii	"RESERVED0\000"
 2287      52564544 
 2287      3000
 2288              	.LASF21:
 2289 03e5 52455345 		.ascii	"RESERVED1\000"
 2289      52564544 
 2289      3100
 2290              	.LASF23:
 2291 03ef 52455345 		.ascii	"RESERVED2\000"
 2291      52564544 
 2291      3200
ARM GAS  C:\Users\Roland\AppData\Local\Temp\ccms8HzS.s 			page 46


 2292              	.LASF26:
 2293 03f9 52455345 		.ascii	"RESERVED3\000"
 2293      52564544 
 2293      3300
 2294              	.LASF30:
 2295 0403 52455345 		.ascii	"RESERVED4\000"
 2295      52564544 
 2295      3400
 2296              	.LASF32:
 2297 040d 52455345 		.ascii	"RESERVED5\000"
 2297      52564544 
 2297      3500
 2298              	.LASF36:
 2299 0417 52455345 		.ascii	"RESERVED6\000"
 2299      52564544 
 2299      3600
 2300              	.LASF2:
 2301 0421 73686F72 		.ascii	"short int\000"
 2301      7420696E 
 2301      7400
 2302              	.LASF40:
 2303 042b 52455345 		.ascii	"RESERVED8\000"
 2303      52564544 
 2303      3800
 2304              	.LASF44:
 2305 0435 52455345 		.ascii	"RESERVED9\000"
 2305      52564544 
 2305      3900
 2306              	.LASF42:
 2307 043f 434C4B4F 		.ascii	"CLKOUTUEN\000"
 2307      55545545 
 2307      4E00
 2308              	.LASF4:
 2309 0449 6C6F6E67 		.ascii	"long int\000"
 2309      20696E74 
 2309      00
 2310              	.LASF64:
 2311 0452 50445255 		.ascii	"PDRUNCFG\000"
 2311      4E434647 
 2311      00
 2312              	.LASF56:
 2313 045b 53544152 		.ascii	"STARTSRP0\000"
 2313      54535250 
 2313      3000
 2314              	.LASF60:
 2315 0465 53544152 		.ascii	"STARTSRP1\000"
 2315      54535250 
 2315      3100
 2316              	.LASF39:
 2317 046f 57445443 		.ascii	"WDTCLKDIV\000"
 2317      4C4B4449 
 2317      5600
 2318              	.LASF132:
 2319 0479 4D41534B 		.ascii	"MASKED_ACCESS\000"
 2319      45445F41 
 2319      43434553 
 2319      5300
ARM GAS  C:\Users\Roland\AppData\Local\Temp\ccms8HzS.s 			page 47


 2320              	.LASF33:
 2321 0487 53535030 		.ascii	"SSP0CLKDIV\000"
 2321      434C4B44 
 2321      495600
 2322              	.LASF66:
 2323 0492 44455649 		.ascii	"DEVICE_ID\000"
 2323      43455F49 
 2323      4400
 2324              	.LASF76:
 2325 049c 50494F32 		.ascii	"PIO2_8\000"
 2325      5F3800
 2326              	.LASF73:
 2327 04a3 5353454C 		.ascii	"SSEL1_LOC\000"
 2327      315F4C4F 
 2327      4300
 2328              	.LASF7:
 2329 04ad 6C6F6E67 		.ascii	"long unsigned int\000"
 2329      20756E73 
 2329      69676E65 
 2329      6420696E 
 2329      7400
 2330              	.LASF104:
 2331 04bf 50494F31 		.ascii	"PIO1_4\000"
 2331      5F3400
 2332              	.LASF107:
 2333 04c6 50494F31 		.ascii	"PIO1_5\000"
 2333      5F3500
 2334              	.LASF108:
 2335 04cd 50494F31 		.ascii	"PIO1_6\000"
 2335      5F3600
 2336              	.LASF109:
 2337 04d4 50494F31 		.ascii	"PIO1_7\000"
 2337      5F3700
 2338              	.LASF72:
 2339 04db 50494F31 		.ascii	"PIO1_8\000"
 2339      5F3800
 2340              	.LASF81:
 2341 04e2 50494F31 		.ascii	"PIO1_9\000"
 2341      5F3900
 2342              	.LASF11:
 2343 04e9 696E7433 		.ascii	"int32_t\000"
 2343      325F7400 
 2344              	.LASF117:
 2345 04f1 4D49534F 		.ascii	"MISO1_LOC\000"
 2345      315F4C4F 
 2345      4300
 2346              	.LASF127:
 2347 04fb 4C45445F 		.ascii	"LED_Clear\000"
 2347      436C6561 
 2347      7200
 2348              	.LASF1:
 2349 0505 756E7369 		.ascii	"unsigned char\000"
 2349      676E6564 
 2349      20636861 
 2349      7200
 2350              	.LASF48:
 2351 0513 424F4443 		.ascii	"BODCTRL\000"
ARM GAS  C:\Users\Roland\AppData\Local\Temp\ccms8HzS.s 			page 48


 2351      54524C00 
 2352              	.LASF6:
 2353 051b 5F5F7569 		.ascii	"__uint32_t\000"
 2353      6E743332 
 2353      5F7400
 2354              	.LASF134:
 2355 0526 44656C61 		.ascii	"Delay\000"
 2355      7900
 2356              	.LASF47:
 2357 052c 52455345 		.ascii	"RESERVED10\000"
 2357      52564544 
 2357      313000
 2358              	.LASF50:
 2359 0537 52455345 		.ascii	"RESERVED13\000"
 2359      52564544 
 2359      313300
 2360              	.LASF52:
 2361 0542 52455345 		.ascii	"RESERVED14\000"
 2361      52564544 
 2361      313400
 2362              	.LASF65:
 2363 054d 52455345 		.ascii	"RESERVED15\000"
 2363      52564544 
 2363      313500
 2364              	.LASF61:
 2365 0558 52455345 		.ascii	"RESERVED17\000"
 2365      52564544 
 2365      313700
 2366              	.LASF114:
 2367 0563 52495F4C 		.ascii	"RI_LOC\000"
 2367      4F4300
 2368              	.LASF70:
 2369 056a 52455345 		.ascii	"RESET_PIO0_0\000"
 2369      545F5049 
 2369      4F305F30 
 2369      00
 2370              	.LASF28:
 2371 0577 4D41494E 		.ascii	"MAINCLKUEN\000"
 2371      434C4B55 
 2371      454E00
 2372              	.LASF121:
 2373 0582 4C50435F 		.ascii	"LPC_IOCON_TypeDef\000"
 2373      494F434F 
 2373      4E5F5479 
 2373      70654465 
 2373      6600
 2374              	.LASF22:
 2375 0594 53595352 		.ascii	"SYSRSTSTAT\000"
 2375      53545354 
 2375      415400
 2376              	.LASF67:
 2377 059f 4C50435F 		.ascii	"LPC_SYSCON_TypeDef\000"
 2377      53595343 
 2377      4F4E5F54 
 2377      79706544 
 2377      656600
 2378              	.LASF0:
ARM GAS  C:\Users\Roland\AppData\Local\Temp\ccms8HzS.s 			page 49


 2379 05b2 7369676E 		.ascii	"signed char\000"
 2379      65642063 
 2379      68617200 
 2380              	.LASF3:
 2381 05be 73686F72 		.ascii	"short unsigned int\000"
 2381      7420756E 
 2381      7369676E 
 2381      65642069 
 2381      6E7400
 2382              	.LASF136:
 2383 05d1 6D61696E 		.ascii	"main\000"
 2383      00
 2384              	.LASF20:
 2385 05d6 49524343 		.ascii	"IRCCTRL\000"
 2385      54524C00 
 2386              	.LASF96:
 2387 05de 525F5049 		.ascii	"R_PIO0_11\000"
 2387      4F305F31 
 2387      3100
 2388              	.LASF94:
 2389 05e8 50494F31 		.ascii	"PIO1_10\000"
 2389      5F313000 
 2390              	.LASF105:
 2391 05f0 50494F31 		.ascii	"PIO1_11\000"
 2391      5F313100 
 2392              	.LASF59:
 2393 05f8 53544152 		.ascii	"STARTRSRP1CLR\000"
 2393      54525352 
 2393      5031434C 
 2393      5200
 2394              		.ident	"GCC: (GNU Tools for Arm Embedded Processors 7-2018-q2-update) 7.3.1 20180622 (release) [AR
ARM GAS  C:\Users\Roland\AppData\Local\Temp\ccms8HzS.s 			page 50


DEFINED SYMBOLS
                            *ABS*:00000000 blinky.c
C:\Users\Roland\AppData\Local\Temp\ccms8HzS.s:15     .text:00000000 $t
C:\Users\Roland\AppData\Local\Temp\ccms8HzS.s:22     .text:00000000 Delay
C:\Users\Roland\AppData\Local\Temp\ccms8HzS.s:63     .text:0000000e LED_Config
C:\Users\Roland\AppData\Local\Temp\ccms8HzS.s:111    .text:00000038 $d
C:\Users\Roland\AppData\Local\Temp\ccms8HzS.s:118    .text:00000048 $t
C:\Users\Roland\AppData\Local\Temp\ccms8HzS.s:125    .text:00000048 main
C:\Users\Roland\AppData\Local\Temp\ccms8HzS.s:188    .text:00000074 $d
                            *COM*:00000004 dummy
C:\Users\Roland\AppData\Local\Temp\ccms8HzS.s:195    .text:0000007c $t
C:\Users\Roland\AppData\Local\Temp\ccms8HzS.s:202    .text:0000007c LED_Set
C:\Users\Roland\AppData\Local\Temp\ccms8HzS.s:220    .text:00000088 $d
C:\Users\Roland\AppData\Local\Temp\ccms8HzS.s:224    .text:0000008c $t
C:\Users\Roland\AppData\Local\Temp\ccms8HzS.s:231    .text:0000008c LED_Clear
C:\Users\Roland\AppData\Local\Temp\ccms8HzS.s:249    .text:00000098 $d
C:\Users\Roland\AppData\Local\Temp\ccms8HzS.s:259    .rodata:00000000 led_mask
C:\Users\Roland\AppData\Local\Temp\ccms8HzS.s:256    .rodata:00000000 $d

NO UNDEFINED SYMBOLS
