ARM GAS  C:\Users\Roland\AppData\Local\Temp\ccQrwlvS.s 			page 1


   1              		.cpu cortex-m0
   2              		.eabi_attribute 20, 1
   3              		.eabi_attribute 21, 1
   4              		.eabi_attribute 23, 3
   5              		.eabi_attribute 24, 1
   6              		.eabi_attribute 25, 1
   7              		.eabi_attribute 26, 1
   8              		.eabi_attribute 30, 1
   9              		.eabi_attribute 34, 0
  10              		.eabi_attribute 18, 4
  11              		.file	"system_LPC11xx.c"
  12              		.text
  13              	.Ltext0:
  14              		.cfi_sections	.debug_frame
  15              		.align	1
  16              		.global	Main_PLL_Setup
  17              		.syntax unified
  18              		.code	16
  19              		.thumb_func
  20              		.fpu softvfp
  21              		.type	Main_PLL_Setup, %function
  22              	Main_PLL_Setup:
  23              	.LFB42:
  24              		.file 1 "Startup/system_LPC11xx.c"
   1:Startup/system_LPC11xx.c **** /******************************************************************************
   2:Startup/system_LPC11xx.c ****  * @file:    system_LPC11xx.c
   3:Startup/system_LPC11xx.c ****  * @purpose: CMSIS Cortex-M0 Device Peripheral Access Layer Source File
   4:Startup/system_LPC11xx.c ****  *           for the NXP LPC11xx Device Series 
   5:Startup/system_LPC11xx.c ****  * @version: V1.0
   6:Startup/system_LPC11xx.c ****  * @date:    26. Nov. 2008
   7:Startup/system_LPC11xx.c ****  *----------------------------------------------------------------------------
   8:Startup/system_LPC11xx.c ****  *
   9:Startup/system_LPC11xx.c ****  * Copyright (C) 2008 ARM Limited. All rights reserved.
  10:Startup/system_LPC11xx.c ****  *
  11:Startup/system_LPC11xx.c ****  * ARM Limited (ARM) is supplying this software for use with Cortex-M3 
  12:Startup/system_LPC11xx.c ****  * processor based microcontrollers.  This file can be freely distributed 
  13:Startup/system_LPC11xx.c ****  * within development tools that are supporting such ARM based processors. 
  14:Startup/system_LPC11xx.c ****  *
  15:Startup/system_LPC11xx.c ****  * THIS SOFTWARE IS PROVIDED "AS IS".  NO WARRANTIES, WHETHER EXPRESS, IMPLIED
  16:Startup/system_LPC11xx.c ****  * OR STATUTORY, INCLUDING, BUT NOT LIMITED TO, IMPLIED WARRANTIES OF
  17:Startup/system_LPC11xx.c ****  * MERCHANTABILITY AND FITNESS FOR A PARTICULAR PURPOSE APPLY TO THIS SOFTWARE.
  18:Startup/system_LPC11xx.c ****  * ARM SHALL NOT, IN ANY CIRCUMSTANCES, BE LIABLE FOR SPECIAL, INCIDENTAL, OR
  19:Startup/system_LPC11xx.c ****  * CONSEQUENTIAL DAMAGES, FOR ANY REASON WHATSOEVER.
  20:Startup/system_LPC11xx.c ****  *
  21:Startup/system_LPC11xx.c ****  ******************************************************************************/
  22:Startup/system_LPC11xx.c **** #include <stdint.h>
  23:Startup/system_LPC11xx.c **** #include "LPC11xx.h"
  24:Startup/system_LPC11xx.c **** 
  25:Startup/system_LPC11xx.c **** /*
  26:Startup/system_LPC11xx.c **** //-------- <<< Use Configuration Wizard in Context Menu >>> ------------------
  27:Startup/system_LPC11xx.c **** */
  28:Startup/system_LPC11xx.c **** 
  29:Startup/system_LPC11xx.c **** /*--------------------- Clock Configuration ----------------------------------
  30:Startup/system_LPC11xx.c **** //
  31:Startup/system_LPC11xx.c **** // <e> Clock Configuration
  32:Startup/system_LPC11xx.c **** //   <h> System Controls and Status Register (SCS)
  33:Startup/system_LPC11xx.c **** //     <o1.4>    OSCRANGE: Main Oscillator Range Select
ARM GAS  C:\Users\Roland\AppData\Local\Temp\ccQrwlvS.s 			page 2


  34:Startup/system_LPC11xx.c **** //                     <0=>  1 MHz to 20 MHz
  35:Startup/system_LPC11xx.c **** //                     <1=> 15 MHz to 24 MHz
  36:Startup/system_LPC11xx.c **** //     <e1.5>       OSCEN: Main Oscillator Enable
  37:Startup/system_LPC11xx.c **** //     </e>
  38:Startup/system_LPC11xx.c **** //   </h>
  39:Startup/system_LPC11xx.c **** //
  40:Startup/system_LPC11xx.c **** //   <h> Clock Source Select Register (CLKSRCSEL)
  41:Startup/system_LPC11xx.c **** //     <o2.0..1>   CLKSRC: PLL Clock Source Selection
  42:Startup/system_LPC11xx.c **** //                     <0=> Internal RC oscillator
  43:Startup/system_LPC11xx.c **** //                     <1=> Main oscillator
  44:Startup/system_LPC11xx.c **** //                     <2=> RTC oscillator
  45:Startup/system_LPC11xx.c **** //   </h>
  46:Startup/system_LPC11xx.c **** //
  47:Startup/system_LPC11xx.c **** //   <e3> PLL0 Configuration (Main PLL)
  48:Startup/system_LPC11xx.c **** //     <h> PLL0 Configuration Register (PLL0CFG)
  49:Startup/system_LPC11xx.c **** //                     <i> F_cco0 = (2 * M * F_in) / N
  50:Startup/system_LPC11xx.c **** //                     <i> F_in must be in the range of 32 kHz to 50 MHz
  51:Startup/system_LPC11xx.c **** //                     <i> F_cco0 must be in the range of 275 MHz to 550 MHz
  52:Startup/system_LPC11xx.c **** //       <o4.0..14>  MSEL: PLL Multiplier Selection
  53:Startup/system_LPC11xx.c **** //                     <6-32768><#-1>
  54:Startup/system_LPC11xx.c **** //                     <i> M Value
  55:Startup/system_LPC11xx.c **** //       <o4.16..23> NSEL: PLL Divider Selection
  56:Startup/system_LPC11xx.c **** //                     <1-256><#-1>
  57:Startup/system_LPC11xx.c **** //                     <i> N Value
  58:Startup/system_LPC11xx.c **** //     </h>
  59:Startup/system_LPC11xx.c **** //   </e>
  60:Startup/system_LPC11xx.c **** //
  61:Startup/system_LPC11xx.c **** //
  62:Startup/system_LPC11xx.c **** //   <h> CPU Clock Configuration Register (CCLKCFG)
  63:Startup/system_LPC11xx.c **** //     <o7.0..7>  CCLKSEL: Divide Value for CPU Clock from PLL0
  64:Startup/system_LPC11xx.c **** //                     <0-255>
  65:Startup/system_LPC11xx.c **** //                     <i> Divide is CCLKSEL + 1. Only 0 and odd values are valid.
  66:Startup/system_LPC11xx.c **** //   </h>
  67:Startup/system_LPC11xx.c **** //
  68:Startup/system_LPC11xx.c **** //
  69:Startup/system_LPC11xx.c **** // </e>
  70:Startup/system_LPC11xx.c **** */
  71:Startup/system_LPC11xx.c **** #define CLOCK_SETUP           1
  72:Startup/system_LPC11xx.c **** 
  73:Startup/system_LPC11xx.c **** #define MAIN_PLL_SETUP        1
  74:Startup/system_LPC11xx.c **** #define MAIN_CLKSRCSEL_Val    0x00000000
  75:Startup/system_LPC11xx.c **** #define MAIN_PLL_M_Val        0x00000003
  76:Startup/system_LPC11xx.c **** #define MAIN_PLL_P_Val        0x00000001
  77:Startup/system_LPC11xx.c **** #define SYS_AHB_DIV_Val       1			/* 1 through 255, typical is 1 or 2 or 4 */
  78:Startup/system_LPC11xx.c **** 
  79:Startup/system_LPC11xx.c **** /*
  80:Startup/system_LPC11xx.c **** //-------- <<< end of configuration section >>> ------------------------------
  81:Startup/system_LPC11xx.c **** */
  82:Startup/system_LPC11xx.c **** 
  83:Startup/system_LPC11xx.c **** /*----------------------------------------------------------------------------
  84:Startup/system_LPC11xx.c ****   DEFINES
  85:Startup/system_LPC11xx.c ****  *----------------------------------------------------------------------------*/
  86:Startup/system_LPC11xx.c ****     
  87:Startup/system_LPC11xx.c **** /*----------------------------------------------------------------------------
  88:Startup/system_LPC11xx.c ****   Define clocks
  89:Startup/system_LPC11xx.c ****  *----------------------------------------------------------------------------*/
  90:Startup/system_LPC11xx.c **** #define XTAL        (12000000UL)        /* Oscillator frequency               */
ARM GAS  C:\Users\Roland\AppData\Local\Temp\ccQrwlvS.s 			page 3


  91:Startup/system_LPC11xx.c **** #define OSC_CLK     (      XTAL)        /* Main oscillator frequency          */
  92:Startup/system_LPC11xx.c **** #define IRC_OSC     (12000000UL)        /* Internal RC oscillator frequency   */
  93:Startup/system_LPC11xx.c **** #define WDT_OSC     (  250000UL)        /* WDT oscillator frequency           */
  94:Startup/system_LPC11xx.c **** 
  95:Startup/system_LPC11xx.c **** /*----------------------------------------------------------------------------
  96:Startup/system_LPC11xx.c ****   Clock Variable definitions
  97:Startup/system_LPC11xx.c ****  *----------------------------------------------------------------------------*/
  98:Startup/system_LPC11xx.c **** uint32_t ClockSource = IRC_OSC;
  99:Startup/system_LPC11xx.c **** uint32_t SystemFrequency = IRC_OSC; /*!< System Clock Frequency (Core Clock)  */
 100:Startup/system_LPC11xx.c **** uint32_t SystemAHBFrequency = IRC_OSC;
 101:Startup/system_LPC11xx.c **** 
 102:Startup/system_LPC11xx.c **** /**
 103:Startup/system_LPC11xx.c ****  * Misc. clock generation modules
 104:Startup/system_LPC11xx.c ****  *
 105:Startup/system_LPC11xx.c ****  * @param  none
 106:Startup/system_LPC11xx.c ****  * @return none
 107:Startup/system_LPC11xx.c ****  *
 108:Startup/system_LPC11xx.c ****  * @brief  Setup the microcontroller system.
 109:Startup/system_LPC11xx.c ****  *         Initialize the System and update the SystemFrequency variable.
 110:Startup/system_LPC11xx.c ****  */
 111:Startup/system_LPC11xx.c **** void Main_PLL_Setup ( void )
 112:Startup/system_LPC11xx.c **** {
  25              		.loc 1 112 0
  26              		.cfi_startproc
  27              		@ args = 0, pretend = 0, frame = 0
  28              		@ frame_needed = 0, uses_anonymous_args = 0
  29              		@ link register save eliminated.
 113:Startup/system_LPC11xx.c ****   uint32_t regVal;
 114:Startup/system_LPC11xx.c **** 
 115:Startup/system_LPC11xx.c ****   ClockSource = OSC_CLK;
  30              		.loc 1 115 0
  31 0000 194B     		ldr	r3, .L8
  32 0002 1A4A     		ldr	r2, .L8+4
  33 0004 1A60     		str	r2, [r3]
 116:Startup/system_LPC11xx.c ****   LPC_SYSCON->SYSPLLCLKSEL = MAIN_CLKSRCSEL_Val;   /* Select system OSC */
  34              		.loc 1 116 0
  35 0006 1A4B     		ldr	r3, .L8+8
  36 0008 0021     		movs	r1, #0
  37 000a 1964     		str	r1, [r3, #64]
 117:Startup/system_LPC11xx.c ****   LPC_SYSCON->SYSPLLCLKUEN = 0x01;                 /* Update clock source */
  38              		.loc 1 117 0
  39 000c 0122     		movs	r2, #1
  40 000e 5A64     		str	r2, [r3, #68]
 118:Startup/system_LPC11xx.c ****   LPC_SYSCON->SYSPLLCLKUEN = 0x00;                 /* toggle Update register once */
  41              		.loc 1 118 0
  42 0010 5964     		str	r1, [r3, #68]
 119:Startup/system_LPC11xx.c ****   LPC_SYSCON->SYSPLLCLKUEN = 0x01;
  43              		.loc 1 119 0
  44 0012 5A64     		str	r2, [r3, #68]
 120:Startup/system_LPC11xx.c ****   while ( !(LPC_SYSCON->SYSPLLCLKUEN & 0x01) ); /* Wait until updated */
  45              		.loc 1 120 0
  46 0014 1900     		movs	r1, r3
  47              	.L2:
  48              		.loc 1 120 0 is_stmt 0 discriminator 1
  49 0016 4B6C     		ldr	r3, [r1, #68]
  50 0018 1A42     		tst	r2, r3
  51 001a FCD0     		beq	.L2
ARM GAS  C:\Users\Roland\AppData\Local\Temp\ccQrwlvS.s 			page 4


 121:Startup/system_LPC11xx.c **** 
 122:Startup/system_LPC11xx.c ****   regVal = LPC_SYSCON->SYSPLLCTRL;
  52              		.loc 1 122 0 is_stmt 1
  53 001c 144A     		ldr	r2, .L8+8
  54 001e 9368     		ldr	r3, [r2, #8]
  55              	.LVL0:
 123:Startup/system_LPC11xx.c ****   regVal &= ~0x1FF;
  56              		.loc 1 123 0
  57 0020 5B0A     		lsrs	r3, r3, #9
  58              	.LVL1:
  59 0022 5B02     		lsls	r3, r3, #9
 124:Startup/system_LPC11xx.c ****   LPC_SYSCON->SYSPLLCTRL = (regVal | (MAIN_PLL_P_Val<<5) | MAIN_PLL_M_Val);
  60              		.loc 1 124 0
  61 0024 2321     		movs	r1, #35
  62 0026 0B43     		orrs	r3, r1
  63 0028 9360     		str	r3, [r2, #8]
 125:Startup/system_LPC11xx.c ****   
 126:Startup/system_LPC11xx.c ****   /* Enable main system PLL, main system PLL bit 7 in PDRUNCFG. */
 127:Startup/system_LPC11xx.c ****   LPC_SYSCON->PDRUNCFG &= ~(0x1<<7);
  64              		.loc 1 127 0
  65 002a 8E21     		movs	r1, #142
  66 002c 8900     		lsls	r1, r1, #2
  67 002e 5358     		ldr	r3, [r2, r1]
  68 0030 8020     		movs	r0, #128
  69 0032 8343     		bics	r3, r0
  70 0034 5350     		str	r3, [r2, r1]
 128:Startup/system_LPC11xx.c ****   while ( !(LPC_SYSCON->SYSPLLSTAT & 0x01) );	/* Wait until it's locked */
  71              		.loc 1 128 0
  72 0036 1100     		movs	r1, r2
  73 0038 0122     		movs	r2, #1
  74              	.L3:
  75              		.loc 1 128 0 is_stmt 0 discriminator 1
  76 003a CB68     		ldr	r3, [r1, #12]
  77 003c 1A42     		tst	r2, r3
  78 003e FCD0     		beq	.L3
 129:Startup/system_LPC11xx.c **** 
 130:Startup/system_LPC11xx.c ****   LPC_SYSCON->MAINCLKSEL = 0x03;		/* Select PLL clock output */
  79              		.loc 1 130 0 is_stmt 1
  80 0040 0B4B     		ldr	r3, .L8+8
  81 0042 0322     		movs	r2, #3
  82 0044 1A67     		str	r2, [r3, #112]
 131:Startup/system_LPC11xx.c ****   LPC_SYSCON->MAINCLKUEN = 0x01;		/* Update MCLK clock source */
  83              		.loc 1 131 0
  84 0046 023A     		subs	r2, r2, #2
  85 0048 5A67     		str	r2, [r3, #116]
 132:Startup/system_LPC11xx.c ****   LPC_SYSCON->MAINCLKUEN = 0x00;		/* Toggle update register once */
  86              		.loc 1 132 0
  87 004a 0021     		movs	r1, #0
  88 004c 5967     		str	r1, [r3, #116]
 133:Startup/system_LPC11xx.c ****   LPC_SYSCON->MAINCLKUEN = 0x01;
  89              		.loc 1 133 0
  90 004e 5A67     		str	r2, [r3, #116]
 134:Startup/system_LPC11xx.c ****   while ( !(LPC_SYSCON->MAINCLKUEN & 0x01) );	/* Wait until updated */
  91              		.loc 1 134 0
  92 0050 1900     		movs	r1, r3
  93              	.L4:
  94              		.loc 1 134 0 is_stmt 0 discriminator 1
ARM GAS  C:\Users\Roland\AppData\Local\Temp\ccQrwlvS.s 			page 5


  95 0052 4B6F     		ldr	r3, [r1, #116]
  96 0054 1A42     		tst	r2, r3
  97 0056 FCD0     		beq	.L4
 135:Startup/system_LPC11xx.c **** 
 136:Startup/system_LPC11xx.c ****   LPC_SYSCON->SYSAHBCLKDIV = SYS_AHB_DIV_Val;	/* SYS AHB clock, typical is 1 or 2 or 4 */
  98              		.loc 1 136 0 is_stmt 1
  99 0058 054B     		ldr	r3, .L8+8
 100 005a 0122     		movs	r2, #1
 101 005c 9A67     		str	r2, [r3, #120]
 137:Startup/system_LPC11xx.c **** 
 138:Startup/system_LPC11xx.c **** #if MAIN_PLL_SETUP
 139:Startup/system_LPC11xx.c ****   SystemFrequency = ClockSource * (MAIN_PLL_M_Val+1);
 102              		.loc 1 139 0
 103 005e 024B     		ldr	r3, .L8
 104 0060 044A     		ldr	r2, .L8+12
 105 0062 5A60     		str	r2, [r3, #4]
 140:Startup/system_LPC11xx.c **** #else
 141:Startup/system_LPC11xx.c ****   SystemFrequency = ClockSource;
 142:Startup/system_LPC11xx.c **** #endif
 143:Startup/system_LPC11xx.c ****   SystemAHBFrequency = (uint32_t)(SystemFrequency/SYS_AHB_DIV_Val);
 106              		.loc 1 143 0
 107 0064 9A60     		str	r2, [r3, #8]
 144:Startup/system_LPC11xx.c ****   return;
 145:Startup/system_LPC11xx.c **** }
 108              		.loc 1 145 0
 109              		@ sp needed
 110 0066 7047     		bx	lr
 111              	.L9:
 112              		.align	2
 113              	.L8:
 114 0068 00000000 		.word	.LANCHOR0
 115 006c 001BB700 		.word	12000000
 116 0070 00800440 		.word	1074036736
 117 0074 006CDC02 		.word	48000000
 118              		.cfi_endproc
 119              	.LFE42:
 120              		.size	Main_PLL_Setup, .-Main_PLL_Setup
 121              		.align	1
 122              		.global	SystemInit
 123              		.syntax unified
 124              		.code	16
 125              		.thumb_func
 126              		.fpu softvfp
 127              		.type	SystemInit, %function
 128              	SystemInit:
 129              	.LFB43:
 146:Startup/system_LPC11xx.c **** 
 147:Startup/system_LPC11xx.c **** /**
 148:Startup/system_LPC11xx.c ****  * Initialize the system
 149:Startup/system_LPC11xx.c ****  *
 150:Startup/system_LPC11xx.c ****  * @param  none
 151:Startup/system_LPC11xx.c ****  * @return none
 152:Startup/system_LPC11xx.c ****  *
 153:Startup/system_LPC11xx.c ****  * @brief  Setup the microcontroller system.
 154:Startup/system_LPC11xx.c ****  *         Initialize the System and update the SystemFrequency variable.
 155:Startup/system_LPC11xx.c ****  */
 156:Startup/system_LPC11xx.c **** void SystemInit (void)
ARM GAS  C:\Users\Roland\AppData\Local\Temp\ccQrwlvS.s 			page 6


 157:Startup/system_LPC11xx.c **** {
 130              		.loc 1 157 0
 131              		.cfi_startproc
 132              		@ args = 0, pretend = 0, frame = 0
 133              		@ frame_needed = 0, uses_anonymous_args = 0
 134 0078 10B5     		push	{r4, lr}
 135              	.LCFI0:
 136              		.cfi_def_cfa_offset 8
 137              		.cfi_offset 4, -8
 138              		.cfi_offset 14, -4
 158:Startup/system_LPC11xx.c ****   uint32_t i;
 159:Startup/system_LPC11xx.c **** 
 160:Startup/system_LPC11xx.c **** #ifdef __DEBUG_RAM    
 161:Startup/system_LPC11xx.c ****   LPC_SYSCON->SYSMEMREMAP = 0x1;		/* remap to internal RAM */ 
 162:Startup/system_LPC11xx.c **** #else
 163:Startup/system_LPC11xx.c **** #ifdef __DEBUG_FLASH    
 164:Startup/system_LPC11xx.c ****   LPC_SYSCON->SYSMEMREMAP = 0x2;		/* remap to internal flash */
 165:Startup/system_LPC11xx.c **** #endif
 166:Startup/system_LPC11xx.c **** #endif
 167:Startup/system_LPC11xx.c **** 
 168:Startup/system_LPC11xx.c **** #if (CLOCK_SETUP)                       /* Clock Setup */
 169:Startup/system_LPC11xx.c ****   /* bit 0 default is crystal bypass, 
 170:Startup/system_LPC11xx.c ****   bit1 0=0~20Mhz crystal input, 1=15~50Mhz crystal input. */
 171:Startup/system_LPC11xx.c ****   LPC_SYSCON->SYSOSCCTRL = 0x00;
 139              		.loc 1 171 0
 140 007a 0C4B     		ldr	r3, .L13
 141 007c 0022     		movs	r2, #0
 142 007e 1A62     		str	r2, [r3, #32]
 172:Startup/system_LPC11xx.c **** 
 173:Startup/system_LPC11xx.c ****   /* main system OSC run is cleared, bit 5 in PDRUNCFG register */
 174:Startup/system_LPC11xx.c ****   LPC_SYSCON->PDRUNCFG &= ~(0x1<<5);
 143              		.loc 1 174 0
 144 0080 8E21     		movs	r1, #142
 145 0082 8900     		lsls	r1, r1, #2
 146 0084 5A58     		ldr	r2, [r3, r1]
 147 0086 2020     		movs	r0, #32
 148 0088 8243     		bics	r2, r0
 149 008a 5A50     		str	r2, [r3, r1]
 150              	.LVL2:
 151 008c 8023     		movs	r3, #128
 152 008e 5B00     		lsls	r3, r3, #1
 153              	.LVL3:
 154              	.L11:
 155 0090 013B     		subs	r3, r3, #1
 156              	.LVL4:
 175:Startup/system_LPC11xx.c ****   /* Wait 200us for OSC to be stablized, no status 
 176:Startup/system_LPC11xx.c ****   indication, dummy wait. */
 177:Startup/system_LPC11xx.c ****   for ( i = 0; i < 0x100; i++ );
 157              		.loc 1 177 0 discriminator 3
 158 0092 002B     		cmp	r3, #0
 159 0094 FCD1     		bne	.L11
 178:Startup/system_LPC11xx.c **** 
 179:Startup/system_LPC11xx.c **** #if (MAIN_PLL_SETUP)
 180:Startup/system_LPC11xx.c ****   Main_PLL_Setup();  
 160              		.loc 1 180 0
 161 0096 FFF7FEFF 		bl	Main_PLL_Setup
 162              	.LVL5:
ARM GAS  C:\Users\Roland\AppData\Local\Temp\ccQrwlvS.s 			page 7


 181:Startup/system_LPC11xx.c **** #endif
 182:Startup/system_LPC11xx.c **** 
 183:Startup/system_LPC11xx.c **** #endif	/* endif CLOCK_SETUP */
 184:Startup/system_LPC11xx.c **** 
 185:Startup/system_LPC11xx.c ****   /* System clock to the IOCON needs to be enabled or
 186:Startup/system_LPC11xx.c ****   most of the I/O related peripherals won't work. */
 187:Startup/system_LPC11xx.c ****   LPC_SYSCON->SYSAHBCLKCTRL |= (1<<16);
 163              		.loc 1 187 0
 164 009a 0449     		ldr	r1, .L13
 165 009c 8022     		movs	r2, #128
 166 009e 8858     		ldr	r0, [r1, r2]
 167 00a0 8023     		movs	r3, #128
 168 00a2 5B02     		lsls	r3, r3, #9
 169 00a4 0343     		orrs	r3, r0
 170 00a6 8B50     		str	r3, [r1, r2]
 188:Startup/system_LPC11xx.c ****   return;
 189:Startup/system_LPC11xx.c **** }
 171              		.loc 1 189 0
 172              		@ sp needed
 173 00a8 10BD     		pop	{r4, pc}
 174              	.L14:
 175 00aa C046     		.align	2
 176              	.L13:
 177 00ac 00800440 		.word	1074036736
 178              		.cfi_endproc
 179              	.LFE43:
 180              		.size	SystemInit, .-SystemInit
 181              		.global	SystemAHBFrequency
 182              		.global	SystemFrequency
 183              		.global	ClockSource
 184              		.data
 185              		.align	2
 186              		.set	.LANCHOR0,. + 0
 187              		.type	ClockSource, %object
 188              		.size	ClockSource, 4
 189              	ClockSource:
 190 0000 001BB700 		.word	12000000
 191              		.type	SystemFrequency, %object
 192              		.size	SystemFrequency, 4
 193              	SystemFrequency:
 194 0004 001BB700 		.word	12000000
 195              		.type	SystemAHBFrequency, %object
 196              		.size	SystemAHBFrequency, 4
 197              	SystemAHBFrequency:
 198 0008 001BB700 		.word	12000000
 199              		.text
 200              	.Letext0:
 201              		.file 2 "c:\\nanoframework_tools\\gnu_arm_toolchain\\8-2018-q4_major\\arm-none-eabi\\include\\mach
 202              		.file 3 "c:\\nanoframework_tools\\gnu_arm_toolchain\\8-2018-q4_major\\arm-none-eabi\\include\\sys\
 203              		.file 4 "./CMSIS/Include/LPC11xx.h"
 204              		.file 5 "./CMSIS/Include/system_LPC11xx.h"
 205              		.section	.debug_info,"",%progbits
 206              	.Ldebug_info0:
 207 0000 EE040000 		.4byte	0x4ee
 208 0004 0200     		.2byte	0x2
 209 0006 00000000 		.4byte	.Ldebug_abbrev0
 210 000a 04       		.byte	0x4
ARM GAS  C:\Users\Roland\AppData\Local\Temp\ccQrwlvS.s 			page 8


 211 000b 01       		.uleb128 0x1
 212 000c 75030000 		.4byte	.LASF71
 213 0010 0C       		.byte	0xc
 214 0011 82020000 		.4byte	.LASF72
 215 0015 6E000000 		.4byte	.LASF73
 216 0019 00000000 		.4byte	.Ltext0
 217 001d B0000000 		.4byte	.Letext0
 218 0021 00000000 		.4byte	.Ldebug_line0
 219 0025 02       		.uleb128 0x2
 220 0026 01       		.byte	0x1
 221 0027 06       		.byte	0x6
 222 0028 0A010000 		.4byte	.LASF0
 223 002c 02       		.uleb128 0x2
 224 002d 01       		.byte	0x1
 225 002e 08       		.byte	0x8
 226 002f 87010000 		.4byte	.LASF1
 227 0033 02       		.uleb128 0x2
 228 0034 02       		.byte	0x2
 229 0035 05       		.byte	0x5
 230 0036 1E000000 		.4byte	.LASF2
 231 003a 02       		.uleb128 0x2
 232 003b 02       		.byte	0x2
 233 003c 07       		.byte	0x7
 234 003d 30020000 		.4byte	.LASF3
 235 0041 02       		.uleb128 0x2
 236 0042 04       		.byte	0x4
 237 0043 05       		.byte	0x5
 238 0044 60010000 		.4byte	.LASF4
 239 0048 03       		.uleb128 0x3
 240 0049 63000000 		.4byte	.LASF9
 241 004d 02       		.byte	0x2
 242 004e 4F       		.byte	0x4f
 243 004f 53000000 		.4byte	0x53
 244 0053 02       		.uleb128 0x2
 245 0054 04       		.byte	0x4
 246 0055 07       		.byte	0x7
 247 0056 04020000 		.4byte	.LASF5
 248 005a 02       		.uleb128 0x2
 249 005b 08       		.byte	0x8
 250 005c 05       		.byte	0x5
 251 005d 55000000 		.4byte	.LASF6
 252 0061 02       		.uleb128 0x2
 253 0062 08       		.byte	0x8
 254 0063 07       		.byte	0x7
 255 0064 33010000 		.4byte	.LASF7
 256 0068 04       		.uleb128 0x4
 257 0069 04       		.byte	0x4
 258 006a 05       		.byte	0x5
 259 006b 696E7400 		.ascii	"int\000"
 260 006f 02       		.uleb128 0x2
 261 0070 04       		.byte	0x4
 262 0071 07       		.byte	0x7
 263 0072 EC010000 		.4byte	.LASF8
 264 0076 03       		.uleb128 0x3
 265 0077 E3010000 		.4byte	.LASF10
 266 007b 03       		.byte	0x3
 267 007c 30       		.byte	0x30
ARM GAS  C:\Users\Roland\AppData\Local\Temp\ccQrwlvS.s 			page 9


 268 007d 48000000 		.4byte	0x48
 269 0081 05       		.uleb128 0x5
 270 0082 76000000 		.4byte	0x76
 271 0086 06       		.uleb128 0x6
 272 0087 81000000 		.4byte	0x81
 273 008b 07       		.uleb128 0x7
 274 008c 9B020000 		.4byte	.LASF66
 275 0090 05       		.byte	0x5
 276 0091 23       		.byte	0x23
 277 0092 76000000 		.4byte	0x76
 278 0096 01       		.byte	0x1
 279 0097 01       		.byte	0x1
 280 0098 08       		.uleb128 0x8
 281 0099 F803     		.2byte	0x3f8
 282 009b 04       		.byte	0x4
 283 009c 7E       		.byte	0x7e
 284 009d BA030000 		.4byte	0x3ba
 285 00a1 09       		.uleb128 0x9
 286 00a2 33000000 		.4byte	.LASF11
 287 00a6 04       		.byte	0x4
 288 00a7 80       		.byte	0x80
 289 00a8 81000000 		.4byte	0x81
 290 00ac 02       		.byte	0x2
 291 00ad 23       		.byte	0x23
 292 00ae 00       		.uleb128 0
 293 00af 09       		.uleb128 0x9
 294 00b0 6A030000 		.4byte	.LASF12
 295 00b4 04       		.byte	0x4
 296 00b5 81       		.byte	0x81
 297 00b6 81000000 		.4byte	0x81
 298 00ba 02       		.byte	0x2
 299 00bb 23       		.byte	0x23
 300 00bc 04       		.uleb128 0x4
 301 00bd 09       		.uleb128 0x9
 302 00be A5000000 		.4byte	.LASF13
 303 00c2 04       		.byte	0x4
 304 00c3 82       		.byte	0x82
 305 00c4 81000000 		.4byte	0x81
 306 00c8 02       		.byte	0x2
 307 00c9 23       		.byte	0x23
 308 00ca 08       		.uleb128 0x8
 309 00cb 09       		.uleb128 0x9
 310 00cc 3A030000 		.4byte	.LASF14
 311 00d0 04       		.byte	0x4
 312 00d1 83       		.byte	0x83
 313 00d2 81000000 		.4byte	0x81
 314 00d6 02       		.byte	0x2
 315 00d7 23       		.byte	0x23
 316 00d8 0C       		.uleb128 0xc
 317 00d9 09       		.uleb128 0x9
 318 00da CE000000 		.4byte	.LASF15
 319 00de 04       		.byte	0x4
 320 00df 84       		.byte	0x84
 321 00e0 BA030000 		.4byte	0x3ba
 322 00e4 02       		.byte	0x2
 323 00e5 23       		.byte	0x23
 324 00e6 10       		.uleb128 0x10
ARM GAS  C:\Users\Roland\AppData\Local\Temp\ccQrwlvS.s 			page 10


 325 00e7 09       		.uleb128 0x9
 326 00e8 02040000 		.4byte	.LASF16
 327 00ec 04       		.byte	0x4
 328 00ed 86       		.byte	0x86
 329 00ee 81000000 		.4byte	0x81
 330 00f2 02       		.byte	0x2
 331 00f3 23       		.byte	0x23
 332 00f4 20       		.uleb128 0x20
 333 00f5 09       		.uleb128 0x9
 334 00f6 28000000 		.4byte	.LASF17
 335 00fa 04       		.byte	0x4
 336 00fb 87       		.byte	0x87
 337 00fc 81000000 		.4byte	0x81
 338 0100 02       		.byte	0x2
 339 0101 23       		.byte	0x23
 340 0102 24       		.uleb128 0x24
 341 0103 09       		.uleb128 0x9
 342 0104 69010000 		.4byte	.LASF18
 343 0108 04       		.byte	0x4
 344 0109 88       		.byte	0x88
 345 010a 81000000 		.4byte	0x81
 346 010e 02       		.byte	0x2
 347 010f 23       		.byte	0x23
 348 0110 28       		.uleb128 0x28
 349 0111 09       		.uleb128 0x9
 350 0112 CA020000 		.4byte	.LASF19
 351 0116 04       		.byte	0x4
 352 0117 89       		.byte	0x89
 353 0118 CA030000 		.4byte	0x3ca
 354 011c 02       		.byte	0x2
 355 011d 23       		.byte	0x23
 356 011e 2C       		.uleb128 0x2c
 357 011f 09       		.uleb128 0x9
 358 0120 5E020000 		.4byte	.LASF20
 359 0124 04       		.byte	0x4
 360 0125 8A       		.byte	0x8a
 361 0126 81000000 		.4byte	0x81
 362 012a 02       		.byte	0x2
 363 012b 23       		.byte	0x23
 364 012c 30       		.uleb128 0x30
 365 012d 09       		.uleb128 0x9
 366 012e E3000000 		.4byte	.LASF21
 367 0132 04       		.byte	0x4
 368 0133 8B       		.byte	0x8b
 369 0134 DA030000 		.4byte	0x3da
 370 0138 02       		.byte	0x2
 371 0139 23       		.byte	0x23
 372 013a 34       		.uleb128 0x34
 373 013b 09       		.uleb128 0x9
 374 013c 45030000 		.4byte	.LASF22
 375 0140 04       		.byte	0x4
 376 0141 8C       		.byte	0x8c
 377 0142 81000000 		.4byte	0x81
 378 0146 02       		.byte	0x2
 379 0147 23       		.byte	0x23
 380 0148 40       		.uleb128 0x40
 381 0149 09       		.uleb128 0x9
ARM GAS  C:\Users\Roland\AppData\Local\Temp\ccQrwlvS.s 			page 11


 382 014a 51020000 		.4byte	.LASF23
 383 014e 04       		.byte	0x4
 384 014f 8D       		.byte	0x8d
 385 0150 81000000 		.4byte	0x81
 386 0154 02       		.byte	0x2
 387 0155 23       		.byte	0x23
 388 0156 44       		.uleb128 0x44
 389 0157 09       		.uleb128 0x9
 390 0158 DF020000 		.4byte	.LASF24
 391 015c 04       		.byte	0x4
 392 015d 8E       		.byte	0x8e
 393 015e EA030000 		.4byte	0x3ea
 394 0162 02       		.byte	0x2
 395 0163 23       		.byte	0x23
 396 0164 48       		.uleb128 0x48
 397 0165 09       		.uleb128 0x9
 398 0166 69020000 		.4byte	.LASF25
 399 016a 04       		.byte	0x4
 400 016b 90       		.byte	0x90
 401 016c 81000000 		.4byte	0x81
 402 0170 02       		.byte	0x2
 403 0171 23       		.byte	0x23
 404 0172 70       		.uleb128 0x70
 405 0173 09       		.uleb128 0x9
 406 0174 71010000 		.4byte	.LASF26
 407 0178 04       		.byte	0x4
 408 0179 91       		.byte	0x91
 409 017a 81000000 		.4byte	0x81
 410 017e 02       		.byte	0x2
 411 017f 23       		.byte	0x23
 412 0180 74       		.uleb128 0x74
 413 0181 09       		.uleb128 0x9
 414 0182 52030000 		.4byte	.LASF27
 415 0186 04       		.byte	0x4
 416 0187 92       		.byte	0x92
 417 0188 81000000 		.4byte	0x81
 418 018c 02       		.byte	0x2
 419 018d 23       		.byte	0x23
 420 018e 78       		.uleb128 0x78
 421 018f 09       		.uleb128 0x9
 422 0190 E9020000 		.4byte	.LASF28
 423 0194 04       		.byte	0x4
 424 0195 93       		.byte	0x93
 425 0196 CA030000 		.4byte	0x3ca
 426 019a 02       		.byte	0x2
 427 019b 23       		.byte	0x23
 428 019c 7C       		.uleb128 0x7c
 429 019d 09       		.uleb128 0x9
 430 019e 74020000 		.4byte	.LASF29
 431 01a2 04       		.byte	0x4
 432 01a3 95       		.byte	0x95
 433 01a4 81000000 		.4byte	0x81
 434 01a8 03       		.byte	0x3
 435 01a9 23       		.byte	0x23
 436 01aa 8001     		.uleb128 0x80
 437 01ac 09       		.uleb128 0x9
 438 01ad F6000000 		.4byte	.LASF30
ARM GAS  C:\Users\Roland\AppData\Local\Temp\ccQrwlvS.s 			page 12


 439 01b1 04       		.byte	0x4
 440 01b2 96       		.byte	0x96
 441 01b3 BA030000 		.4byte	0x3ba
 442 01b7 03       		.byte	0x3
 443 01b8 23       		.byte	0x23
 444 01b9 8401     		.uleb128 0x84
 445 01bb 09       		.uleb128 0x9
 446 01bc C3000000 		.4byte	.LASF31
 447 01c0 04       		.byte	0x4
 448 01c1 97       		.byte	0x97
 449 01c2 81000000 		.4byte	0x81
 450 01c6 03       		.byte	0x3
 451 01c7 23       		.byte	0x23
 452 01c8 9401     		.uleb128 0x94
 453 01ca 09       		.uleb128 0x9
 454 01cb F9010000 		.4byte	.LASF32
 455 01cf 04       		.byte	0x4
 456 01d0 98       		.byte	0x98
 457 01d1 81000000 		.4byte	0x81
 458 01d5 03       		.byte	0x3
 459 01d6 23       		.byte	0x23
 460 01d7 9801     		.uleb128 0x98
 461 01d9 09       		.uleb128 0x9
 462 01da BF020000 		.4byte	.LASF33
 463 01de 04       		.byte	0x4
 464 01df 99       		.byte	0x99
 465 01e0 81000000 		.4byte	0x81
 466 01e4 03       		.byte	0x3
 467 01e5 23       		.byte	0x23
 468 01e6 9C01     		.uleb128 0x9c
 469 01e8 09       		.uleb128 0x9
 470 01e9 00030000 		.4byte	.LASF34
 471 01ed 04       		.byte	0x4
 472 01ee 9A       		.byte	0x9a
 473 01ef FA030000 		.4byte	0x3fa
 474 01f3 03       		.byte	0x3
 475 01f4 23       		.byte	0x23
 476 01f5 A001     		.uleb128 0xa0
 477 01f7 09       		.uleb128 0x9
 478 01f8 18040000 		.4byte	.LASF35
 479 01fc 04       		.byte	0x4
 480 01fd 9C       		.byte	0x9c
 481 01fe 81000000 		.4byte	0x81
 482 0202 03       		.byte	0x3
 483 0203 23       		.byte	0x23
 484 0204 D001     		.uleb128 0xd0
 485 0206 09       		.uleb128 0x9
 486 0207 B5020000 		.4byte	.LASF36
 487 020b 04       		.byte	0x4
 488 020c 9D       		.byte	0x9d
 489 020d 81000000 		.4byte	0x81
 490 0211 03       		.byte	0x3
 491 0212 23       		.byte	0x23
 492 0213 D401     		.uleb128 0xd4
 493 0215 09       		.uleb128 0x9
 494 0216 25030000 		.4byte	.LASF37
 495 021a 04       		.byte	0x4
ARM GAS  C:\Users\Roland\AppData\Local\Temp\ccQrwlvS.s 			page 13


 496 021b 9E       		.byte	0x9e
 497 021c 81000000 		.4byte	0x81
 498 0220 03       		.byte	0x3
 499 0221 23       		.byte	0x23
 500 0222 D801     		.uleb128 0xd8
 501 0224 09       		.uleb128 0x9
 502 0225 11030000 		.4byte	.LASF38
 503 0229 04       		.byte	0x4
 504 022a 9F       		.byte	0x9f
 505 022b CA030000 		.4byte	0x3ca
 506 022f 03       		.byte	0x3
 507 0230 23       		.byte	0x23
 508 0231 DC01     		.uleb128 0xdc
 509 0233 09       		.uleb128 0x9
 510 0234 F3020000 		.4byte	.LASF39
 511 0238 04       		.byte	0x4
 512 0239 A0       		.byte	0xa0
 513 023a 81000000 		.4byte	0x81
 514 023e 03       		.byte	0x3
 515 023f 23       		.byte	0x23
 516 0240 E001     		.uleb128 0xe0
 517 0242 09       		.uleb128 0x9
 518 0243 00010000 		.4byte	.LASF40
 519 0247 04       		.byte	0x4
 520 0248 A1       		.byte	0xa1
 521 0249 81000000 		.4byte	0x81
 522 024d 03       		.byte	0x3
 523 024e 23       		.byte	0x23
 524 024f E401     		.uleb128 0xe4
 525 0251 09       		.uleb128 0x9
 526 0252 29010000 		.4byte	.LASF41
 527 0256 04       		.byte	0x4
 528 0257 A2       		.byte	0xa2
 529 0258 81000000 		.4byte	0x81
 530 025c 03       		.byte	0x3
 531 025d 23       		.byte	0x23
 532 025e E801     		.uleb128 0xe8
 533 0260 09       		.uleb128 0x9
 534 0261 1B030000 		.4byte	.LASF42
 535 0265 04       		.byte	0x4
 536 0266 A3       		.byte	0xa3
 537 0267 0A040000 		.4byte	0x40a
 538 026b 03       		.byte	0x3
 539 026c 23       		.byte	0x23
 540 026d EC01     		.uleb128 0xec
 541 026f 09       		.uleb128 0x9
 542 0270 3F000000 		.4byte	.LASF43
 543 0274 04       		.byte	0x4
 544 0275 A5       		.byte	0xa5
 545 0276 81000000 		.4byte	0x81
 546 027a 03       		.byte	0x3
 547 027b 23       		.byte	0x23
 548 027c 8002     		.uleb128 0x100
 549 027e 09       		.uleb128 0x9
 550 027f 4A000000 		.4byte	.LASF44
 551 0283 04       		.byte	0x4
 552 0284 A6       		.byte	0xa6
ARM GAS  C:\Users\Roland\AppData\Local\Temp\ccQrwlvS.s 			page 14


 553 0285 81000000 		.4byte	0x81
 554 0289 03       		.byte	0x3
 555 028a 23       		.byte	0x23
 556 028b 8402     		.uleb128 0x104
 557 028d 09       		.uleb128 0x9
 558 028e 95010000 		.4byte	.LASF45
 559 0292 04       		.byte	0x4
 560 0293 A7       		.byte	0xa7
 561 0294 1A040000 		.4byte	0x41a
 562 0298 03       		.byte	0x3
 563 0299 23       		.byte	0x23
 564 029a 8802     		.uleb128 0x108
 565 029c 09       		.uleb128 0x9
 566 029d 58010000 		.4byte	.LASF46
 567 02a1 04       		.byte	0x4
 568 02a2 A8       		.byte	0xa8
 569 02a3 81000000 		.4byte	0x81
 570 02a7 03       		.byte	0x3
 571 02a8 23       		.byte	0x23
 572 02a9 D002     		.uleb128 0x150
 573 02ab 09       		.uleb128 0x9
 574 02ac 22040000 		.4byte	.LASF47
 575 02b0 04       		.byte	0x4
 576 02b1 A9       		.byte	0xa9
 577 02b2 81000000 		.4byte	0x81
 578 02b6 03       		.byte	0x3
 579 02b7 23       		.byte	0x23
 580 02b8 D402     		.uleb128 0x154
 581 02ba 09       		.uleb128 0x9
 582 02bb AF010000 		.4byte	.LASF48
 583 02bf 04       		.byte	0x4
 584 02c0 AB       		.byte	0xab
 585 02c1 2A040000 		.4byte	0x42a
 586 02c5 03       		.byte	0x3
 587 02c6 23       		.byte	0x23
 588 02c7 D802     		.uleb128 0x158
 589 02c9 09       		.uleb128 0x9
 590 02ca 0A030000 		.4byte	.LASF49
 591 02ce 04       		.byte	0x4
 592 02cf AC       		.byte	0xac
 593 02d0 81000000 		.4byte	0x81
 594 02d4 03       		.byte	0x3
 595 02d5 23       		.byte	0x23
 596 02d6 F402     		.uleb128 0x174
 597 02d8 09       		.uleb128 0x9
 598 02d9 BA010000 		.4byte	.LASF50
 599 02dd 04       		.byte	0x4
 600 02de AD       		.byte	0xad
 601 02df 3A040000 		.4byte	0x43a
 602 02e3 03       		.byte	0x3
 603 02e4 23       		.byte	0x23
 604 02e5 F802     		.uleb128 0x178
 605 02e7 09       		.uleb128 0x9
 606 02e8 5F030000 		.4byte	.LASF51
 607 02ec 04       		.byte	0x4
 608 02ed AF       		.byte	0xaf
 609 02ee 81000000 		.4byte	0x81
ARM GAS  C:\Users\Roland\AppData\Local\Temp\ccQrwlvS.s 			page 15


 610 02f2 03       		.byte	0x3
 611 02f3 23       		.byte	0x23
 612 02f4 8004     		.uleb128 0x200
 613 02f6 09       		.uleb128 0x9
 614 02f7 0A000000 		.4byte	.LASF52
 615 02fb 04       		.byte	0x4
 616 02fc B0       		.byte	0xb0
 617 02fd 81000000 		.4byte	0x81
 618 0301 03       		.byte	0x3
 619 0302 23       		.byte	0x23
 620 0303 8404     		.uleb128 0x204
 621 0305 09       		.uleb128 0x9
 622 0306 4A010000 		.4byte	.LASF53
 623 030a 04       		.byte	0x4
 624 030b B1       		.byte	0xb1
 625 030c 81000000 		.4byte	0x81
 626 0310 03       		.byte	0x3
 627 0311 23       		.byte	0x23
 628 0312 8804     		.uleb128 0x208
 629 0314 09       		.uleb128 0x9
 630 0315 00000000 		.4byte	.LASF54
 631 0319 04       		.byte	0x4
 632 031a B2       		.byte	0xb2
 633 031b 81000000 		.4byte	0x81
 634 031f 03       		.byte	0x3
 635 0320 23       		.byte	0x23
 636 0321 8C04     		.uleb128 0x20c
 637 0323 09       		.uleb128 0x9
 638 0324 0D040000 		.4byte	.LASF55
 639 0328 04       		.byte	0x4
 640 0329 B3       		.byte	0xb3
 641 032a 81000000 		.4byte	0x81
 642 032e 03       		.byte	0x3
 643 032f 23       		.byte	0x23
 644 0330 9004     		.uleb128 0x210
 645 0332 09       		.uleb128 0x9
 646 0333 14000000 		.4byte	.LASF56
 647 0337 04       		.byte	0x4
 648 0338 B4       		.byte	0xb4
 649 0339 81000000 		.4byte	0x81
 650 033d 03       		.byte	0x3
 651 033e 23       		.byte	0x23
 652 033f 9404     		.uleb128 0x214
 653 0341 09       		.uleb128 0x9
 654 0342 43020000 		.4byte	.LASF57
 655 0346 04       		.byte	0x4
 656 0347 B5       		.byte	0xb5
 657 0348 81000000 		.4byte	0x81
 658 034c 03       		.byte	0x3
 659 034d 23       		.byte	0x23
 660 034e 9804     		.uleb128 0x218
 661 0350 09       		.uleb128 0x9
 662 0351 AB020000 		.4byte	.LASF58
 663 0355 04       		.byte	0x4
 664 0356 B6       		.byte	0xb6
 665 0357 81000000 		.4byte	0x81
 666 035b 03       		.byte	0x3
ARM GAS  C:\Users\Roland\AppData\Local\Temp\ccQrwlvS.s 			page 16


 667 035c 23       		.byte	0x23
 668 035d 9C04     		.uleb128 0x21c
 669 035f 09       		.uleb128 0x9
 670 0360 7C010000 		.4byte	.LASF59
 671 0364 04       		.byte	0x4
 672 0365 B7       		.byte	0xb7
 673 0366 BA030000 		.4byte	0x3ba
 674 036a 03       		.byte	0x3
 675 036b 23       		.byte	0x23
 676 036c A004     		.uleb128 0x220
 677 036e 09       		.uleb128 0x9
 678 036f D4020000 		.4byte	.LASF60
 679 0373 04       		.byte	0x4
 680 0374 B9       		.byte	0xb9
 681 0375 81000000 		.4byte	0x81
 682 0379 03       		.byte	0x3
 683 037a 23       		.byte	0x23
 684 037b B004     		.uleb128 0x230
 685 037d 09       		.uleb128 0x9
 686 037e 2F030000 		.4byte	.LASF61
 687 0382 04       		.byte	0x4
 688 0383 BA       		.byte	0xba
 689 0384 81000000 		.4byte	0x81
 690 0388 03       		.byte	0x3
 691 0389 23       		.byte	0x23
 692 038a B404     		.uleb128 0x234
 693 038c 09       		.uleb128 0x9
 694 038d ED000000 		.4byte	.LASF62
 695 0391 04       		.byte	0x4
 696 0392 BB       		.byte	0xbb
 697 0393 81000000 		.4byte	0x81
 698 0397 03       		.byte	0x3
 699 0398 23       		.byte	0x23
 700 0399 B804     		.uleb128 0x238
 701 039b 09       		.uleb128 0x9
 702 039c C5010000 		.4byte	.LASF63
 703 03a0 04       		.byte	0x4
 704 03a1 BC       		.byte	0xbc
 705 03a2 4A040000 		.4byte	0x44a
 706 03a6 03       		.byte	0x3
 707 03a7 23       		.byte	0x23
 708 03a8 BC04     		.uleb128 0x23c
 709 03aa 09       		.uleb128 0x9
 710 03ab 16020000 		.4byte	.LASF64
 711 03af 04       		.byte	0x4
 712 03b0 BD       		.byte	0xbd
 713 03b1 86000000 		.4byte	0x86
 714 03b5 03       		.byte	0x3
 715 03b6 23       		.byte	0x23
 716 03b7 F407     		.uleb128 0x3f4
 717 03b9 00       		.byte	0
 718 03ba 0A       		.uleb128 0xa
 719 03bb 76000000 		.4byte	0x76
 720 03bf CA030000 		.4byte	0x3ca
 721 03c3 0B       		.uleb128 0xb
 722 03c4 6F000000 		.4byte	0x6f
 723 03c8 03       		.byte	0x3
ARM GAS  C:\Users\Roland\AppData\Local\Temp\ccQrwlvS.s 			page 17


 724 03c9 00       		.byte	0
 725 03ca 0A       		.uleb128 0xa
 726 03cb 76000000 		.4byte	0x76
 727 03cf DA030000 		.4byte	0x3da
 728 03d3 0B       		.uleb128 0xb
 729 03d4 6F000000 		.4byte	0x6f
 730 03d8 00       		.byte	0
 731 03d9 00       		.byte	0
 732 03da 0A       		.uleb128 0xa
 733 03db 76000000 		.4byte	0x76
 734 03df EA030000 		.4byte	0x3ea
 735 03e3 0B       		.uleb128 0xb
 736 03e4 6F000000 		.4byte	0x6f
 737 03e8 02       		.byte	0x2
 738 03e9 00       		.byte	0
 739 03ea 0A       		.uleb128 0xa
 740 03eb 76000000 		.4byte	0x76
 741 03ef FA030000 		.4byte	0x3fa
 742 03f3 0B       		.uleb128 0xb
 743 03f4 6F000000 		.4byte	0x6f
 744 03f8 09       		.byte	0x9
 745 03f9 00       		.byte	0
 746 03fa 0A       		.uleb128 0xa
 747 03fb 76000000 		.4byte	0x76
 748 03ff 0A040000 		.4byte	0x40a
 749 0403 0B       		.uleb128 0xb
 750 0404 6F000000 		.4byte	0x6f
 751 0408 0B       		.byte	0xb
 752 0409 00       		.byte	0
 753 040a 0A       		.uleb128 0xa
 754 040b 76000000 		.4byte	0x76
 755 040f 1A040000 		.4byte	0x41a
 756 0413 0B       		.uleb128 0xb
 757 0414 6F000000 		.4byte	0x6f
 758 0418 04       		.byte	0x4
 759 0419 00       		.byte	0
 760 041a 0A       		.uleb128 0xa
 761 041b 76000000 		.4byte	0x76
 762 041f 2A040000 		.4byte	0x42a
 763 0423 0B       		.uleb128 0xb
 764 0424 6F000000 		.4byte	0x6f
 765 0428 11       		.byte	0x11
 766 0429 00       		.byte	0
 767 042a 0A       		.uleb128 0xa
 768 042b 76000000 		.4byte	0x76
 769 042f 3A040000 		.4byte	0x43a
 770 0433 0B       		.uleb128 0xb
 771 0434 6F000000 		.4byte	0x6f
 772 0438 06       		.byte	0x6
 773 0439 00       		.byte	0
 774 043a 0A       		.uleb128 0xa
 775 043b 76000000 		.4byte	0x76
 776 043f 4A040000 		.4byte	0x44a
 777 0443 0B       		.uleb128 0xb
 778 0444 6F000000 		.4byte	0x6f
 779 0448 21       		.byte	0x21
 780 0449 00       		.byte	0
ARM GAS  C:\Users\Roland\AppData\Local\Temp\ccQrwlvS.s 			page 18


 781 044a 0A       		.uleb128 0xa
 782 044b 76000000 		.4byte	0x76
 783 044f 5A040000 		.4byte	0x45a
 784 0453 0B       		.uleb128 0xb
 785 0454 6F000000 		.4byte	0x6f
 786 0458 6D       		.byte	0x6d
 787 0459 00       		.byte	0
 788 045a 03       		.uleb128 0x3
 789 045b 16010000 		.4byte	.LASF65
 790 045f 04       		.byte	0x4
 791 0460 BE       		.byte	0xbe
 792 0461 98000000 		.4byte	0x98
 793 0465 0C       		.uleb128 0xc
 794 0466 D7010000 		.4byte	.LASF67
 795 046a 01       		.byte	0x1
 796 046b 62       		.byte	0x62
 797 046c 76000000 		.4byte	0x76
 798 0470 01       		.byte	0x1
 799 0471 05       		.byte	0x5
 800 0472 03       		.byte	0x3
 801 0473 00000000 		.4byte	ClockSource
 802 0477 0C       		.uleb128 0xc
 803 0478 20020000 		.4byte	.LASF68
 804 047c 01       		.byte	0x1
 805 047d 63       		.byte	0x63
 806 047e 76000000 		.4byte	0x76
 807 0482 01       		.byte	0x1
 808 0483 05       		.byte	0x5
 809 0484 03       		.byte	0x3
 810 0485 00000000 		.4byte	SystemFrequency
 811 0489 0C       		.uleb128 0xc
 812 048a B0000000 		.4byte	.LASF69
 813 048e 01       		.byte	0x1
 814 048f 64       		.byte	0x64
 815 0490 76000000 		.4byte	0x76
 816 0494 01       		.byte	0x1
 817 0495 05       		.byte	0x5
 818 0496 03       		.byte	0x3
 819 0497 00000000 		.4byte	SystemAHBFrequency
 820 049b 0D       		.uleb128 0xd
 821 049c 01       		.byte	0x1
 822 049d D8000000 		.4byte	.LASF74
 823 04a1 01       		.byte	0x1
 824 04a2 9C       		.byte	0x9c
 825 04a3 01       		.byte	0x1
 826 04a4 78000000 		.4byte	.LFB43
 827 04a8 B0000000 		.4byte	.LFE43
 828 04ac 00000000 		.4byte	.LLST1
 829 04b0 01       		.byte	0x1
 830 04b1 CC040000 		.4byte	0x4cc
 831 04b5 0E       		.uleb128 0xe
 832 04b6 6900     		.ascii	"i\000"
 833 04b8 01       		.byte	0x1
 834 04b9 9E       		.byte	0x9e
 835 04ba 76000000 		.4byte	0x76
 836 04be 20000000 		.4byte	.LLST2
 837 04c2 0F       		.uleb128 0xf
ARM GAS  C:\Users\Roland\AppData\Local\Temp\ccQrwlvS.s 			page 19


 838 04c3 9A000000 		.4byte	.LVL5
 839 04c7 CC040000 		.4byte	0x4cc
 840 04cb 00       		.byte	0
 841 04cc 10       		.uleb128 0x10
 842 04cd 01       		.byte	0x1
 843 04ce A0010000 		.4byte	.LASF75
 844 04d2 01       		.byte	0x1
 845 04d3 6F       		.byte	0x6f
 846 04d4 01       		.byte	0x1
 847 04d5 00000000 		.4byte	.LFB42
 848 04d9 78000000 		.4byte	.LFE42
 849 04dd 02       		.byte	0x2
 850 04de 7D       		.byte	0x7d
 851 04df 00       		.sleb128 0
 852 04e0 01       		.byte	0x1
 853 04e1 11       		.uleb128 0x11
 854 04e2 D0010000 		.4byte	.LASF70
 855 04e6 01       		.byte	0x1
 856 04e7 71       		.byte	0x71
 857 04e8 76000000 		.4byte	0x76
 858 04ec 56000000 		.4byte	.LLST0
 859 04f0 00       		.byte	0
 860 04f1 00       		.byte	0
 861              		.section	.debug_abbrev,"",%progbits
 862              	.Ldebug_abbrev0:
 863 0000 01       		.uleb128 0x1
 864 0001 11       		.uleb128 0x11
 865 0002 01       		.byte	0x1
 866 0003 25       		.uleb128 0x25
 867 0004 0E       		.uleb128 0xe
 868 0005 13       		.uleb128 0x13
 869 0006 0B       		.uleb128 0xb
 870 0007 03       		.uleb128 0x3
 871 0008 0E       		.uleb128 0xe
 872 0009 1B       		.uleb128 0x1b
 873 000a 0E       		.uleb128 0xe
 874 000b 11       		.uleb128 0x11
 875 000c 01       		.uleb128 0x1
 876 000d 12       		.uleb128 0x12
 877 000e 01       		.uleb128 0x1
 878 000f 10       		.uleb128 0x10
 879 0010 06       		.uleb128 0x6
 880 0011 00       		.byte	0
 881 0012 00       		.byte	0
 882 0013 02       		.uleb128 0x2
 883 0014 24       		.uleb128 0x24
 884 0015 00       		.byte	0
 885 0016 0B       		.uleb128 0xb
 886 0017 0B       		.uleb128 0xb
 887 0018 3E       		.uleb128 0x3e
 888 0019 0B       		.uleb128 0xb
 889 001a 03       		.uleb128 0x3
 890 001b 0E       		.uleb128 0xe
 891 001c 00       		.byte	0
 892 001d 00       		.byte	0
 893 001e 03       		.uleb128 0x3
 894 001f 16       		.uleb128 0x16
ARM GAS  C:\Users\Roland\AppData\Local\Temp\ccQrwlvS.s 			page 20


 895 0020 00       		.byte	0
 896 0021 03       		.uleb128 0x3
 897 0022 0E       		.uleb128 0xe
 898 0023 3A       		.uleb128 0x3a
 899 0024 0B       		.uleb128 0xb
 900 0025 3B       		.uleb128 0x3b
 901 0026 0B       		.uleb128 0xb
 902 0027 49       		.uleb128 0x49
 903 0028 13       		.uleb128 0x13
 904 0029 00       		.byte	0
 905 002a 00       		.byte	0
 906 002b 04       		.uleb128 0x4
 907 002c 24       		.uleb128 0x24
 908 002d 00       		.byte	0
 909 002e 0B       		.uleb128 0xb
 910 002f 0B       		.uleb128 0xb
 911 0030 3E       		.uleb128 0x3e
 912 0031 0B       		.uleb128 0xb
 913 0032 03       		.uleb128 0x3
 914 0033 08       		.uleb128 0x8
 915 0034 00       		.byte	0
 916 0035 00       		.byte	0
 917 0036 05       		.uleb128 0x5
 918 0037 35       		.uleb128 0x35
 919 0038 00       		.byte	0
 920 0039 49       		.uleb128 0x49
 921 003a 13       		.uleb128 0x13
 922 003b 00       		.byte	0
 923 003c 00       		.byte	0
 924 003d 06       		.uleb128 0x6
 925 003e 26       		.uleb128 0x26
 926 003f 00       		.byte	0
 927 0040 49       		.uleb128 0x49
 928 0041 13       		.uleb128 0x13
 929 0042 00       		.byte	0
 930 0043 00       		.byte	0
 931 0044 07       		.uleb128 0x7
 932 0045 34       		.uleb128 0x34
 933 0046 00       		.byte	0
 934 0047 03       		.uleb128 0x3
 935 0048 0E       		.uleb128 0xe
 936 0049 3A       		.uleb128 0x3a
 937 004a 0B       		.uleb128 0xb
 938 004b 3B       		.uleb128 0x3b
 939 004c 0B       		.uleb128 0xb
 940 004d 49       		.uleb128 0x49
 941 004e 13       		.uleb128 0x13
 942 004f 3F       		.uleb128 0x3f
 943 0050 0C       		.uleb128 0xc
 944 0051 3C       		.uleb128 0x3c
 945 0052 0C       		.uleb128 0xc
 946 0053 00       		.byte	0
 947 0054 00       		.byte	0
 948 0055 08       		.uleb128 0x8
 949 0056 13       		.uleb128 0x13
 950 0057 01       		.byte	0x1
 951 0058 0B       		.uleb128 0xb
ARM GAS  C:\Users\Roland\AppData\Local\Temp\ccQrwlvS.s 			page 21


 952 0059 05       		.uleb128 0x5
 953 005a 3A       		.uleb128 0x3a
 954 005b 0B       		.uleb128 0xb
 955 005c 3B       		.uleb128 0x3b
 956 005d 0B       		.uleb128 0xb
 957 005e 01       		.uleb128 0x1
 958 005f 13       		.uleb128 0x13
 959 0060 00       		.byte	0
 960 0061 00       		.byte	0
 961 0062 09       		.uleb128 0x9
 962 0063 0D       		.uleb128 0xd
 963 0064 00       		.byte	0
 964 0065 03       		.uleb128 0x3
 965 0066 0E       		.uleb128 0xe
 966 0067 3A       		.uleb128 0x3a
 967 0068 0B       		.uleb128 0xb
 968 0069 3B       		.uleb128 0x3b
 969 006a 0B       		.uleb128 0xb
 970 006b 49       		.uleb128 0x49
 971 006c 13       		.uleb128 0x13
 972 006d 38       		.uleb128 0x38
 973 006e 0A       		.uleb128 0xa
 974 006f 00       		.byte	0
 975 0070 00       		.byte	0
 976 0071 0A       		.uleb128 0xa
 977 0072 01       		.uleb128 0x1
 978 0073 01       		.byte	0x1
 979 0074 49       		.uleb128 0x49
 980 0075 13       		.uleb128 0x13
 981 0076 01       		.uleb128 0x1
 982 0077 13       		.uleb128 0x13
 983 0078 00       		.byte	0
 984 0079 00       		.byte	0
 985 007a 0B       		.uleb128 0xb
 986 007b 21       		.uleb128 0x21
 987 007c 00       		.byte	0
 988 007d 49       		.uleb128 0x49
 989 007e 13       		.uleb128 0x13
 990 007f 2F       		.uleb128 0x2f
 991 0080 0B       		.uleb128 0xb
 992 0081 00       		.byte	0
 993 0082 00       		.byte	0
 994 0083 0C       		.uleb128 0xc
 995 0084 34       		.uleb128 0x34
 996 0085 00       		.byte	0
 997 0086 03       		.uleb128 0x3
 998 0087 0E       		.uleb128 0xe
 999 0088 3A       		.uleb128 0x3a
 1000 0089 0B       		.uleb128 0xb
 1001 008a 3B       		.uleb128 0x3b
 1002 008b 0B       		.uleb128 0xb
 1003 008c 49       		.uleb128 0x49
 1004 008d 13       		.uleb128 0x13
 1005 008e 3F       		.uleb128 0x3f
 1006 008f 0C       		.uleb128 0xc
 1007 0090 02       		.uleb128 0x2
 1008 0091 0A       		.uleb128 0xa
ARM GAS  C:\Users\Roland\AppData\Local\Temp\ccQrwlvS.s 			page 22


 1009 0092 00       		.byte	0
 1010 0093 00       		.byte	0
 1011 0094 0D       		.uleb128 0xd
 1012 0095 2E       		.uleb128 0x2e
 1013 0096 01       		.byte	0x1
 1014 0097 3F       		.uleb128 0x3f
 1015 0098 0C       		.uleb128 0xc
 1016 0099 03       		.uleb128 0x3
 1017 009a 0E       		.uleb128 0xe
 1018 009b 3A       		.uleb128 0x3a
 1019 009c 0B       		.uleb128 0xb
 1020 009d 3B       		.uleb128 0x3b
 1021 009e 0B       		.uleb128 0xb
 1022 009f 27       		.uleb128 0x27
 1023 00a0 0C       		.uleb128 0xc
 1024 00a1 11       		.uleb128 0x11
 1025 00a2 01       		.uleb128 0x1
 1026 00a3 12       		.uleb128 0x12
 1027 00a4 01       		.uleb128 0x1
 1028 00a5 40       		.uleb128 0x40
 1029 00a6 06       		.uleb128 0x6
 1030 00a7 9742     		.uleb128 0x2117
 1031 00a9 0C       		.uleb128 0xc
 1032 00aa 01       		.uleb128 0x1
 1033 00ab 13       		.uleb128 0x13
 1034 00ac 00       		.byte	0
 1035 00ad 00       		.byte	0
 1036 00ae 0E       		.uleb128 0xe
 1037 00af 34       		.uleb128 0x34
 1038 00b0 00       		.byte	0
 1039 00b1 03       		.uleb128 0x3
 1040 00b2 08       		.uleb128 0x8
 1041 00b3 3A       		.uleb128 0x3a
 1042 00b4 0B       		.uleb128 0xb
 1043 00b5 3B       		.uleb128 0x3b
 1044 00b6 0B       		.uleb128 0xb
 1045 00b7 49       		.uleb128 0x49
 1046 00b8 13       		.uleb128 0x13
 1047 00b9 02       		.uleb128 0x2
 1048 00ba 06       		.uleb128 0x6
 1049 00bb 00       		.byte	0
 1050 00bc 00       		.byte	0
 1051 00bd 0F       		.uleb128 0xf
 1052 00be 898201   		.uleb128 0x4109
 1053 00c1 00       		.byte	0
 1054 00c2 11       		.uleb128 0x11
 1055 00c3 01       		.uleb128 0x1
 1056 00c4 31       		.uleb128 0x31
 1057 00c5 13       		.uleb128 0x13
 1058 00c6 00       		.byte	0
 1059 00c7 00       		.byte	0
 1060 00c8 10       		.uleb128 0x10
 1061 00c9 2E       		.uleb128 0x2e
 1062 00ca 01       		.byte	0x1
 1063 00cb 3F       		.uleb128 0x3f
 1064 00cc 0C       		.uleb128 0xc
 1065 00cd 03       		.uleb128 0x3
ARM GAS  C:\Users\Roland\AppData\Local\Temp\ccQrwlvS.s 			page 23


 1066 00ce 0E       		.uleb128 0xe
 1067 00cf 3A       		.uleb128 0x3a
 1068 00d0 0B       		.uleb128 0xb
 1069 00d1 3B       		.uleb128 0x3b
 1070 00d2 0B       		.uleb128 0xb
 1071 00d3 27       		.uleb128 0x27
 1072 00d4 0C       		.uleb128 0xc
 1073 00d5 11       		.uleb128 0x11
 1074 00d6 01       		.uleb128 0x1
 1075 00d7 12       		.uleb128 0x12
 1076 00d8 01       		.uleb128 0x1
 1077 00d9 40       		.uleb128 0x40
 1078 00da 0A       		.uleb128 0xa
 1079 00db 9742     		.uleb128 0x2117
 1080 00dd 0C       		.uleb128 0xc
 1081 00de 00       		.byte	0
 1082 00df 00       		.byte	0
 1083 00e0 11       		.uleb128 0x11
 1084 00e1 34       		.uleb128 0x34
 1085 00e2 00       		.byte	0
 1086 00e3 03       		.uleb128 0x3
 1087 00e4 0E       		.uleb128 0xe
 1088 00e5 3A       		.uleb128 0x3a
 1089 00e6 0B       		.uleb128 0xb
 1090 00e7 3B       		.uleb128 0x3b
 1091 00e8 0B       		.uleb128 0xb
 1092 00e9 49       		.uleb128 0x49
 1093 00ea 13       		.uleb128 0x13
 1094 00eb 02       		.uleb128 0x2
 1095 00ec 06       		.uleb128 0x6
 1096 00ed 00       		.byte	0
 1097 00ee 00       		.byte	0
 1098 00ef 00       		.byte	0
 1099              		.section	.debug_loc,"",%progbits
 1100              	.Ldebug_loc0:
 1101              	.LLST1:
 1102 0000 78000000 		.4byte	.LFB43-.Ltext0
 1103 0004 7A000000 		.4byte	.LCFI0-.Ltext0
 1104 0008 0200     		.2byte	0x2
 1105 000a 7D       		.byte	0x7d
 1106 000b 00       		.sleb128 0
 1107 000c 7A000000 		.4byte	.LCFI0-.Ltext0
 1108 0010 B0000000 		.4byte	.LFE43-.Ltext0
 1109 0014 0200     		.2byte	0x2
 1110 0016 7D       		.byte	0x7d
 1111 0017 08       		.sleb128 8
 1112 0018 00000000 		.4byte	0
 1113 001c 00000000 		.4byte	0
 1114              	.LLST2:
 1115 0020 8C000000 		.4byte	.LVL2-.Ltext0
 1116 0024 90000000 		.4byte	.LVL3-.Ltext0
 1117 0028 0200     		.2byte	0x2
 1118 002a 30       		.byte	0x30
 1119 002b 9F       		.byte	0x9f
 1120 002c 90000000 		.4byte	.LVL3-.Ltext0
 1121 0030 92000000 		.4byte	.LVL4-.Ltext0
 1122 0034 0700     		.2byte	0x7
ARM GAS  C:\Users\Roland\AppData\Local\Temp\ccQrwlvS.s 			page 24


 1123 0036 0A       		.byte	0xa
 1124 0037 0101     		.2byte	0x101
 1125 0039 73       		.byte	0x73
 1126 003a 00       		.sleb128 0
 1127 003b 1C       		.byte	0x1c
 1128 003c 9F       		.byte	0x9f
 1129 003d 92000000 		.4byte	.LVL4-.Ltext0
 1130 0041 99000000 		.4byte	.LVL5-1-.Ltext0
 1131 0045 0700     		.2byte	0x7
 1132 0047 0A       		.byte	0xa
 1133 0048 0001     		.2byte	0x100
 1134 004a 73       		.byte	0x73
 1135 004b 00       		.sleb128 0
 1136 004c 1C       		.byte	0x1c
 1137 004d 9F       		.byte	0x9f
 1138 004e 00000000 		.4byte	0
 1139 0052 00000000 		.4byte	0
 1140              	.LLST0:
 1141 0056 20000000 		.4byte	.LVL0-.Ltext0
 1142 005a 22000000 		.4byte	.LVL1-.Ltext0
 1143 005e 0700     		.2byte	0x7
 1144 0060 73       		.byte	0x73
 1145 0061 00       		.sleb128 0
 1146 0062 0B       		.byte	0xb
 1147 0063 00FE     		.2byte	0xfe00
 1148 0065 1A       		.byte	0x1a
 1149 0066 9F       		.byte	0x9f
 1150 0067 00000000 		.4byte	0
 1151 006b 00000000 		.4byte	0
 1152              		.section	.debug_aranges,"",%progbits
 1153 0000 1C000000 		.4byte	0x1c
 1154 0004 0200     		.2byte	0x2
 1155 0006 00000000 		.4byte	.Ldebug_info0
 1156 000a 04       		.byte	0x4
 1157 000b 00       		.byte	0
 1158 000c 0000     		.2byte	0
 1159 000e 0000     		.2byte	0
 1160 0010 00000000 		.4byte	.Ltext0
 1161 0014 B0000000 		.4byte	.Letext0-.Ltext0
 1162 0018 00000000 		.4byte	0
 1163 001c 00000000 		.4byte	0
 1164              		.section	.debug_line,"",%progbits
 1165              	.Ldebug_line0:
 1166 0000 79010000 		.section	.debug_str,"MS",%progbits,1
 1166      02002B01 
 1166      00000201 
 1166      FB0E0D00 
 1166      01010101 
 1167              	.LASF54:
 1168 0000 53544152 		.ascii	"STARTSRP0\000"
 1168      54535250 
 1168      3000
 1169              	.LASF52:
 1170 000a 53544152 		.ascii	"STARTERP0\000"
 1170      54455250 
 1170      3000
 1171              	.LASF56:
ARM GAS  C:\Users\Roland\AppData\Local\Temp\ccQrwlvS.s 			page 25


 1172 0014 53544152 		.ascii	"STARTERP1\000"
 1172      54455250 
 1172      3100
 1173              	.LASF2:
 1174 001e 73686F72 		.ascii	"short int\000"
 1174      7420696E 
 1174      7400
 1175              	.LASF17:
 1176 0028 5744544F 		.ascii	"WDTOSCCTRL\000"
 1176      53434354 
 1176      524C00
 1177              	.LASF11:
 1178 0033 5359534D 		.ascii	"SYSMEMREMAP\000"
 1178      454D5245 
 1178      4D415000 
 1179              	.LASF43:
 1180 003f 50494F50 		.ascii	"PIOPORCAP0\000"
 1180      4F524341 
 1180      503000
 1181              	.LASF44:
 1182 004a 50494F50 		.ascii	"PIOPORCAP1\000"
 1182      4F524341 
 1182      503100
 1183              	.LASF6:
 1184 0055 6C6F6E67 		.ascii	"long long int\000"
 1184      206C6F6E 
 1184      6720696E 
 1184      7400
 1185              	.LASF9:
 1186 0063 5F5F7569 		.ascii	"__uint32_t\000"
 1186      6E743332 
 1186      5F7400
 1187              	.LASF73:
 1188 006e 433A5C55 		.ascii	"C:\\Users\\Roland\\source\\KeilIDE\\LPC1113_GCC_Kei"
 1188      73657273 
 1188      5C526F6C 
 1188      616E645C 
 1188      736F7572 
 1189 009c 6C5F426C 		.ascii	"l_Blinky\000"
 1189      696E6B79 
 1189      00
 1190              	.LASF13:
 1191 00a5 53595350 		.ascii	"SYSPLLCTRL\000"
 1191      4C4C4354 
 1191      524C00
 1192              	.LASF69:
 1193 00b0 53797374 		.ascii	"SystemAHBFrequency\000"
 1193      656D4148 
 1193      42467265 
 1193      7175656E 
 1193      637900
 1194              	.LASF31:
 1195 00c3 53535030 		.ascii	"SSP0CLKDIV\000"
 1195      434C4B44 
 1195      495600
 1196              	.LASF15:
 1197 00ce 52455345 		.ascii	"RESERVED0\000"
ARM GAS  C:\Users\Roland\AppData\Local\Temp\ccQrwlvS.s 			page 26


 1197      52564544 
 1197      3000
 1198              	.LASF74:
 1199 00d8 53797374 		.ascii	"SystemInit\000"
 1199      656D496E 
 1199      697400
 1200              	.LASF21:
 1201 00e3 52455345 		.ascii	"RESERVED2\000"
 1201      52564544 
 1201      3200
 1202              	.LASF62:
 1203 00ed 50445255 		.ascii	"PDRUNCFG\000"
 1203      4E434647 
 1203      00
 1204              	.LASF30:
 1205 00f6 52455345 		.ascii	"RESERVED5\000"
 1205      52564544 
 1205      3500
 1206              	.LASF40:
 1207 0100 434C4B4F 		.ascii	"CLKOUTUEN\000"
 1207      55545545 
 1207      4E00
 1208              	.LASF0:
 1209 010a 7369676E 		.ascii	"signed char\000"
 1209      65642063 
 1209      68617200 
 1210              	.LASF65:
 1211 0116 4C50435F 		.ascii	"LPC_SYSCON_TypeDef\000"
 1211      53595343 
 1211      4F4E5F54 
 1211      79706544 
 1211      656600
 1212              	.LASF41:
 1213 0129 434C4B4F 		.ascii	"CLKOUTDIV\000"
 1213      55544449 
 1213      5600
 1214              	.LASF7:
 1215 0133 6C6F6E67 		.ascii	"long long unsigned int\000"
 1215      206C6F6E 
 1215      6720756E 
 1215      7369676E 
 1215      65642069 
 1216              	.LASF53:
 1217 014a 53544152 		.ascii	"STARTRSRP0CLR\000"
 1217      54525352 
 1217      5030434C 
 1217      5200
 1218              	.LASF46:
 1219 0158 424F4443 		.ascii	"BODCTRL\000"
 1219      54524C00 
 1220              	.LASF4:
 1221 0160 6C6F6E67 		.ascii	"long int\000"
 1221      20696E74 
 1221      00
 1222              	.LASF18:
 1223 0169 49524343 		.ascii	"IRCCTRL\000"
 1223      54524C00 
ARM GAS  C:\Users\Roland\AppData\Local\Temp\ccQrwlvS.s 			page 27


 1224              	.LASF26:
 1225 0171 4D41494E 		.ascii	"MAINCLKUEN\000"
 1225      434C4B55 
 1225      454E00
 1226              	.LASF59:
 1227 017c 52455345 		.ascii	"RESERVED17\000"
 1227      52564544 
 1227      313700
 1228              	.LASF1:
 1229 0187 756E7369 		.ascii	"unsigned char\000"
 1229      676E6564 
 1229      20636861 
 1229      7200
 1230              	.LASF45:
 1231 0195 52455345 		.ascii	"RESERVED10\000"
 1231      52564544 
 1231      313000
 1232              	.LASF75:
 1233 01a0 4D61696E 		.ascii	"Main_PLL_Setup\000"
 1233      5F504C4C 
 1233      5F536574 
 1233      757000
 1234              	.LASF48:
 1235 01af 52455345 		.ascii	"RESERVED13\000"
 1235      52564544 
 1235      313300
 1236              	.LASF50:
 1237 01ba 52455345 		.ascii	"RESERVED14\000"
 1237      52564544 
 1237      313400
 1238              	.LASF63:
 1239 01c5 52455345 		.ascii	"RESERVED15\000"
 1239      52564544 
 1239      313500
 1240              	.LASF70:
 1241 01d0 72656756 		.ascii	"regVal\000"
 1241      616C00
 1242              	.LASF67:
 1243 01d7 436C6F63 		.ascii	"ClockSource\000"
 1243      6B536F75 
 1243      72636500 
 1244              	.LASF10:
 1245 01e3 75696E74 		.ascii	"uint32_t\000"
 1245      33325F74 
 1245      00
 1246              	.LASF8:
 1247 01ec 756E7369 		.ascii	"unsigned int\000"
 1247      676E6564 
 1247      20696E74 
 1247      00
 1248              	.LASF32:
 1249 01f9 55415254 		.ascii	"UARTCLKDIV\000"
 1249      434C4B44 
 1249      495600
 1250              	.LASF5:
 1251 0204 6C6F6E67 		.ascii	"long unsigned int\000"
 1251      20756E73 
ARM GAS  C:\Users\Roland\AppData\Local\Temp\ccQrwlvS.s 			page 28


 1251      69676E65 
 1251      6420696E 
 1251      7400
 1252              	.LASF64:
 1253 0216 44455649 		.ascii	"DEVICE_ID\000"
 1253      43455F49 
 1253      4400
 1254              	.LASF68:
 1255 0220 53797374 		.ascii	"SystemFrequency\000"
 1255      656D4672 
 1255      65717565 
 1255      6E637900 
 1256              	.LASF3:
 1257 0230 73686F72 		.ascii	"short unsigned int\000"
 1257      7420756E 
 1257      7369676E 
 1257      65642069 
 1257      6E7400
 1258              	.LASF57:
 1259 0243 53544152 		.ascii	"STARTRSRP1CLR\000"
 1259      54525352 
 1259      5031434C 
 1259      5200
 1260              	.LASF23:
 1261 0251 53595350 		.ascii	"SYSPLLCLKUEN\000"
 1261      4C4C434C 
 1261      4B55454E 
 1261      00
 1262              	.LASF20:
 1263 025e 53595352 		.ascii	"SYSRSTSTAT\000"
 1263      53545354 
 1263      415400
 1264              	.LASF25:
 1265 0269 4D41494E 		.ascii	"MAINCLKSEL\000"
 1265      434C4B53 
 1265      454C00
 1266              	.LASF29:
 1267 0274 53595341 		.ascii	"SYSAHBCLKCTRL\000"
 1267      4842434C 
 1267      4B435452 
 1267      4C00
 1268              	.LASF72:
 1269 0282 53746172 		.ascii	"Startup/system_LPC11xx.c\000"
 1269      7475702F 
 1269      73797374 
 1269      656D5F4C 
 1269      50433131 
 1270              	.LASF66:
 1271 029b 53797374 		.ascii	"SystemCoreClock\000"
 1271      656D436F 
 1271      7265436C 
 1271      6F636B00 
 1272              	.LASF58:
 1273 02ab 53544152 		.ascii	"STARTSRP1\000"
 1273      54535250 
 1273      3100
 1274              	.LASF36:
ARM GAS  C:\Users\Roland\AppData\Local\Temp\ccQrwlvS.s 			page 29


 1275 02b5 57445443 		.ascii	"WDTCLKUEN\000"
 1275      4C4B5545 
 1275      4E00
 1276              	.LASF33:
 1277 02bf 53535031 		.ascii	"SSP1CLKDIV\000"
 1277      434C4B44 
 1277      495600
 1278              	.LASF19:
 1279 02ca 52455345 		.ascii	"RESERVED1\000"
 1279      52564544 
 1279      3100
 1280              	.LASF60:
 1281 02d4 5044534C 		.ascii	"PDSLEEPCFG\000"
 1281      45455043 
 1281      464700
 1282              	.LASF24:
 1283 02df 52455345 		.ascii	"RESERVED3\000"
 1283      52564544 
 1283      3300
 1284              	.LASF28:
 1285 02e9 52455345 		.ascii	"RESERVED4\000"
 1285      52564544 
 1285      3400
 1286              	.LASF39:
 1287 02f3 434C4B4F 		.ascii	"CLKOUTCLKSEL\000"
 1287      5554434C 
 1287      4B53454C 
 1287      00
 1288              	.LASF34:
 1289 0300 52455345 		.ascii	"RESERVED6\000"
 1289      52564544 
 1289      3600
 1290              	.LASF49:
 1291 030a 4E4D4953 		.ascii	"NMISRC\000"
 1291      524300
 1292              	.LASF38:
 1293 0311 52455345 		.ascii	"RESERVED8\000"
 1293      52564544 
 1293      3800
 1294              	.LASF42:
 1295 031b 52455345 		.ascii	"RESERVED9\000"
 1295      52564544 
 1295      3900
 1296              	.LASF37:
 1297 0325 57445443 		.ascii	"WDTCLKDIV\000"
 1297      4C4B4449 
 1297      5600
 1298              	.LASF61:
 1299 032f 50444157 		.ascii	"PDAWAKECFG\000"
 1299      414B4543 
 1299      464700
 1300              	.LASF14:
 1301 033a 53595350 		.ascii	"SYSPLLSTAT\000"
 1301      4C4C5354 
 1301      415400
 1302              	.LASF22:
 1303 0345 53595350 		.ascii	"SYSPLLCLKSEL\000"
ARM GAS  C:\Users\Roland\AppData\Local\Temp\ccQrwlvS.s 			page 30


 1303      4C4C434C 
 1303      4B53454C 
 1303      00
 1304              	.LASF27:
 1305 0352 53595341 		.ascii	"SYSAHBCLKDIV\000"
 1305      4842434C 
 1305      4B444956 
 1305      00
 1306              	.LASF51:
 1307 035f 53544152 		.ascii	"STARTAPRP0\000"
 1307      54415052 
 1307      503000
 1308              	.LASF12:
 1309 036a 50524553 		.ascii	"PRESETCTRL\000"
 1309      45544354 
 1309      524C00
 1310              	.LASF71:
 1311 0375 474E5520 		.ascii	"GNU C11 7.3.1 20180622 (release) [ARM/embedded-7-br"
 1311      43313120 
 1311      372E332E 
 1311      31203230 
 1311      31383036 
 1312 03a8 616E6368 		.ascii	"anch revision 261907] -mcpu=cortex-m0 -mthumb -mapc"
 1312      20726576 
 1312      6973696F 
 1312      6E203236 
 1312      31393037 
 1313 03db 732D6672 		.ascii	"s-frame -mthumb-interwork -gdwarf-2 -O\000"
 1313      616D6520 
 1313      2D6D7468 
 1313      756D622D 
 1313      696E7465 
 1314              	.LASF16:
 1315 0402 5359534F 		.ascii	"SYSOSCCTRL\000"
 1315      53434354 
 1315      524C00
 1316              	.LASF55:
 1317 040d 53544152 		.ascii	"STARTAPRP1\000"
 1317      54415052 
 1317      503100
 1318              	.LASF35:
 1319 0418 57445443 		.ascii	"WDTCLKSEL\000"
 1319      4C4B5345 
 1319      4C00
 1320              	.LASF47:
 1321 0422 53595354 		.ascii	"SYSTCKCAL\000"
 1321      434B4341 
 1321      4C00
 1322              		.ident	"GCC: (GNU Tools for Arm Embedded Processors 7-2018-q2-update) 7.3.1 20180622 (release) [AR
ARM GAS  C:\Users\Roland\AppData\Local\Temp\ccQrwlvS.s 			page 31


DEFINED SYMBOLS
                            *ABS*:00000000 system_LPC11xx.c
C:\Users\Roland\AppData\Local\Temp\ccQrwlvS.s:15     .text:00000000 $t
C:\Users\Roland\AppData\Local\Temp\ccQrwlvS.s:22     .text:00000000 Main_PLL_Setup
C:\Users\Roland\AppData\Local\Temp\ccQrwlvS.s:114    .text:00000068 $d
C:\Users\Roland\AppData\Local\Temp\ccQrwlvS.s:121    .text:00000078 $t
C:\Users\Roland\AppData\Local\Temp\ccQrwlvS.s:128    .text:00000078 SystemInit
C:\Users\Roland\AppData\Local\Temp\ccQrwlvS.s:177    .text:000000ac $d
C:\Users\Roland\AppData\Local\Temp\ccQrwlvS.s:197    .data:00000008 SystemAHBFrequency
C:\Users\Roland\AppData\Local\Temp\ccQrwlvS.s:193    .data:00000004 SystemFrequency
C:\Users\Roland\AppData\Local\Temp\ccQrwlvS.s:189    .data:00000000 ClockSource
C:\Users\Roland\AppData\Local\Temp\ccQrwlvS.s:185    .data:00000000 $d

NO UNDEFINED SYMBOLS
